<?xml version="1.0" encoding="UTF-8"?>
<!-- Generated by org.testng.reporters.JUnitXMLReporter -->
<testsuite ignored="0" hostname="LAP00395" failures="1" tests="1" name="cucumber" time="65.507" errors="0" timestamp="2024-02-29T10:29:24 IST">
  <testcase classname="io.cucumber.testng.AbstractTestNGCucumberTests" name="runScenario" time="64.417">
    <failure type="com.cztffa.exception.UXException" message="no such element: Unable to locate element: {&amp;quot;method&amp;quot;:&amp;quot;xpath&amp;quot;,&amp;quot;selector&amp;quot;:&amp;quot;//div[contains(text(), &amp;apos;Unsecured Loan&amp;apos;)]/parent::div[@class=&amp;apos;tf-product-card&amp;apos;]/following-sibling::div[@class=&amp;apos;card-footer&amp;apos;]/descendant::button[contains(text(), &amp;apos;Add to Cart&amp;apos;)]&amp;quot;}
No cause returned">
      <![CDATA[com.cztffa.exception.UXException: no such element: Unable to locate element: {"method":"xpath","selector":"//div[contains(text(), 'Unsecured Loan')]/parent::div[@class='tf-product-card']/following-sibling::div[@class='card-footer']/descendant::button[contains(text(), 'Add to Cart')]"}
No cause returned
at com.cztffa.driver.SeleniumUIDriver.createUXException(SeleniumUIDriver.java:143)
at com.cztffa.driver.SeleniumUIDriver.exceptionHandler(SeleniumUIDriver.java:93)
at com.cztffa.browseractions.BrowserActions.handleWebDriverException(BrowserActions.java:2155)
at com.cztffa.browseractions.BrowserActions.findElement(BrowserActions.java:2208)
at com.cztffa.cucumber.parallel.ProductStepDefinition.iClickOnProduct(ProductStepDefinition.java:101)
at âœ½.: I click on "unsecuredLoan" product(file:///D:/Automation/cucumber/src/test/resources/com/yfcu/cucumber/parallel/Product.feature:9)
]]>
    </failure>
  </testcase> <!-- runScenario -->
</testsuite> <!-- cucumber -->
