<?xml version="1.0" encoding="UTF-8"?>
<!-- Generated by org.testng.reporters.JUnitXMLReporter -->
<testsuite ignored="0" hostname="MAC-MMV96NHX0X" failures="1" tests="1" name="cucumber" time="100.021" errors="0" timestamp="2024-11-27T16:49:09 IST">
  <testcase classname="io.cucumber.testng.AbstractTestNGCucumberTests" name="runScenario" time="98.611">
    <failure type="com.cztffa.exception.UXException" message="Element &amp;lt;button class=&amp;quot;btn btn-primary d-block w-100 m-auto btn-lg mw-490 tf-step-action-next&amp;quot; type=&amp;quot;submit&amp;quot;&amp;gt; is not clickable at point (1055,740) because another element &amp;lt;div class=&amp;quot;tf-spinner-overlay&amp;quot;&amp;gt; obscures it
No cause returned">
      <![CDATA[com.cztffa.exception.UXException: Element <button class="btn btn-primary d-block w-100 m-auto btn-lg mw-490 tf-step-action-next" type="submit"> is not clickable at point (1055,740) because another element <div class="tf-spinner-overlay"> obscures it
No cause returned
at com.cztffa.driver.SeleniumUIDriver.createUXException(SeleniumUIDriver.java:143)
at com.cztffa.driver.SeleniumUIDriver.exceptionHandler(SeleniumUIDriver.java:93)
at com.cztffa.browseractions.BrowserActions.handleWebDriverException(BrowserActions.java:2155)
at com.cztffa.browseractions.BrowserActions.clickButton(BrowserActions.java:128)
at com.cztffa.cucumber.parallel.ProductStepDefinition.startApplication(ProductStepDefinition.java:206)
at âœ½.: click on start Application(file:///Users/ar185458/Downloads/cucumber/src/test/resources/com/cztffa/cucumber/consumer_digital_parallel/Review.feature:12)
]]>
    </failure>
  </testcase> <!-- runScenario -->
</testsuite> <!-- cucumber -->
