<?xml version="1.0" encoding="UTF-8"?>
<!-- Generated by org.testng.reporters.JUnitXMLReporter -->
<testsuite hostname="LAPTOP-KJOQ7211" ignored="0" name="cucumber" tests="25" failures="25" timestamp="2024-01-25T10:39:33 IST" time="21.267" errors="0">
  <testcase name="runScenario" time="7.606" classname="io.cucumber.testng.AbstractTestNGCucumberTests">
    <failure type="com.cztffa.exception.FrameworkException" message="Failed to launch Chrome - {}session not created: This version of ChromeDriver only supports Chrome version 114
Current browser version is 120.0.6099.225 with binary path C:\Program Files\Google\Chrome\Application\chrome.exe
Build info: version: &amp;apos;3.141.59&amp;apos;, revision: &amp;apos;e82be7d358&amp;apos;, time: &amp;apos;2018-11-14T08:17:03&amp;apos;
System info: host: &amp;apos;LAPTOP-KJOQ7211&amp;apos;, ip: &amp;apos;192.168.29.57&amp;apos;, os.name: &amp;apos;Windows 10&amp;apos;, os.arch: &amp;apos;amd64&amp;apos;, os.version: &amp;apos;10.0&amp;apos;, java.version: &amp;apos;1.8.0_202&amp;apos;
Driver info: driver.version: SeleniumUIDriver
remote stacktrace: Backtrace:
	GetHandleVerifier [0x0085A813+48355]
	(No symbol) [0x007EC4B1]
	(No symbol) [0x006F5358]
	(No symbol) [0x007161AC]
	(No symbol) [0x00711EF3]
	(No symbol) [0x00710579]
	(No symbol) [0x00740C55]
	(No symbol) [0x0074093C]
	(No symbol) [0x0073A536]
	(No symbol) [0x007182DC]
	(No symbol) [0x007193DD]
	GetHandleVerifier [0x00ABAABD+2539405]
	GetHandleVerifier [0x00AFA78F+2800735]
	GetHandleVerifier [0x00AF456C+2775612]
	GetHandleVerifier [0x008E51E0+616112]
	(No symbol) [0x007F5F8C]
	(No symbol) [0x007F2328]
	(No symbol) [0x007F240B]
	(No symbol) [0x007E4FF7]
	BaseThreadInitThunk [0x76837BA9+25]
	RtlInitializeExceptionChain [0x7751BD2B+107]
	RtlClearBits [0x7751BCAF+191]
">
      <![CDATA[com.cztffa.exception.FrameworkException: Failed to launch Chrome - {}session not created: This version of ChromeDriver only supports Chrome version 114
Current browser version is 120.0.6099.225 with binary path C:\Program Files\Google\Chrome\Application\chrome.exe
Build info: version: '3.141.59', revision: 'e82be7d358', time: '2018-11-14T08:17:03'
System info: host: 'LAPTOP-KJOQ7211', ip: '192.168.29.57', os.name: 'Windows 10', os.arch: 'amd64', os.version: '10.0', java.version: '1.8.0_202'
Driver info: driver.version: SeleniumUIDriver
remote stacktrace: Backtrace:
GetHandleVerifier [0x0085A813+48355]
(No symbol) [0x007EC4B1]
(No symbol) [0x006F5358]
(No symbol) [0x007161AC]
(No symbol) [0x00711EF3]
(No symbol) [0x00710579]
(No symbol) [0x00740C55]
(No symbol) [0x0074093C]
(No symbol) [0x0073A536]
(No symbol) [0x007182DC]
(No symbol) [0x007193DD]
GetHandleVerifier [0x00ABAABD+2539405]
GetHandleVerifier [0x00AFA78F+2800735]
GetHandleVerifier [0x00AF456C+2775612]
GetHandleVerifier [0x008E51E0+616112]
(No symbol) [0x007F5F8C]
(No symbol) [0x007F2328]
(No symbol) [0x007F240B]
(No symbol) [0x007E4FF7]
BaseThreadInitThunk [0x76837BA9+25]
RtlInitializeExceptionChain [0x7751BD2B+107]
RtlClearBits [0x7751BCAF+191]

at com.cztffa.application.ChromeWebApplication.launch(ChromeWebApplication.java:37)
at com.cztffa.application.ChromeWebApplication.launch(ChromeWebApplication.java:20)
at com.cztffa.driver.SeleniumUIDriver.launch(SeleniumUIDriver.java:33)
at com.cztffa.page.base.BasePage.launch(BasePage.java:62)
at com.cztffa.cucumber.parallel.ProductStepDefinition._i_am_at_the_home_page(ProductStepDefinition.java:56)
at ✽.: I am at the home page(file:///C:/Users/hp/Downloads/cztffa-Automation%20(2)/cztffa-Automation/scripts/cucumber/src/test/resources/com/cztffa/cucumber/parallel/MemberDiligence.feature:5)
]]>
    </failure>
  </testcase> <!-- runScenario -->
  <testcase name="runScenario" time="7.796" classname="io.cucumber.testng.AbstractTestNGCucumberTests">
    <failure type="com.cztffa.exception.FrameworkException" message="Failed to launch Chrome - {}session not created: This version of ChromeDriver only supports Chrome version 114
Current browser version is 120.0.6099.225 with binary path C:\Program Files\Google\Chrome\Application\chrome.exe
Build info: version: &amp;apos;3.141.59&amp;apos;, revision: &amp;apos;e82be7d358&amp;apos;, time: &amp;apos;2018-11-14T08:17:03&amp;apos;
System info: host: &amp;apos;LAPTOP-KJOQ7211&amp;apos;, ip: &amp;apos;192.168.29.57&amp;apos;, os.name: &amp;apos;Windows 10&amp;apos;, os.arch: &amp;apos;amd64&amp;apos;, os.version: &amp;apos;10.0&amp;apos;, java.version: &amp;apos;1.8.0_202&amp;apos;
Driver info: driver.version: SeleniumUIDriver
remote stacktrace: Backtrace:
	GetHandleVerifier [0x0085A813+48355]
	(No symbol) [0x007EC4B1]
	(No symbol) [0x006F5358]
	(No symbol) [0x007161AC]
	(No symbol) [0x00711EF3]
	(No symbol) [0x00710579]
	(No symbol) [0x00740C55]
	(No symbol) [0x0074093C]
	(No symbol) [0x0073A536]
	(No symbol) [0x007182DC]
	(No symbol) [0x007193DD]
	GetHandleVerifier [0x00ABAABD+2539405]
	GetHandleVerifier [0x00AFA78F+2800735]
	GetHandleVerifier [0x00AF456C+2775612]
	GetHandleVerifier [0x008E51E0+616112]
	(No symbol) [0x007F5F8C]
	(No symbol) [0x007F2328]
	(No symbol) [0x007F240B]
	(No symbol) [0x007E4FF7]
	BaseThreadInitThunk [0x76837BA9+25]
	RtlInitializeExceptionChain [0x7751BD2B+107]
	RtlClearBits [0x7751BCAF+191]
">
      <![CDATA[com.cztffa.exception.FrameworkException: Failed to launch Chrome - {}session not created: This version of ChromeDriver only supports Chrome version 114
Current browser version is 120.0.6099.225 with binary path C:\Program Files\Google\Chrome\Application\chrome.exe
Build info: version: '3.141.59', revision: 'e82be7d358', time: '2018-11-14T08:17:03'
System info: host: 'LAPTOP-KJOQ7211', ip: '192.168.29.57', os.name: 'Windows 10', os.arch: 'amd64', os.version: '10.0', java.version: '1.8.0_202'
Driver info: driver.version: SeleniumUIDriver
remote stacktrace: Backtrace:
GetHandleVerifier [0x0085A813+48355]
(No symbol) [0x007EC4B1]
(No symbol) [0x006F5358]
(No symbol) [0x007161AC]
(No symbol) [0x00711EF3]
(No symbol) [0x00710579]
(No symbol) [0x00740C55]
(No symbol) [0x0074093C]
(No symbol) [0x0073A536]
(No symbol) [0x007182DC]
(No symbol) [0x007193DD]
GetHandleVerifier [0x00ABAABD+2539405]
GetHandleVerifier [0x00AFA78F+2800735]
GetHandleVerifier [0x00AF456C+2775612]
GetHandleVerifier [0x008E51E0+616112]
(No symbol) [0x007F5F8C]
(No symbol) [0x007F2328]
(No symbol) [0x007F240B]
(No symbol) [0x007E4FF7]
BaseThreadInitThunk [0x76837BA9+25]
RtlInitializeExceptionChain [0x7751BD2B+107]
RtlClearBits [0x7751BCAF+191]

at com.cztffa.application.ChromeWebApplication.launch(ChromeWebApplication.java:37)
at com.cztffa.application.ChromeWebApplication.launch(ChromeWebApplication.java:20)
at com.cztffa.driver.SeleniumUIDriver.launch(SeleniumUIDriver.java:33)
at com.cztffa.page.base.BasePage.launch(BasePage.java:62)
at com.cztffa.cucumber.parallel.ProductStepDefinition._i_am_at_the_home_page(ProductStepDefinition.java:56)
at ✽.: I am at the home page(file:///C:/Users/hp/Downloads/cztffa-Automation%20(2)/cztffa-Automation/scripts/cucumber/src/test/resources/com/cztffa/cucumber/parallel/AccountDetails.feature:5)
]]>
    </failure>
  </testcase> <!-- runScenario -->
  <testcase name="runScenario" time="7.882" classname="io.cucumber.testng.AbstractTestNGCucumberTests">
    <failure type="com.cztffa.exception.FrameworkException" message="Failed to launch Chrome - {}session not created: This version of ChromeDriver only supports Chrome version 114
Current browser version is 120.0.6099.225 with binary path C:\Program Files\Google\Chrome\Application\chrome.exe
Build info: version: &amp;apos;3.141.59&amp;apos;, revision: &amp;apos;e82be7d358&amp;apos;, time: &amp;apos;2018-11-14T08:17:03&amp;apos;
System info: host: &amp;apos;LAPTOP-KJOQ7211&amp;apos;, ip: &amp;apos;192.168.29.57&amp;apos;, os.name: &amp;apos;Windows 10&amp;apos;, os.arch: &amp;apos;amd64&amp;apos;, os.version: &amp;apos;10.0&amp;apos;, java.version: &amp;apos;1.8.0_202&amp;apos;
Driver info: driver.version: SeleniumUIDriver
remote stacktrace: Backtrace:
	GetHandleVerifier [0x0085A813+48355]
	(No symbol) [0x007EC4B1]
	(No symbol) [0x006F5358]
	(No symbol) [0x007161AC]
	(No symbol) [0x00711EF3]
	(No symbol) [0x00710579]
	(No symbol) [0x00740C55]
	(No symbol) [0x0074093C]
	(No symbol) [0x0073A536]
	(No symbol) [0x007182DC]
	(No symbol) [0x007193DD]
	GetHandleVerifier [0x00ABAABD+2539405]
	GetHandleVerifier [0x00AFA78F+2800735]
	GetHandleVerifier [0x00AF456C+2775612]
	GetHandleVerifier [0x008E51E0+616112]
	(No symbol) [0x007F5F8C]
	(No symbol) [0x007F2328]
	(No symbol) [0x007F240B]
	(No symbol) [0x007E4FF7]
	BaseThreadInitThunk [0x76837BA9+25]
	RtlInitializeExceptionChain [0x7751BD2B+107]
	RtlClearBits [0x7751BCAF+191]
">
      <![CDATA[com.cztffa.exception.FrameworkException: Failed to launch Chrome - {}session not created: This version of ChromeDriver only supports Chrome version 114
Current browser version is 120.0.6099.225 with binary path C:\Program Files\Google\Chrome\Application\chrome.exe
Build info: version: '3.141.59', revision: 'e82be7d358', time: '2018-11-14T08:17:03'
System info: host: 'LAPTOP-KJOQ7211', ip: '192.168.29.57', os.name: 'Windows 10', os.arch: 'amd64', os.version: '10.0', java.version: '1.8.0_202'
Driver info: driver.version: SeleniumUIDriver
remote stacktrace: Backtrace:
GetHandleVerifier [0x0085A813+48355]
(No symbol) [0x007EC4B1]
(No symbol) [0x006F5358]
(No symbol) [0x007161AC]
(No symbol) [0x00711EF3]
(No symbol) [0x00710579]
(No symbol) [0x00740C55]
(No symbol) [0x0074093C]
(No symbol) [0x0073A536]
(No symbol) [0x007182DC]
(No symbol) [0x007193DD]
GetHandleVerifier [0x00ABAABD+2539405]
GetHandleVerifier [0x00AFA78F+2800735]
GetHandleVerifier [0x00AF456C+2775612]
GetHandleVerifier [0x008E51E0+616112]
(No symbol) [0x007F5F8C]
(No symbol) [0x007F2328]
(No symbol) [0x007F240B]
(No symbol) [0x007E4FF7]
BaseThreadInitThunk [0x76837BA9+25]
RtlInitializeExceptionChain [0x7751BD2B+107]
RtlClearBits [0x7751BCAF+191]

at com.cztffa.application.ChromeWebApplication.launch(ChromeWebApplication.java:37)
at com.cztffa.application.ChromeWebApplication.launch(ChromeWebApplication.java:20)
at com.cztffa.driver.SeleniumUIDriver.launch(SeleniumUIDriver.java:33)
at com.cztffa.page.base.BasePage.launch(BasePage.java:62)
at com.cztffa.cucumber.parallel.ProductStepDefinition._i_am_at_the_home_page(ProductStepDefinition.java:56)
at ✽.: I am at the home page(file:///C:/Users/hp/Downloads/cztffa-Automation%20(2)/cztffa-Automation/scripts/cucumber/src/test/resources/com/cztffa/cucumber/parallel/Funding.feature:167)
]]>
    </failure>
  </testcase> <!-- runScenario -->
  <testcase name="runScenario" time="7.942" classname="io.cucumber.testng.AbstractTestNGCucumberTests">
    <failure type="com.cztffa.exception.FrameworkException" message="Failed to launch Chrome - {}session not created: This version of ChromeDriver only supports Chrome version 114
Current browser version is 120.0.6099.225 with binary path C:\Program Files\Google\Chrome\Application\chrome.exe
Build info: version: &amp;apos;3.141.59&amp;apos;, revision: &amp;apos;e82be7d358&amp;apos;, time: &amp;apos;2018-11-14T08:17:03&amp;apos;
System info: host: &amp;apos;LAPTOP-KJOQ7211&amp;apos;, ip: &amp;apos;192.168.29.57&amp;apos;, os.name: &amp;apos;Windows 10&amp;apos;, os.arch: &amp;apos;amd64&amp;apos;, os.version: &amp;apos;10.0&amp;apos;, java.version: &amp;apos;1.8.0_202&amp;apos;
Driver info: driver.version: SeleniumUIDriver
remote stacktrace: Backtrace:
	GetHandleVerifier [0x0085A813+48355]
	(No symbol) [0x007EC4B1]
	(No symbol) [0x006F5358]
	(No symbol) [0x007161AC]
	(No symbol) [0x00711EF3]
	(No symbol) [0x00710579]
	(No symbol) [0x00740C55]
	(No symbol) [0x0074093C]
	(No symbol) [0x0073A536]
	(No symbol) [0x007182DC]
	(No symbol) [0x007193DD]
	GetHandleVerifier [0x00ABAABD+2539405]
	GetHandleVerifier [0x00AFA78F+2800735]
	GetHandleVerifier [0x00AF456C+2775612]
	GetHandleVerifier [0x008E51E0+616112]
	(No symbol) [0x007F5F8C]
	(No symbol) [0x007F2328]
	(No symbol) [0x007F240B]
	(No symbol) [0x007E4FF7]
	BaseThreadInitThunk [0x76837BA9+25]
	RtlInitializeExceptionChain [0x7751BD2B+107]
	RtlClearBits [0x7751BCAF+191]
">
      <![CDATA[com.cztffa.exception.FrameworkException: Failed to launch Chrome - {}session not created: This version of ChromeDriver only supports Chrome version 114
Current browser version is 120.0.6099.225 with binary path C:\Program Files\Google\Chrome\Application\chrome.exe
Build info: version: '3.141.59', revision: 'e82be7d358', time: '2018-11-14T08:17:03'
System info: host: 'LAPTOP-KJOQ7211', ip: '192.168.29.57', os.name: 'Windows 10', os.arch: 'amd64', os.version: '10.0', java.version: '1.8.0_202'
Driver info: driver.version: SeleniumUIDriver
remote stacktrace: Backtrace:
GetHandleVerifier [0x0085A813+48355]
(No symbol) [0x007EC4B1]
(No symbol) [0x006F5358]
(No symbol) [0x007161AC]
(No symbol) [0x00711EF3]
(No symbol) [0x00710579]
(No symbol) [0x00740C55]
(No symbol) [0x0074093C]
(No symbol) [0x0073A536]
(No symbol) [0x007182DC]
(No symbol) [0x007193DD]
GetHandleVerifier [0x00ABAABD+2539405]
GetHandleVerifier [0x00AFA78F+2800735]
GetHandleVerifier [0x00AF456C+2775612]
GetHandleVerifier [0x008E51E0+616112]
(No symbol) [0x007F5F8C]
(No symbol) [0x007F2328]
(No symbol) [0x007F240B]
(No symbol) [0x007E4FF7]
BaseThreadInitThunk [0x76837BA9+25]
RtlInitializeExceptionChain [0x7751BD2B+107]
RtlClearBits [0x7751BCAF+191]

at com.cztffa.application.ChromeWebApplication.launch(ChromeWebApplication.java:37)
at com.cztffa.application.ChromeWebApplication.launch(ChromeWebApplication.java:20)
at com.cztffa.driver.SeleniumUIDriver.launch(SeleniumUIDriver.java:33)
at com.cztffa.page.base.BasePage.launch(BasePage.java:62)
at com.cztffa.cucumber.parallel.ProductStepDefinition._i_am_at_the_home_page(ProductStepDefinition.java:56)
at ✽.: I am at the home page(file:///C:/Users/hp/Downloads/cztffa-Automation%20(2)/cztffa-Automation/scripts/cucumber/src/test/resources/com/cztffa/cucumber/parallel/Funding.feature:89)
]]>
    </failure>
  </testcase> <!-- runScenario -->
  <testcase name="runScenario" time="7.951" classname="io.cucumber.testng.AbstractTestNGCucumberTests">
    <failure type="com.cztffa.exception.FrameworkException" message="Failed to launch Chrome - {}session not created: This version of ChromeDriver only supports Chrome version 114
Current browser version is 120.0.6099.225 with binary path C:\Program Files\Google\Chrome\Application\chrome.exe
Build info: version: &amp;apos;3.141.59&amp;apos;, revision: &amp;apos;e82be7d358&amp;apos;, time: &amp;apos;2018-11-14T08:17:03&amp;apos;
System info: host: &amp;apos;LAPTOP-KJOQ7211&amp;apos;, ip: &amp;apos;192.168.29.57&amp;apos;, os.name: &amp;apos;Windows 10&amp;apos;, os.arch: &amp;apos;amd64&amp;apos;, os.version: &amp;apos;10.0&amp;apos;, java.version: &amp;apos;1.8.0_202&amp;apos;
Driver info: driver.version: SeleniumUIDriver
remote stacktrace: Backtrace:
	GetHandleVerifier [0x0085A813+48355]
	(No symbol) [0x007EC4B1]
	(No symbol) [0x006F5358]
	(No symbol) [0x007161AC]
	(No symbol) [0x00711EF3]
	(No symbol) [0x00710579]
	(No symbol) [0x00740C55]
	(No symbol) [0x0074093C]
	(No symbol) [0x0073A536]
	(No symbol) [0x007182DC]
	(No symbol) [0x007193DD]
	GetHandleVerifier [0x00ABAABD+2539405]
	GetHandleVerifier [0x00AFA78F+2800735]
	GetHandleVerifier [0x00AF456C+2775612]
	GetHandleVerifier [0x008E51E0+616112]
	(No symbol) [0x007F5F8C]
	(No symbol) [0x007F2328]
	(No symbol) [0x007F240B]
	(No symbol) [0x007E4FF7]
	BaseThreadInitThunk [0x76837BA9+25]
	RtlInitializeExceptionChain [0x7751BD2B+107]
	RtlClearBits [0x7751BCAF+191]
">
      <![CDATA[com.cztffa.exception.FrameworkException: Failed to launch Chrome - {}session not created: This version of ChromeDriver only supports Chrome version 114
Current browser version is 120.0.6099.225 with binary path C:\Program Files\Google\Chrome\Application\chrome.exe
Build info: version: '3.141.59', revision: 'e82be7d358', time: '2018-11-14T08:17:03'
System info: host: 'LAPTOP-KJOQ7211', ip: '192.168.29.57', os.name: 'Windows 10', os.arch: 'amd64', os.version: '10.0', java.version: '1.8.0_202'
Driver info: driver.version: SeleniumUIDriver
remote stacktrace: Backtrace:
GetHandleVerifier [0x0085A813+48355]
(No symbol) [0x007EC4B1]
(No symbol) [0x006F5358]
(No symbol) [0x007161AC]
(No symbol) [0x00711EF3]
(No symbol) [0x00710579]
(No symbol) [0x00740C55]
(No symbol) [0x0074093C]
(No symbol) [0x0073A536]
(No symbol) [0x007182DC]
(No symbol) [0x007193DD]
GetHandleVerifier [0x00ABAABD+2539405]
GetHandleVerifier [0x00AFA78F+2800735]
GetHandleVerifier [0x00AF456C+2775612]
GetHandleVerifier [0x008E51E0+616112]
(No symbol) [0x007F5F8C]
(No symbol) [0x007F2328]
(No symbol) [0x007F240B]
(No symbol) [0x007E4FF7]
BaseThreadInitThunk [0x76837BA9+25]
RtlInitializeExceptionChain [0x7751BD2B+107]
RtlClearBits [0x7751BCAF+191]

at com.cztffa.application.ChromeWebApplication.launch(ChromeWebApplication.java:37)
at com.cztffa.application.ChromeWebApplication.launch(ChromeWebApplication.java:20)
at com.cztffa.driver.SeleniumUIDriver.launch(SeleniumUIDriver.java:33)
at com.cztffa.page.base.BasePage.launch(BasePage.java:62)
at com.cztffa.cucumber.parallel.ProductStepDefinition._i_am_at_the_home_page(ProductStepDefinition.java:56)
at ✽.: I am at the home page(file:///C:/Users/hp/Downloads/cztffa-Automation%20(2)/cztffa-Automation/scripts/cucumber/src/test/resources/com/cztffa/cucumber/parallel/Personal.feature:5)
]]>
    </failure>
  </testcase> <!-- runScenario -->
  <testcase name="runScenario" time="8.0" classname="io.cucumber.testng.AbstractTestNGCucumberTests">
    <failure type="com.cztffa.exception.FrameworkException" message="Failed to launch Chrome - {}session not created: This version of ChromeDriver only supports Chrome version 114
Current browser version is 120.0.6099.225 with binary path C:\Program Files\Google\Chrome\Application\chrome.exe
Build info: version: &amp;apos;3.141.59&amp;apos;, revision: &amp;apos;e82be7d358&amp;apos;, time: &amp;apos;2018-11-14T08:17:03&amp;apos;
System info: host: &amp;apos;LAPTOP-KJOQ7211&amp;apos;, ip: &amp;apos;192.168.29.57&amp;apos;, os.name: &amp;apos;Windows 10&amp;apos;, os.arch: &amp;apos;amd64&amp;apos;, os.version: &amp;apos;10.0&amp;apos;, java.version: &amp;apos;1.8.0_202&amp;apos;
Driver info: driver.version: SeleniumUIDriver
remote stacktrace: Backtrace:
	GetHandleVerifier [0x0085A813+48355]
	(No symbol) [0x007EC4B1]
	(No symbol) [0x006F5358]
	(No symbol) [0x007161AC]
	(No symbol) [0x00711EF3]
	(No symbol) [0x00710579]
	(No symbol) [0x00740C55]
	(No symbol) [0x0074093C]
	(No symbol) [0x0073A536]
	(No symbol) [0x007182DC]
	(No symbol) [0x007193DD]
	GetHandleVerifier [0x00ABAABD+2539405]
	GetHandleVerifier [0x00AFA78F+2800735]
	GetHandleVerifier [0x00AF456C+2775612]
	GetHandleVerifier [0x008E51E0+616112]
	(No symbol) [0x007F5F8C]
	(No symbol) [0x007F2328]
	(No symbol) [0x007F240B]
	(No symbol) [0x007E4FF7]
	BaseThreadInitThunk [0x76837BA9+25]
	RtlInitializeExceptionChain [0x7751BD2B+107]
	RtlClearBits [0x7751BCAF+191]
">
      <![CDATA[com.cztffa.exception.FrameworkException: Failed to launch Chrome - {}session not created: This version of ChromeDriver only supports Chrome version 114
Current browser version is 120.0.6099.225 with binary path C:\Program Files\Google\Chrome\Application\chrome.exe
Build info: version: '3.141.59', revision: 'e82be7d358', time: '2018-11-14T08:17:03'
System info: host: 'LAPTOP-KJOQ7211', ip: '192.168.29.57', os.name: 'Windows 10', os.arch: 'amd64', os.version: '10.0', java.version: '1.8.0_202'
Driver info: driver.version: SeleniumUIDriver
remote stacktrace: Backtrace:
GetHandleVerifier [0x0085A813+48355]
(No symbol) [0x007EC4B1]
(No symbol) [0x006F5358]
(No symbol) [0x007161AC]
(No symbol) [0x00711EF3]
(No symbol) [0x00710579]
(No symbol) [0x00740C55]
(No symbol) [0x0074093C]
(No symbol) [0x0073A536]
(No symbol) [0x007182DC]
(No symbol) [0x007193DD]
GetHandleVerifier [0x00ABAABD+2539405]
GetHandleVerifier [0x00AFA78F+2800735]
GetHandleVerifier [0x00AF456C+2775612]
GetHandleVerifier [0x008E51E0+616112]
(No symbol) [0x007F5F8C]
(No symbol) [0x007F2328]
(No symbol) [0x007F240B]
(No symbol) [0x007E4FF7]
BaseThreadInitThunk [0x76837BA9+25]
RtlInitializeExceptionChain [0x7751BD2B+107]
RtlClearBits [0x7751BCAF+191]

at com.cztffa.application.ChromeWebApplication.launch(ChromeWebApplication.java:37)
at com.cztffa.application.ChromeWebApplication.launch(ChromeWebApplication.java:20)
at com.cztffa.driver.SeleniumUIDriver.launch(SeleniumUIDriver.java:33)
at com.cztffa.page.base.BasePage.launch(BasePage.java:62)
at com.cztffa.cucumber.parallel.ProductStepDefinition._i_am_at_the_home_page(ProductStepDefinition.java:56)
at ✽.: I am at the home page(file:///C:/Users/hp/Downloads/cztffa-Automation%20(2)/cztffa-Automation/scripts/cucumber/src/test/resources/com/cztffa/cucumber/parallel/AccountDetails.feature:60)
]]>
    </failure>
  </testcase> <!-- runScenario -->
  <testcase name="runScenario" time="8.054" classname="io.cucumber.testng.AbstractTestNGCucumberTests">
    <failure type="com.cztffa.exception.FrameworkException" message="Failed to launch Chrome - {}session not created: This version of ChromeDriver only supports Chrome version 114
Current browser version is 120.0.6099.225 with binary path C:\Program Files\Google\Chrome\Application\chrome.exe
Build info: version: &amp;apos;3.141.59&amp;apos;, revision: &amp;apos;e82be7d358&amp;apos;, time: &amp;apos;2018-11-14T08:17:03&amp;apos;
System info: host: &amp;apos;LAPTOP-KJOQ7211&amp;apos;, ip: &amp;apos;192.168.29.57&amp;apos;, os.name: &amp;apos;Windows 10&amp;apos;, os.arch: &amp;apos;amd64&amp;apos;, os.version: &amp;apos;10.0&amp;apos;, java.version: &amp;apos;1.8.0_202&amp;apos;
Driver info: driver.version: SeleniumUIDriver
remote stacktrace: Backtrace:
	GetHandleVerifier [0x0085A813+48355]
	(No symbol) [0x007EC4B1]
	(No symbol) [0x006F5358]
	(No symbol) [0x007161AC]
	(No symbol) [0x00711EF3]
	(No symbol) [0x00710579]
	(No symbol) [0x00740C55]
	(No symbol) [0x0074093C]
	(No symbol) [0x0073A536]
	(No symbol) [0x007182DC]
	(No symbol) [0x007193DD]
	GetHandleVerifier [0x00ABAABD+2539405]
	GetHandleVerifier [0x00AFA78F+2800735]
	GetHandleVerifier [0x00AF456C+2775612]
	GetHandleVerifier [0x008E51E0+616112]
	(No symbol) [0x007F5F8C]
	(No symbol) [0x007F2328]
	(No symbol) [0x007F240B]
	(No symbol) [0x007E4FF7]
	BaseThreadInitThunk [0x76837BA9+25]
	RtlInitializeExceptionChain [0x7751BD2B+107]
	RtlClearBits [0x7751BCAF+191]
">
      <![CDATA[com.cztffa.exception.FrameworkException: Failed to launch Chrome - {}session not created: This version of ChromeDriver only supports Chrome version 114
Current browser version is 120.0.6099.225 with binary path C:\Program Files\Google\Chrome\Application\chrome.exe
Build info: version: '3.141.59', revision: 'e82be7d358', time: '2018-11-14T08:17:03'
System info: host: 'LAPTOP-KJOQ7211', ip: '192.168.29.57', os.name: 'Windows 10', os.arch: 'amd64', os.version: '10.0', java.version: '1.8.0_202'
Driver info: driver.version: SeleniumUIDriver
remote stacktrace: Backtrace:
GetHandleVerifier [0x0085A813+48355]
(No symbol) [0x007EC4B1]
(No symbol) [0x006F5358]
(No symbol) [0x007161AC]
(No symbol) [0x00711EF3]
(No symbol) [0x00710579]
(No symbol) [0x00740C55]
(No symbol) [0x0074093C]
(No symbol) [0x0073A536]
(No symbol) [0x007182DC]
(No symbol) [0x007193DD]
GetHandleVerifier [0x00ABAABD+2539405]
GetHandleVerifier [0x00AFA78F+2800735]
GetHandleVerifier [0x00AF456C+2775612]
GetHandleVerifier [0x008E51E0+616112]
(No symbol) [0x007F5F8C]
(No symbol) [0x007F2328]
(No symbol) [0x007F240B]
(No symbol) [0x007E4FF7]
BaseThreadInitThunk [0x76837BA9+25]
RtlInitializeExceptionChain [0x7751BD2B+107]
RtlClearBits [0x7751BCAF+191]

at com.cztffa.application.ChromeWebApplication.launch(ChromeWebApplication.java:37)
at com.cztffa.application.ChromeWebApplication.launch(ChromeWebApplication.java:20)
at com.cztffa.driver.SeleniumUIDriver.launch(SeleniumUIDriver.java:33)
at com.cztffa.page.base.BasePage.launch(BasePage.java:62)
at com.cztffa.cucumber.parallel.ProductStepDefinition._i_am_at_the_home_page(ProductStepDefinition.java:56)
at ✽.: I am at the home page(file:///C:/Users/hp/Downloads/cztffa-Automation%20(2)/cztffa-Automation/scripts/cucumber/src/test/resources/com/cztffa/cucumber/parallel/Funding.feature:5)
]]>
    </failure>
  </testcase> <!-- runScenario -->
  <testcase name="runScenario" time="8.391" classname="io.cucumber.testng.AbstractTestNGCucumberTests">
    <failure type="com.cztffa.exception.FrameworkException" message="Failed to launch Chrome - {}session not created: This version of ChromeDriver only supports Chrome version 114
Current browser version is 120.0.6099.225 with binary path C:\Program Files\Google\Chrome\Application\chrome.exe
Build info: version: &amp;apos;3.141.59&amp;apos;, revision: &amp;apos;e82be7d358&amp;apos;, time: &amp;apos;2018-11-14T08:17:03&amp;apos;
System info: host: &amp;apos;LAPTOP-KJOQ7211&amp;apos;, ip: &amp;apos;192.168.29.57&amp;apos;, os.name: &amp;apos;Windows 10&amp;apos;, os.arch: &amp;apos;amd64&amp;apos;, os.version: &amp;apos;10.0&amp;apos;, java.version: &amp;apos;1.8.0_202&amp;apos;
Driver info: driver.version: SeleniumUIDriver
remote stacktrace: Backtrace:
	GetHandleVerifier [0x0085A813+48355]
	(No symbol) [0x007EC4B1]
	(No symbol) [0x006F5358]
	(No symbol) [0x007161AC]
	(No symbol) [0x00711EF3]
	(No symbol) [0x00710579]
	(No symbol) [0x00740C55]
	(No symbol) [0x0074093C]
	(No symbol) [0x0073A536]
	(No symbol) [0x007182DC]
	(No symbol) [0x007193DD]
	GetHandleVerifier [0x00ABAABD+2539405]
	GetHandleVerifier [0x00AFA78F+2800735]
	GetHandleVerifier [0x00AF456C+2775612]
	GetHandleVerifier [0x008E51E0+616112]
	(No symbol) [0x007F5F8C]
	(No symbol) [0x007F2328]
	(No symbol) [0x007F240B]
	(No symbol) [0x007E4FF7]
	BaseThreadInitThunk [0x76837BA9+25]
	RtlInitializeExceptionChain [0x7751BD2B+107]
	RtlClearBits [0x7751BCAF+191]
">
      <![CDATA[com.cztffa.exception.FrameworkException: Failed to launch Chrome - {}session not created: This version of ChromeDriver only supports Chrome version 114
Current browser version is 120.0.6099.225 with binary path C:\Program Files\Google\Chrome\Application\chrome.exe
Build info: version: '3.141.59', revision: 'e82be7d358', time: '2018-11-14T08:17:03'
System info: host: 'LAPTOP-KJOQ7211', ip: '192.168.29.57', os.name: 'Windows 10', os.arch: 'amd64', os.version: '10.0', java.version: '1.8.0_202'
Driver info: driver.version: SeleniumUIDriver
remote stacktrace: Backtrace:
GetHandleVerifier [0x0085A813+48355]
(No symbol) [0x007EC4B1]
(No symbol) [0x006F5358]
(No symbol) [0x007161AC]
(No symbol) [0x00711EF3]
(No symbol) [0x00710579]
(No symbol) [0x00740C55]
(No symbol) [0x0074093C]
(No symbol) [0x0073A536]
(No symbol) [0x007182DC]
(No symbol) [0x007193DD]
GetHandleVerifier [0x00ABAABD+2539405]
GetHandleVerifier [0x00AFA78F+2800735]
GetHandleVerifier [0x00AF456C+2775612]
GetHandleVerifier [0x008E51E0+616112]
(No symbol) [0x007F5F8C]
(No symbol) [0x007F2328]
(No symbol) [0x007F240B]
(No symbol) [0x007E4FF7]
BaseThreadInitThunk [0x76837BA9+25]
RtlInitializeExceptionChain [0x7751BD2B+107]
RtlClearBits [0x7751BCAF+191]

at com.cztffa.application.ChromeWebApplication.launch(ChromeWebApplication.java:37)
at com.cztffa.application.ChromeWebApplication.launch(ChromeWebApplication.java:20)
at com.cztffa.driver.SeleniumUIDriver.launch(SeleniumUIDriver.java:33)
at com.cztffa.page.base.BasePage.launch(BasePage.java:62)
at com.cztffa.cucumber.parallel.ProductStepDefinition._i_am_at_the_home_page(ProductStepDefinition.java:56)
at ✽.: I am at the home page(file:///C:/Users/hp/Downloads/cztffa-Automation%20(2)/cztffa-Automation/scripts/cucumber/src/test/resources/com/cztffa/cucumber/parallel/AccountDetails.feature:238)
]]>
    </failure>
  </testcase> <!-- runScenario -->
  <testcase name="runScenario" time="8.422" classname="io.cucumber.testng.AbstractTestNGCucumberTests">
    <failure type="com.cztffa.exception.FrameworkException" message="Failed to launch Chrome - {}session not created: This version of ChromeDriver only supports Chrome version 114
Current browser version is 120.0.6099.225 with binary path C:\Program Files\Google\Chrome\Application\chrome.exe
Build info: version: &amp;apos;3.141.59&amp;apos;, revision: &amp;apos;e82be7d358&amp;apos;, time: &amp;apos;2018-11-14T08:17:03&amp;apos;
System info: host: &amp;apos;LAPTOP-KJOQ7211&amp;apos;, ip: &amp;apos;192.168.29.57&amp;apos;, os.name: &amp;apos;Windows 10&amp;apos;, os.arch: &amp;apos;amd64&amp;apos;, os.version: &amp;apos;10.0&amp;apos;, java.version: &amp;apos;1.8.0_202&amp;apos;
Driver info: driver.version: SeleniumUIDriver
remote stacktrace: Backtrace:
	GetHandleVerifier [0x0085A813+48355]
	(No symbol) [0x007EC4B1]
	(No symbol) [0x006F5358]
	(No symbol) [0x007161AC]
	(No symbol) [0x00711EF3]
	(No symbol) [0x00710579]
	(No symbol) [0x00740C55]
	(No symbol) [0x0074093C]
	(No symbol) [0x0073A536]
	(No symbol) [0x007182DC]
	(No symbol) [0x007193DD]
	GetHandleVerifier [0x00ABAABD+2539405]
	GetHandleVerifier [0x00AFA78F+2800735]
	GetHandleVerifier [0x00AF456C+2775612]
	GetHandleVerifier [0x008E51E0+616112]
	(No symbol) [0x007F5F8C]
	(No symbol) [0x007F2328]
	(No symbol) [0x007F240B]
	(No symbol) [0x007E4FF7]
	BaseThreadInitThunk [0x76837BA9+25]
	RtlInitializeExceptionChain [0x7751BD2B+107]
	RtlClearBits [0x7751BCAF+191]
">
      <![CDATA[com.cztffa.exception.FrameworkException: Failed to launch Chrome - {}session not created: This version of ChromeDriver only supports Chrome version 114
Current browser version is 120.0.6099.225 with binary path C:\Program Files\Google\Chrome\Application\chrome.exe
Build info: version: '3.141.59', revision: 'e82be7d358', time: '2018-11-14T08:17:03'
System info: host: 'LAPTOP-KJOQ7211', ip: '192.168.29.57', os.name: 'Windows 10', os.arch: 'amd64', os.version: '10.0', java.version: '1.8.0_202'
Driver info: driver.version: SeleniumUIDriver
remote stacktrace: Backtrace:
GetHandleVerifier [0x0085A813+48355]
(No symbol) [0x007EC4B1]
(No symbol) [0x006F5358]
(No symbol) [0x007161AC]
(No symbol) [0x00711EF3]
(No symbol) [0x00710579]
(No symbol) [0x00740C55]
(No symbol) [0x0074093C]
(No symbol) [0x0073A536]
(No symbol) [0x007182DC]
(No symbol) [0x007193DD]
GetHandleVerifier [0x00ABAABD+2539405]
GetHandleVerifier [0x00AFA78F+2800735]
GetHandleVerifier [0x00AF456C+2775612]
GetHandleVerifier [0x008E51E0+616112]
(No symbol) [0x007F5F8C]
(No symbol) [0x007F2328]
(No symbol) [0x007F240B]
(No symbol) [0x007E4FF7]
BaseThreadInitThunk [0x76837BA9+25]
RtlInitializeExceptionChain [0x7751BD2B+107]
RtlClearBits [0x7751BCAF+191]

at com.cztffa.application.ChromeWebApplication.launch(ChromeWebApplication.java:37)
at com.cztffa.application.ChromeWebApplication.launch(ChromeWebApplication.java:20)
at com.cztffa.driver.SeleniumUIDriver.launch(SeleniumUIDriver.java:33)
at com.cztffa.page.base.BasePage.launch(BasePage.java:62)
at com.cztffa.cucumber.parallel.ProductStepDefinition._i_am_at_the_home_page(ProductStepDefinition.java:56)
at ✽.: I am at the home page(file:///C:/Users/hp/Downloads/cztffa-Automation%20(2)/cztffa-Automation/scripts/cucumber/src/test/resources/com/cztffa/cucumber/parallel/AccountDetails.feature:115)
]]>
    </failure>
  </testcase> <!-- runScenario -->
  <testcase name="runScenario" time="8.698" classname="io.cucumber.testng.AbstractTestNGCucumberTests">
    <failure type="com.cztffa.exception.FrameworkException" message="Failed to launch Chrome - {}session not created: This version of ChromeDriver only supports Chrome version 114
Current browser version is 120.0.6099.225 with binary path C:\Program Files\Google\Chrome\Application\chrome.exe
Build info: version: &amp;apos;3.141.59&amp;apos;, revision: &amp;apos;e82be7d358&amp;apos;, time: &amp;apos;2018-11-14T08:17:03&amp;apos;
System info: host: &amp;apos;LAPTOP-KJOQ7211&amp;apos;, ip: &amp;apos;192.168.29.57&amp;apos;, os.name: &amp;apos;Windows 10&amp;apos;, os.arch: &amp;apos;amd64&amp;apos;, os.version: &amp;apos;10.0&amp;apos;, java.version: &amp;apos;1.8.0_202&amp;apos;
Driver info: driver.version: SeleniumUIDriver
remote stacktrace: Backtrace:
	GetHandleVerifier [0x0085A813+48355]
	(No symbol) [0x007EC4B1]
	(No symbol) [0x006F5358]
	(No symbol) [0x007161AC]
	(No symbol) [0x00711EF3]
	(No symbol) [0x00710579]
	(No symbol) [0x00740C55]
	(No symbol) [0x0074093C]
	(No symbol) [0x0073A536]
	(No symbol) [0x007182DC]
	(No symbol) [0x007193DD]
	GetHandleVerifier [0x00ABAABD+2539405]
	GetHandleVerifier [0x00AFA78F+2800735]
	GetHandleVerifier [0x00AF456C+2775612]
	GetHandleVerifier [0x008E51E0+616112]
	(No symbol) [0x007F5F8C]
	(No symbol) [0x007F2328]
	(No symbol) [0x007F240B]
	(No symbol) [0x007E4FF7]
	BaseThreadInitThunk [0x76837BA9+25]
	RtlInitializeExceptionChain [0x7751BD2B+107]
	RtlClearBits [0x7751BCAF+191]
">
      <![CDATA[com.cztffa.exception.FrameworkException: Failed to launch Chrome - {}session not created: This version of ChromeDriver only supports Chrome version 114
Current browser version is 120.0.6099.225 with binary path C:\Program Files\Google\Chrome\Application\chrome.exe
Build info: version: '3.141.59', revision: 'e82be7d358', time: '2018-11-14T08:17:03'
System info: host: 'LAPTOP-KJOQ7211', ip: '192.168.29.57', os.name: 'Windows 10', os.arch: 'amd64', os.version: '10.0', java.version: '1.8.0_202'
Driver info: driver.version: SeleniumUIDriver
remote stacktrace: Backtrace:
GetHandleVerifier [0x0085A813+48355]
(No symbol) [0x007EC4B1]
(No symbol) [0x006F5358]
(No symbol) [0x007161AC]
(No symbol) [0x00711EF3]
(No symbol) [0x00710579]
(No symbol) [0x00740C55]
(No symbol) [0x0074093C]
(No symbol) [0x0073A536]
(No symbol) [0x007182DC]
(No symbol) [0x007193DD]
GetHandleVerifier [0x00ABAABD+2539405]
GetHandleVerifier [0x00AFA78F+2800735]
GetHandleVerifier [0x00AF456C+2775612]
GetHandleVerifier [0x008E51E0+616112]
(No symbol) [0x007F5F8C]
(No symbol) [0x007F2328]
(No symbol) [0x007F240B]
(No symbol) [0x007E4FF7]
BaseThreadInitThunk [0x76837BA9+25]
RtlInitializeExceptionChain [0x7751BD2B+107]
RtlClearBits [0x7751BCAF+191]

at com.cztffa.application.ChromeWebApplication.launch(ChromeWebApplication.java:37)
at com.cztffa.application.ChromeWebApplication.launch(ChromeWebApplication.java:20)
at com.cztffa.driver.SeleniumUIDriver.launch(SeleniumUIDriver.java:33)
at com.cztffa.page.base.BasePage.launch(BasePage.java:62)
at com.cztffa.cucumber.parallel.ProductStepDefinition._i_am_at_the_home_page(ProductStepDefinition.java:56)
at ✽.: I am at the home page(file:///C:/Users/hp/Downloads/cztffa-Automation%20(2)/cztffa-Automation/scripts/cucumber/src/test/resources/com/cztffa/cucumber/parallel/AccountDetails.feature:170)
]]>
    </failure>
  </testcase> <!-- runScenario -->
  <testcase name="runScenario" time="4.379" classname="io.cucumber.testng.AbstractTestNGCucumberTests">
    <failure type="com.cztffa.exception.FrameworkException" message="Failed to launch Chrome - {}session not created: This version of ChromeDriver only supports Chrome version 114
Current browser version is 120.0.6099.225 with binary path C:\Program Files\Google\Chrome\Application\chrome.exe
Build info: version: &amp;apos;3.141.59&amp;apos;, revision: &amp;apos;e82be7d358&amp;apos;, time: &amp;apos;2018-11-14T08:17:03&amp;apos;
System info: host: &amp;apos;LAPTOP-KJOQ7211&amp;apos;, ip: &amp;apos;192.168.29.57&amp;apos;, os.name: &amp;apos;Windows 10&amp;apos;, os.arch: &amp;apos;amd64&amp;apos;, os.version: &amp;apos;10.0&amp;apos;, java.version: &amp;apos;1.8.0_202&amp;apos;
Driver info: driver.version: SeleniumUIDriver
remote stacktrace: Backtrace:
	GetHandleVerifier [0x0085A813+48355]
	(No symbol) [0x007EC4B1]
	(No symbol) [0x006F5358]
	(No symbol) [0x007161AC]
	(No symbol) [0x00711EF3]
	(No symbol) [0x00710579]
	(No symbol) [0x00740C55]
	(No symbol) [0x0074093C]
	(No symbol) [0x0073A536]
	(No symbol) [0x007182DC]
	(No symbol) [0x007193DD]
	GetHandleVerifier [0x00ABAABD+2539405]
	GetHandleVerifier [0x00AFA78F+2800735]
	GetHandleVerifier [0x00AF456C+2775612]
	GetHandleVerifier [0x008E51E0+616112]
	(No symbol) [0x007F5F8C]
	(No symbol) [0x007F2328]
	(No symbol) [0x007F240B]
	(No symbol) [0x007E4FF7]
	BaseThreadInitThunk [0x76837BA9+25]
	RtlInitializeExceptionChain [0x7751BD2B+107]
	RtlClearBits [0x7751BCAF+191]
">
      <![CDATA[com.cztffa.exception.FrameworkException: Failed to launch Chrome - {}session not created: This version of ChromeDriver only supports Chrome version 114
Current browser version is 120.0.6099.225 with binary path C:\Program Files\Google\Chrome\Application\chrome.exe
Build info: version: '3.141.59', revision: 'e82be7d358', time: '2018-11-14T08:17:03'
System info: host: 'LAPTOP-KJOQ7211', ip: '192.168.29.57', os.name: 'Windows 10', os.arch: 'amd64', os.version: '10.0', java.version: '1.8.0_202'
Driver info: driver.version: SeleniumUIDriver
remote stacktrace: Backtrace:
GetHandleVerifier [0x0085A813+48355]
(No symbol) [0x007EC4B1]
(No symbol) [0x006F5358]
(No symbol) [0x007161AC]
(No symbol) [0x00711EF3]
(No symbol) [0x00710579]
(No symbol) [0x00740C55]
(No symbol) [0x0074093C]
(No symbol) [0x0073A536]
(No symbol) [0x007182DC]
(No symbol) [0x007193DD]
GetHandleVerifier [0x00ABAABD+2539405]
GetHandleVerifier [0x00AFA78F+2800735]
GetHandleVerifier [0x00AF456C+2775612]
GetHandleVerifier [0x008E51E0+616112]
(No symbol) [0x007F5F8C]
(No symbol) [0x007F2328]
(No symbol) [0x007F240B]
(No symbol) [0x007E4FF7]
BaseThreadInitThunk [0x76837BA9+25]
RtlInitializeExceptionChain [0x7751BD2B+107]
RtlClearBits [0x7751BCAF+191]

at com.cztffa.application.ChromeWebApplication.launch(ChromeWebApplication.java:37)
at com.cztffa.application.ChromeWebApplication.launch(ChromeWebApplication.java:20)
at com.cztffa.driver.SeleniumUIDriver.launch(SeleniumUIDriver.java:33)
at com.cztffa.page.base.BasePage.launch(BasePage.java:62)
at com.cztffa.cucumber.parallel.ProductStepDefinition._i_am_at_the_home_page(ProductStepDefinition.java:56)
at ✽.: I am at the home page(file:///C:/Users/hp/Downloads/cztffa-Automation%20(2)/cztffa-Automation/scripts/cucumber/src/test/resources/com/cztffa/cucumber/parallel/Personal.feature:51)
]]>
    </failure>
  </testcase> <!-- runScenario -->
  <testcase name="runScenario" time="5.292" classname="io.cucumber.testng.AbstractTestNGCucumberTests">
    <failure type="com.cztffa.exception.FrameworkException" message="Failed to launch Chrome - {}session not created: This version of ChromeDriver only supports Chrome version 114
Current browser version is 120.0.6099.225 with binary path C:\Program Files\Google\Chrome\Application\chrome.exe
Build info: version: &amp;apos;3.141.59&amp;apos;, revision: &amp;apos;e82be7d358&amp;apos;, time: &amp;apos;2018-11-14T08:17:03&amp;apos;
System info: host: &amp;apos;LAPTOP-KJOQ7211&amp;apos;, ip: &amp;apos;192.168.29.57&amp;apos;, os.name: &amp;apos;Windows 10&amp;apos;, os.arch: &amp;apos;amd64&amp;apos;, os.version: &amp;apos;10.0&amp;apos;, java.version: &amp;apos;1.8.0_202&amp;apos;
Driver info: driver.version: SeleniumUIDriver
remote stacktrace: Backtrace:
	GetHandleVerifier [0x0085A813+48355]
	(No symbol) [0x007EC4B1]
	(No symbol) [0x006F5358]
	(No symbol) [0x007161AC]
	(No symbol) [0x00711EF3]
	(No symbol) [0x00710579]
	(No symbol) [0x00740C55]
	(No symbol) [0x0074093C]
	(No symbol) [0x0073A536]
	(No symbol) [0x007182DC]
	(No symbol) [0x007193DD]
	GetHandleVerifier [0x00ABAABD+2539405]
	GetHandleVerifier [0x00AFA78F+2800735]
	GetHandleVerifier [0x00AF456C+2775612]
	GetHandleVerifier [0x008E51E0+616112]
	(No symbol) [0x007F5F8C]
	(No symbol) [0x007F2328]
	(No symbol) [0x007F240B]
	(No symbol) [0x007E4FF7]
	BaseThreadInitThunk [0x76837BA9+25]
	RtlInitializeExceptionChain [0x7751BD2B+107]
	RtlClearBits [0x7751BCAF+191]
">
      <![CDATA[com.cztffa.exception.FrameworkException: Failed to launch Chrome - {}session not created: This version of ChromeDriver only supports Chrome version 114
Current browser version is 120.0.6099.225 with binary path C:\Program Files\Google\Chrome\Application\chrome.exe
Build info: version: '3.141.59', revision: 'e82be7d358', time: '2018-11-14T08:17:03'
System info: host: 'LAPTOP-KJOQ7211', ip: '192.168.29.57', os.name: 'Windows 10', os.arch: 'amd64', os.version: '10.0', java.version: '1.8.0_202'
Driver info: driver.version: SeleniumUIDriver
remote stacktrace: Backtrace:
GetHandleVerifier [0x0085A813+48355]
(No symbol) [0x007EC4B1]
(No symbol) [0x006F5358]
(No symbol) [0x007161AC]
(No symbol) [0x00711EF3]
(No symbol) [0x00710579]
(No symbol) [0x00740C55]
(No symbol) [0x0074093C]
(No symbol) [0x0073A536]
(No symbol) [0x007182DC]
(No symbol) [0x007193DD]
GetHandleVerifier [0x00ABAABD+2539405]
GetHandleVerifier [0x00AFA78F+2800735]
GetHandleVerifier [0x00AF456C+2775612]
GetHandleVerifier [0x008E51E0+616112]
(No symbol) [0x007F5F8C]
(No symbol) [0x007F2328]
(No symbol) [0x007F240B]
(No symbol) [0x007E4FF7]
BaseThreadInitThunk [0x76837BA9+25]
RtlInitializeExceptionChain [0x7751BD2B+107]
RtlClearBits [0x7751BCAF+191]

at com.cztffa.application.ChromeWebApplication.launch(ChromeWebApplication.java:37)
at com.cztffa.application.ChromeWebApplication.launch(ChromeWebApplication.java:20)
at com.cztffa.driver.SeleniumUIDriver.launch(SeleniumUIDriver.java:33)
at com.cztffa.page.base.BasePage.launch(BasePage.java:62)
at com.cztffa.cucumber.parallel.ProductStepDefinition._i_am_at_the_home_page(ProductStepDefinition.java:56)
at ✽.: I am at the home page(file:///C:/Users/hp/Downloads/cztffa-Automation%20(2)/cztffa-Automation/scripts/cucumber/src/test/resources/com/cztffa/cucumber/parallel/Personal.feature:143)
]]>
    </failure>
  </testcase> <!-- runScenario -->
  <testcase name="runScenario" time="5.935" classname="io.cucumber.testng.AbstractTestNGCucumberTests">
    <failure type="com.cztffa.exception.FrameworkException" message="Failed to launch Chrome - {}session not created: This version of ChromeDriver only supports Chrome version 114
Current browser version is 120.0.6099.225 with binary path C:\Program Files\Google\Chrome\Application\chrome.exe
Build info: version: &amp;apos;3.141.59&amp;apos;, revision: &amp;apos;e82be7d358&amp;apos;, time: &amp;apos;2018-11-14T08:17:03&amp;apos;
System info: host: &amp;apos;LAPTOP-KJOQ7211&amp;apos;, ip: &amp;apos;192.168.29.57&amp;apos;, os.name: &amp;apos;Windows 10&amp;apos;, os.arch: &amp;apos;amd64&amp;apos;, os.version: &amp;apos;10.0&amp;apos;, java.version: &amp;apos;1.8.0_202&amp;apos;
Driver info: driver.version: SeleniumUIDriver
remote stacktrace: Backtrace:
	GetHandleVerifier [0x0085A813+48355]
	(No symbol) [0x007EC4B1]
	(No symbol) [0x006F5358]
	(No symbol) [0x007161AC]
	(No symbol) [0x00711EF3]
	(No symbol) [0x00710579]
	(No symbol) [0x00740C55]
	(No symbol) [0x0074093C]
	(No symbol) [0x0073A536]
	(No symbol) [0x007182DC]
	(No symbol) [0x007193DD]
	GetHandleVerifier [0x00ABAABD+2539405]
	GetHandleVerifier [0x00AFA78F+2800735]
	GetHandleVerifier [0x00AF456C+2775612]
	GetHandleVerifier [0x008E51E0+616112]
	(No symbol) [0x007F5F8C]
	(No symbol) [0x007F2328]
	(No symbol) [0x007F240B]
	(No symbol) [0x007E4FF7]
	BaseThreadInitThunk [0x76837BA9+25]
	RtlInitializeExceptionChain [0x7751BD2B+107]
	RtlClearBits [0x7751BCAF+191]
">
      <![CDATA[com.cztffa.exception.FrameworkException: Failed to launch Chrome - {}session not created: This version of ChromeDriver only supports Chrome version 114
Current browser version is 120.0.6099.225 with binary path C:\Program Files\Google\Chrome\Application\chrome.exe
Build info: version: '3.141.59', revision: 'e82be7d358', time: '2018-11-14T08:17:03'
System info: host: 'LAPTOP-KJOQ7211', ip: '192.168.29.57', os.name: 'Windows 10', os.arch: 'amd64', os.version: '10.0', java.version: '1.8.0_202'
Driver info: driver.version: SeleniumUIDriver
remote stacktrace: Backtrace:
GetHandleVerifier [0x0085A813+48355]
(No symbol) [0x007EC4B1]
(No symbol) [0x006F5358]
(No symbol) [0x007161AC]
(No symbol) [0x00711EF3]
(No symbol) [0x00710579]
(No symbol) [0x00740C55]
(No symbol) [0x0074093C]
(No symbol) [0x0073A536]
(No symbol) [0x007182DC]
(No symbol) [0x007193DD]
GetHandleVerifier [0x00ABAABD+2539405]
GetHandleVerifier [0x00AFA78F+2800735]
GetHandleVerifier [0x00AF456C+2775612]
GetHandleVerifier [0x008E51E0+616112]
(No symbol) [0x007F5F8C]
(No symbol) [0x007F2328]
(No symbol) [0x007F240B]
(No symbol) [0x007E4FF7]
BaseThreadInitThunk [0x76837BA9+25]
RtlInitializeExceptionChain [0x7751BD2B+107]
RtlClearBits [0x7751BCAF+191]

at com.cztffa.application.ChromeWebApplication.launch(ChromeWebApplication.java:37)
at com.cztffa.application.ChromeWebApplication.launch(ChromeWebApplication.java:20)
at com.cztffa.driver.SeleniumUIDriver.launch(SeleniumUIDriver.java:33)
at com.cztffa.page.base.BasePage.launch(BasePage.java:62)
at com.cztffa.cucumber.parallel.ProductStepDefinition._i_am_at_the_home_page(ProductStepDefinition.java:56)
at ✽.: I am at the home page(file:///C:/Users/hp/Downloads/cztffa-Automation%20(2)/cztffa-Automation/scripts/cucumber/src/test/resources/com/cztffa/cucumber/parallel/Personal.feature:97)
]]>
    </failure>
  </testcase> <!-- runScenario -->
  <testcase name="runScenario" time="6.291" classname="io.cucumber.testng.AbstractTestNGCucumberTests">
    <failure type="com.cztffa.exception.FrameworkException" message="Failed to launch Chrome - {}session not created: This version of ChromeDriver only supports Chrome version 114
Current browser version is 120.0.6099.225 with binary path C:\Program Files\Google\Chrome\Application\chrome.exe
Build info: version: &amp;apos;3.141.59&amp;apos;, revision: &amp;apos;e82be7d358&amp;apos;, time: &amp;apos;2018-11-14T08:17:03&amp;apos;
System info: host: &amp;apos;LAPTOP-KJOQ7211&amp;apos;, ip: &amp;apos;192.168.29.57&amp;apos;, os.name: &amp;apos;Windows 10&amp;apos;, os.arch: &amp;apos;amd64&amp;apos;, os.version: &amp;apos;10.0&amp;apos;, java.version: &amp;apos;1.8.0_202&amp;apos;
Driver info: driver.version: SeleniumUIDriver
remote stacktrace: Backtrace:
	GetHandleVerifier [0x0085A813+48355]
	(No symbol) [0x007EC4B1]
	(No symbol) [0x006F5358]
	(No symbol) [0x007161AC]
	(No symbol) [0x00711EF3]
	(No symbol) [0x00710579]
	(No symbol) [0x00740C55]
	(No symbol) [0x0074093C]
	(No symbol) [0x0073A536]
	(No symbol) [0x007182DC]
	(No symbol) [0x007193DD]
	GetHandleVerifier [0x00ABAABD+2539405]
	GetHandleVerifier [0x00AFA78F+2800735]
	GetHandleVerifier [0x00AF456C+2775612]
	GetHandleVerifier [0x008E51E0+616112]
	(No symbol) [0x007F5F8C]
	(No symbol) [0x007F2328]
	(No symbol) [0x007F240B]
	(No symbol) [0x007E4FF7]
	BaseThreadInitThunk [0x76837BA9+25]
	RtlInitializeExceptionChain [0x7751BD2B+107]
	RtlClearBits [0x7751BCAF+191]
">
      <![CDATA[com.cztffa.exception.FrameworkException: Failed to launch Chrome - {}session not created: This version of ChromeDriver only supports Chrome version 114
Current browser version is 120.0.6099.225 with binary path C:\Program Files\Google\Chrome\Application\chrome.exe
Build info: version: '3.141.59', revision: 'e82be7d358', time: '2018-11-14T08:17:03'
System info: host: 'LAPTOP-KJOQ7211', ip: '192.168.29.57', os.name: 'Windows 10', os.arch: 'amd64', os.version: '10.0', java.version: '1.8.0_202'
Driver info: driver.version: SeleniumUIDriver
remote stacktrace: Backtrace:
GetHandleVerifier [0x0085A813+48355]
(No symbol) [0x007EC4B1]
(No symbol) [0x006F5358]
(No symbol) [0x007161AC]
(No symbol) [0x00711EF3]
(No symbol) [0x00710579]
(No symbol) [0x00740C55]
(No symbol) [0x0074093C]
(No symbol) [0x0073A536]
(No symbol) [0x007182DC]
(No symbol) [0x007193DD]
GetHandleVerifier [0x00ABAABD+2539405]
GetHandleVerifier [0x00AFA78F+2800735]
GetHandleVerifier [0x00AF456C+2775612]
GetHandleVerifier [0x008E51E0+616112]
(No symbol) [0x007F5F8C]
(No symbol) [0x007F2328]
(No symbol) [0x007F240B]
(No symbol) [0x007E4FF7]
BaseThreadInitThunk [0x76837BA9+25]
RtlInitializeExceptionChain [0x7751BD2B+107]
RtlClearBits [0x7751BCAF+191]

at com.cztffa.application.ChromeWebApplication.launch(ChromeWebApplication.java:37)
at com.cztffa.application.ChromeWebApplication.launch(ChromeWebApplication.java:20)
at com.cztffa.driver.SeleniumUIDriver.launch(SeleniumUIDriver.java:33)
at com.cztffa.page.base.BasePage.launch(BasePage.java:62)
at com.cztffa.cucumber.parallel.ProductStepDefinition._i_am_at_the_home_page(ProductStepDefinition.java:56)
at ✽.: I am at the home page(file:///C:/Users/hp/Downloads/cztffa-Automation%20(2)/cztffa-Automation/scripts/cucumber/src/test/resources/com/cztffa/cucumber/parallel/Personal.feature:283)
]]>
    </failure>
  </testcase> <!-- runScenario -->
  <testcase name="runScenario" time="6.523" classname="io.cucumber.testng.AbstractTestNGCucumberTests">
    <failure type="com.cztffa.exception.FrameworkException" message="Failed to launch Chrome - {}session not created: This version of ChromeDriver only supports Chrome version 114
Current browser version is 120.0.6099.225 with binary path C:\Program Files\Google\Chrome\Application\chrome.exe
Build info: version: &amp;apos;3.141.59&amp;apos;, revision: &amp;apos;e82be7d358&amp;apos;, time: &amp;apos;2018-11-14T08:17:03&amp;apos;
System info: host: &amp;apos;LAPTOP-KJOQ7211&amp;apos;, ip: &amp;apos;192.168.29.57&amp;apos;, os.name: &amp;apos;Windows 10&amp;apos;, os.arch: &amp;apos;amd64&amp;apos;, os.version: &amp;apos;10.0&amp;apos;, java.version: &amp;apos;1.8.0_202&amp;apos;
Driver info: driver.version: SeleniumUIDriver
remote stacktrace: Backtrace:
	GetHandleVerifier [0x0085A813+48355]
	(No symbol) [0x007EC4B1]
	(No symbol) [0x006F5358]
	(No symbol) [0x007161AC]
	(No symbol) [0x00711EF3]
	(No symbol) [0x00710579]
	(No symbol) [0x00740C55]
	(No symbol) [0x0074093C]
	(No symbol) [0x0073A536]
	(No symbol) [0x007182DC]
	(No symbol) [0x007193DD]
	GetHandleVerifier [0x00ABAABD+2539405]
	GetHandleVerifier [0x00AFA78F+2800735]
	GetHandleVerifier [0x00AF456C+2775612]
	GetHandleVerifier [0x008E51E0+616112]
	(No symbol) [0x007F5F8C]
	(No symbol) [0x007F2328]
	(No symbol) [0x007F240B]
	(No symbol) [0x007E4FF7]
	BaseThreadInitThunk [0x76837BA9+25]
	RtlInitializeExceptionChain [0x7751BD2B+107]
	RtlClearBits [0x7751BCAF+191]
">
      <![CDATA[com.cztffa.exception.FrameworkException: Failed to launch Chrome - {}session not created: This version of ChromeDriver only supports Chrome version 114
Current browser version is 120.0.6099.225 with binary path C:\Program Files\Google\Chrome\Application\chrome.exe
Build info: version: '3.141.59', revision: 'e82be7d358', time: '2018-11-14T08:17:03'
System info: host: 'LAPTOP-KJOQ7211', ip: '192.168.29.57', os.name: 'Windows 10', os.arch: 'amd64', os.version: '10.0', java.version: '1.8.0_202'
Driver info: driver.version: SeleniumUIDriver
remote stacktrace: Backtrace:
GetHandleVerifier [0x0085A813+48355]
(No symbol) [0x007EC4B1]
(No symbol) [0x006F5358]
(No symbol) [0x007161AC]
(No symbol) [0x00711EF3]
(No symbol) [0x00710579]
(No symbol) [0x00740C55]
(No symbol) [0x0074093C]
(No symbol) [0x0073A536]
(No symbol) [0x007182DC]
(No symbol) [0x007193DD]
GetHandleVerifier [0x00ABAABD+2539405]
GetHandleVerifier [0x00AFA78F+2800735]
GetHandleVerifier [0x00AF456C+2775612]
GetHandleVerifier [0x008E51E0+616112]
(No symbol) [0x007F5F8C]
(No symbol) [0x007F2328]
(No symbol) [0x007F240B]
(No symbol) [0x007E4FF7]
BaseThreadInitThunk [0x76837BA9+25]
RtlInitializeExceptionChain [0x7751BD2B+107]
RtlClearBits [0x7751BCAF+191]

at com.cztffa.application.ChromeWebApplication.launch(ChromeWebApplication.java:37)
at com.cztffa.application.ChromeWebApplication.launch(ChromeWebApplication.java:20)
at com.cztffa.driver.SeleniumUIDriver.launch(SeleniumUIDriver.java:33)
at com.cztffa.page.base.BasePage.launch(BasePage.java:62)
at com.cztffa.cucumber.parallel.ProductStepDefinition._i_am_at_the_home_page(ProductStepDefinition.java:56)
at ✽.: I am at the home page(file:///C:/Users/hp/Downloads/cztffa-Automation%20(2)/cztffa-Automation/scripts/cucumber/src/test/resources/com/cztffa/cucumber/parallel/Personal.feature:235)
]]>
    </failure>
  </testcase> <!-- runScenario -->
  <testcase name="runScenario" time="7.598" classname="io.cucumber.testng.AbstractTestNGCucumberTests">
    <failure type="com.cztffa.exception.FrameworkException" message="Failed to launch Chrome - {}session not created: This version of ChromeDriver only supports Chrome version 114
Current browser version is 120.0.6099.225 with binary path C:\Program Files\Google\Chrome\Application\chrome.exe
Build info: version: &amp;apos;3.141.59&amp;apos;, revision: &amp;apos;e82be7d358&amp;apos;, time: &amp;apos;2018-11-14T08:17:03&amp;apos;
System info: host: &amp;apos;LAPTOP-KJOQ7211&amp;apos;, ip: &amp;apos;192.168.29.57&amp;apos;, os.name: &amp;apos;Windows 10&amp;apos;, os.arch: &amp;apos;amd64&amp;apos;, os.version: &amp;apos;10.0&amp;apos;, java.version: &amp;apos;1.8.0_202&amp;apos;
Driver info: driver.version: SeleniumUIDriver
remote stacktrace: Backtrace:
	GetHandleVerifier [0x0085A813+48355]
	(No symbol) [0x007EC4B1]
	(No symbol) [0x006F5358]
	(No symbol) [0x007161AC]
	(No symbol) [0x00711EF3]
	(No symbol) [0x00710579]
	(No symbol) [0x00740C55]
	(No symbol) [0x0074093C]
	(No symbol) [0x0073A536]
	(No symbol) [0x007182DC]
	(No symbol) [0x007193DD]
	GetHandleVerifier [0x00ABAABD+2539405]
	GetHandleVerifier [0x00AFA78F+2800735]
	GetHandleVerifier [0x00AF456C+2775612]
	GetHandleVerifier [0x008E51E0+616112]
	(No symbol) [0x007F5F8C]
	(No symbol) [0x007F2328]
	(No symbol) [0x007F240B]
	(No symbol) [0x007E4FF7]
	BaseThreadInitThunk [0x76837BA9+25]
	RtlInitializeExceptionChain [0x7751BD2B+107]
	RtlClearBits [0x7751BCAF+191]
">
      <![CDATA[com.cztffa.exception.FrameworkException: Failed to launch Chrome - {}session not created: This version of ChromeDriver only supports Chrome version 114
Current browser version is 120.0.6099.225 with binary path C:\Program Files\Google\Chrome\Application\chrome.exe
Build info: version: '3.141.59', revision: 'e82be7d358', time: '2018-11-14T08:17:03'
System info: host: 'LAPTOP-KJOQ7211', ip: '192.168.29.57', os.name: 'Windows 10', os.arch: 'amd64', os.version: '10.0', java.version: '1.8.0_202'
Driver info: driver.version: SeleniumUIDriver
remote stacktrace: Backtrace:
GetHandleVerifier [0x0085A813+48355]
(No symbol) [0x007EC4B1]
(No symbol) [0x006F5358]
(No symbol) [0x007161AC]
(No symbol) [0x00711EF3]
(No symbol) [0x00710579]
(No symbol) [0x00740C55]
(No symbol) [0x0074093C]
(No symbol) [0x0073A536]
(No symbol) [0x007182DC]
(No symbol) [0x007193DD]
GetHandleVerifier [0x00ABAABD+2539405]
GetHandleVerifier [0x00AFA78F+2800735]
GetHandleVerifier [0x00AF456C+2775612]
GetHandleVerifier [0x008E51E0+616112]
(No symbol) [0x007F5F8C]
(No symbol) [0x007F2328]
(No symbol) [0x007F240B]
(No symbol) [0x007E4FF7]
BaseThreadInitThunk [0x76837BA9+25]
RtlInitializeExceptionChain [0x7751BD2B+107]
RtlClearBits [0x7751BCAF+191]

at com.cztffa.application.ChromeWebApplication.launch(ChromeWebApplication.java:37)
at com.cztffa.application.ChromeWebApplication.launch(ChromeWebApplication.java:20)
at com.cztffa.driver.SeleniumUIDriver.launch(SeleniumUIDriver.java:33)
at com.cztffa.page.base.BasePage.launch(BasePage.java:62)
at com.cztffa.cucumber.parallel.ProductStepDefinition._i_am_at_the_home_page(ProductStepDefinition.java:56)
at ✽.: I am at the home page(file:///C:/Users/hp/Downloads/cztffa-Automation%20(2)/cztffa-Automation/scripts/cucumber/src/test/resources/com/cztffa/cucumber/parallel/Personal.feature:189)
]]>
    </failure>
  </testcase> <!-- runScenario -->
  <testcase name="runScenario" time="7.517" classname="io.cucumber.testng.AbstractTestNGCucumberTests">
    <failure type="com.cztffa.exception.FrameworkException" message="Failed to launch Chrome - {}session not created: This version of ChromeDriver only supports Chrome version 114
Current browser version is 120.0.6099.225 with binary path C:\Program Files\Google\Chrome\Application\chrome.exe
Build info: version: &amp;apos;3.141.59&amp;apos;, revision: &amp;apos;e82be7d358&amp;apos;, time: &amp;apos;2018-11-14T08:17:03&amp;apos;
System info: host: &amp;apos;LAPTOP-KJOQ7211&amp;apos;, ip: &amp;apos;192.168.29.57&amp;apos;, os.name: &amp;apos;Windows 10&amp;apos;, os.arch: &amp;apos;amd64&amp;apos;, os.version: &amp;apos;10.0&amp;apos;, java.version: &amp;apos;1.8.0_202&amp;apos;
Driver info: driver.version: SeleniumUIDriver
remote stacktrace: Backtrace:
	GetHandleVerifier [0x0085A813+48355]
	(No symbol) [0x007EC4B1]
	(No symbol) [0x006F5358]
	(No symbol) [0x007161AC]
	(No symbol) [0x00711EF3]
	(No symbol) [0x00710579]
	(No symbol) [0x00740C55]
	(No symbol) [0x0074093C]
	(No symbol) [0x0073A536]
	(No symbol) [0x007182DC]
	(No symbol) [0x007193DD]
	GetHandleVerifier [0x00ABAABD+2539405]
	GetHandleVerifier [0x00AFA78F+2800735]
	GetHandleVerifier [0x00AF456C+2775612]
	GetHandleVerifier [0x008E51E0+616112]
	(No symbol) [0x007F5F8C]
	(No symbol) [0x007F2328]
	(No symbol) [0x007F240B]
	(No symbol) [0x007E4FF7]
	BaseThreadInitThunk [0x76837BA9+25]
	RtlInitializeExceptionChain [0x7751BD2B+107]
	RtlClearBits [0x7751BCAF+191]
">
      <![CDATA[com.cztffa.exception.FrameworkException: Failed to launch Chrome - {}session not created: This version of ChromeDriver only supports Chrome version 114
Current browser version is 120.0.6099.225 with binary path C:\Program Files\Google\Chrome\Application\chrome.exe
Build info: version: '3.141.59', revision: 'e82be7d358', time: '2018-11-14T08:17:03'
System info: host: 'LAPTOP-KJOQ7211', ip: '192.168.29.57', os.name: 'Windows 10', os.arch: 'amd64', os.version: '10.0', java.version: '1.8.0_202'
Driver info: driver.version: SeleniumUIDriver
remote stacktrace: Backtrace:
GetHandleVerifier [0x0085A813+48355]
(No symbol) [0x007EC4B1]
(No symbol) [0x006F5358]
(No symbol) [0x007161AC]
(No symbol) [0x00711EF3]
(No symbol) [0x00710579]
(No symbol) [0x00740C55]
(No symbol) [0x0074093C]
(No symbol) [0x0073A536]
(No symbol) [0x007182DC]
(No symbol) [0x007193DD]
GetHandleVerifier [0x00ABAABD+2539405]
GetHandleVerifier [0x00AFA78F+2800735]
GetHandleVerifier [0x00AF456C+2775612]
GetHandleVerifier [0x008E51E0+616112]
(No symbol) [0x007F5F8C]
(No symbol) [0x007F2328]
(No symbol) [0x007F240B]
(No symbol) [0x007E4FF7]
BaseThreadInitThunk [0x76837BA9+25]
RtlInitializeExceptionChain [0x7751BD2B+107]
RtlClearBits [0x7751BCAF+191]

at com.cztffa.application.ChromeWebApplication.launch(ChromeWebApplication.java:37)
at com.cztffa.application.ChromeWebApplication.launch(ChromeWebApplication.java:20)
at com.cztffa.driver.SeleniumUIDriver.launch(SeleniumUIDriver.java:33)
at com.cztffa.page.base.BasePage.launch(BasePage.java:62)
at com.cztffa.cucumber.parallel.ProductStepDefinition._i_am_at_the_home_page(ProductStepDefinition.java:56)
at ✽.: I am at the home page(file:///C:/Users/hp/Downloads/cztffa-Automation%20(2)/cztffa-Automation/scripts/cucumber/src/test/resources/com/cztffa/cucumber/parallel/Personal.feature:331)
]]>
    </failure>
  </testcase> <!-- runScenario -->
  <testcase name="runScenario" time="7.511" classname="io.cucumber.testng.AbstractTestNGCucumberTests">
    <failure type="com.cztffa.exception.FrameworkException" message="Failed to launch Chrome - {}session not created: This version of ChromeDriver only supports Chrome version 114
Current browser version is 120.0.6099.225 with binary path C:\Program Files\Google\Chrome\Application\chrome.exe
Build info: version: &amp;apos;3.141.59&amp;apos;, revision: &amp;apos;e82be7d358&amp;apos;, time: &amp;apos;2018-11-14T08:17:03&amp;apos;
System info: host: &amp;apos;LAPTOP-KJOQ7211&amp;apos;, ip: &amp;apos;192.168.29.57&amp;apos;, os.name: &amp;apos;Windows 10&amp;apos;, os.arch: &amp;apos;amd64&amp;apos;, os.version: &amp;apos;10.0&amp;apos;, java.version: &amp;apos;1.8.0_202&amp;apos;
Driver info: driver.version: SeleniumUIDriver
remote stacktrace: Backtrace:
	GetHandleVerifier [0x0085A813+48355]
	(No symbol) [0x007EC4B1]
	(No symbol) [0x006F5358]
	(No symbol) [0x007161AC]
	(No symbol) [0x00711EF3]
	(No symbol) [0x00710579]
	(No symbol) [0x00740C55]
	(No symbol) [0x0074093C]
	(No symbol) [0x0073A536]
	(No symbol) [0x007182DC]
	(No symbol) [0x007193DD]
	GetHandleVerifier [0x00ABAABD+2539405]
	GetHandleVerifier [0x00AFA78F+2800735]
	GetHandleVerifier [0x00AF456C+2775612]
	GetHandleVerifier [0x008E51E0+616112]
	(No symbol) [0x007F5F8C]
	(No symbol) [0x007F2328]
	(No symbol) [0x007F240B]
	(No symbol) [0x007E4FF7]
	BaseThreadInitThunk [0x76837BA9+25]
	RtlInitializeExceptionChain [0x7751BD2B+107]
	RtlClearBits [0x7751BCAF+191]
">
      <![CDATA[com.cztffa.exception.FrameworkException: Failed to launch Chrome - {}session not created: This version of ChromeDriver only supports Chrome version 114
Current browser version is 120.0.6099.225 with binary path C:\Program Files\Google\Chrome\Application\chrome.exe
Build info: version: '3.141.59', revision: 'e82be7d358', time: '2018-11-14T08:17:03'
System info: host: 'LAPTOP-KJOQ7211', ip: '192.168.29.57', os.name: 'Windows 10', os.arch: 'amd64', os.version: '10.0', java.version: '1.8.0_202'
Driver info: driver.version: SeleniumUIDriver
remote stacktrace: Backtrace:
GetHandleVerifier [0x0085A813+48355]
(No symbol) [0x007EC4B1]
(No symbol) [0x006F5358]
(No symbol) [0x007161AC]
(No symbol) [0x00711EF3]
(No symbol) [0x00710579]
(No symbol) [0x00740C55]
(No symbol) [0x0074093C]
(No symbol) [0x0073A536]
(No symbol) [0x007182DC]
(No symbol) [0x007193DD]
GetHandleVerifier [0x00ABAABD+2539405]
GetHandleVerifier [0x00AFA78F+2800735]
GetHandleVerifier [0x00AF456C+2775612]
GetHandleVerifier [0x008E51E0+616112]
(No symbol) [0x007F5F8C]
(No symbol) [0x007F2328]
(No symbol) [0x007F240B]
(No symbol) [0x007E4FF7]
BaseThreadInitThunk [0x76837BA9+25]
RtlInitializeExceptionChain [0x7751BD2B+107]
RtlClearBits [0x7751BCAF+191]

at com.cztffa.application.ChromeWebApplication.launch(ChromeWebApplication.java:37)
at com.cztffa.application.ChromeWebApplication.launch(ChromeWebApplication.java:20)
at com.cztffa.driver.SeleniumUIDriver.launch(SeleniumUIDriver.java:33)
at com.cztffa.page.base.BasePage.launch(BasePage.java:62)
at com.cztffa.cucumber.parallel.ProductStepDefinition._i_am_at_the_home_page(ProductStepDefinition.java:56)
at ✽.: I am at the home page(file:///C:/Users/hp/Downloads/cztffa-Automation%20(2)/cztffa-Automation/scripts/cucumber/src/test/resources/com/cztffa/cucumber/parallel/Personal.feature:379)
]]>
    </failure>
  </testcase> <!-- runScenario -->
  <testcase name="runScenario" time="7.331" classname="io.cucumber.testng.AbstractTestNGCucumberTests">
    <failure type="com.cztffa.exception.FrameworkException" message="Failed to launch Chrome - {}session not created: This version of ChromeDriver only supports Chrome version 114
Current browser version is 120.0.6099.225 with binary path C:\Program Files\Google\Chrome\Application\chrome.exe
Build info: version: &amp;apos;3.141.59&amp;apos;, revision: &amp;apos;e82be7d358&amp;apos;, time: &amp;apos;2018-11-14T08:17:03&amp;apos;
System info: host: &amp;apos;LAPTOP-KJOQ7211&amp;apos;, ip: &amp;apos;192.168.29.57&amp;apos;, os.name: &amp;apos;Windows 10&amp;apos;, os.arch: &amp;apos;amd64&amp;apos;, os.version: &amp;apos;10.0&amp;apos;, java.version: &amp;apos;1.8.0_202&amp;apos;
Driver info: driver.version: SeleniumUIDriver
remote stacktrace: Backtrace:
	GetHandleVerifier [0x0085A813+48355]
	(No symbol) [0x007EC4B1]
	(No symbol) [0x006F5358]
	(No symbol) [0x007161AC]
	(No symbol) [0x00711EF3]
	(No symbol) [0x00710579]
	(No symbol) [0x00740C55]
	(No symbol) [0x0074093C]
	(No symbol) [0x0073A536]
	(No symbol) [0x007182DC]
	(No symbol) [0x007193DD]
	GetHandleVerifier [0x00ABAABD+2539405]
	GetHandleVerifier [0x00AFA78F+2800735]
	GetHandleVerifier [0x00AF456C+2775612]
	GetHandleVerifier [0x008E51E0+616112]
	(No symbol) [0x007F5F8C]
	(No symbol) [0x007F2328]
	(No symbol) [0x007F240B]
	(No symbol) [0x007E4FF7]
	BaseThreadInitThunk [0x76837BA9+25]
	RtlInitializeExceptionChain [0x7751BD2B+107]
	RtlClearBits [0x7751BCAF+191]
">
      <![CDATA[com.cztffa.exception.FrameworkException: Failed to launch Chrome - {}session not created: This version of ChromeDriver only supports Chrome version 114
Current browser version is 120.0.6099.225 with binary path C:\Program Files\Google\Chrome\Application\chrome.exe
Build info: version: '3.141.59', revision: 'e82be7d358', time: '2018-11-14T08:17:03'
System info: host: 'LAPTOP-KJOQ7211', ip: '192.168.29.57', os.name: 'Windows 10', os.arch: 'amd64', os.version: '10.0', java.version: '1.8.0_202'
Driver info: driver.version: SeleniumUIDriver
remote stacktrace: Backtrace:
GetHandleVerifier [0x0085A813+48355]
(No symbol) [0x007EC4B1]
(No symbol) [0x006F5358]
(No symbol) [0x007161AC]
(No symbol) [0x00711EF3]
(No symbol) [0x00710579]
(No symbol) [0x00740C55]
(No symbol) [0x0074093C]
(No symbol) [0x0073A536]
(No symbol) [0x007182DC]
(No symbol) [0x007193DD]
GetHandleVerifier [0x00ABAABD+2539405]
GetHandleVerifier [0x00AFA78F+2800735]
GetHandleVerifier [0x00AF456C+2775612]
GetHandleVerifier [0x008E51E0+616112]
(No symbol) [0x007F5F8C]
(No symbol) [0x007F2328]
(No symbol) [0x007F240B]
(No symbol) [0x007E4FF7]
BaseThreadInitThunk [0x76837BA9+25]
RtlInitializeExceptionChain [0x7751BD2B+107]
RtlClearBits [0x7751BCAF+191]

at com.cztffa.application.ChromeWebApplication.launch(ChromeWebApplication.java:37)
at com.cztffa.application.ChromeWebApplication.launch(ChromeWebApplication.java:20)
at com.cztffa.driver.SeleniumUIDriver.launch(SeleniumUIDriver.java:33)
at com.cztffa.page.base.BasePage.launch(BasePage.java:62)
at com.cztffa.cucumber.parallel.ProductStepDefinition._i_am_at_the_home_page(ProductStepDefinition.java:56)
at ✽.: I am at the home page(file:///C:/Users/hp/Downloads/cztffa-Automation%20(2)/cztffa-Automation/scripts/cucumber/src/test/resources/com/cztffa/cucumber/parallel/Product.feature:21)
]]>
    </failure>
  </testcase> <!-- runScenario -->
  <testcase name="runScenario" time="7.629" classname="io.cucumber.testng.AbstractTestNGCucumberTests">
    <failure type="com.cztffa.exception.FrameworkException" message="Failed to launch Chrome - {}session not created: This version of ChromeDriver only supports Chrome version 114
Current browser version is 120.0.6099.225 with binary path C:\Program Files\Google\Chrome\Application\chrome.exe
Build info: version: &amp;apos;3.141.59&amp;apos;, revision: &amp;apos;e82be7d358&amp;apos;, time: &amp;apos;2018-11-14T08:17:03&amp;apos;
System info: host: &amp;apos;LAPTOP-KJOQ7211&amp;apos;, ip: &amp;apos;192.168.29.57&amp;apos;, os.name: &amp;apos;Windows 10&amp;apos;, os.arch: &amp;apos;amd64&amp;apos;, os.version: &amp;apos;10.0&amp;apos;, java.version: &amp;apos;1.8.0_202&amp;apos;
Driver info: driver.version: SeleniumUIDriver
remote stacktrace: Backtrace:
	GetHandleVerifier [0x0085A813+48355]
	(No symbol) [0x007EC4B1]
	(No symbol) [0x006F5358]
	(No symbol) [0x007161AC]
	(No symbol) [0x00711EF3]
	(No symbol) [0x00710579]
	(No symbol) [0x00740C55]
	(No symbol) [0x0074093C]
	(No symbol) [0x0073A536]
	(No symbol) [0x007182DC]
	(No symbol) [0x007193DD]
	GetHandleVerifier [0x00ABAABD+2539405]
	GetHandleVerifier [0x00AFA78F+2800735]
	GetHandleVerifier [0x00AF456C+2775612]
	GetHandleVerifier [0x008E51E0+616112]
	(No symbol) [0x007F5F8C]
	(No symbol) [0x007F2328]
	(No symbol) [0x007F240B]
	(No symbol) [0x007E4FF7]
	BaseThreadInitThunk [0x76837BA9+25]
	RtlInitializeExceptionChain [0x7751BD2B+107]
	RtlClearBits [0x7751BCAF+191]
">
      <![CDATA[com.cztffa.exception.FrameworkException: Failed to launch Chrome - {}session not created: This version of ChromeDriver only supports Chrome version 114
Current browser version is 120.0.6099.225 with binary path C:\Program Files\Google\Chrome\Application\chrome.exe
Build info: version: '3.141.59', revision: 'e82be7d358', time: '2018-11-14T08:17:03'
System info: host: 'LAPTOP-KJOQ7211', ip: '192.168.29.57', os.name: 'Windows 10', os.arch: 'amd64', os.version: '10.0', java.version: '1.8.0_202'
Driver info: driver.version: SeleniumUIDriver
remote stacktrace: Backtrace:
GetHandleVerifier [0x0085A813+48355]
(No symbol) [0x007EC4B1]
(No symbol) [0x006F5358]
(No symbol) [0x007161AC]
(No symbol) [0x00711EF3]
(No symbol) [0x00710579]
(No symbol) [0x00740C55]
(No symbol) [0x0074093C]
(No symbol) [0x0073A536]
(No symbol) [0x007182DC]
(No symbol) [0x007193DD]
GetHandleVerifier [0x00ABAABD+2539405]
GetHandleVerifier [0x00AFA78F+2800735]
GetHandleVerifier [0x00AF456C+2775612]
GetHandleVerifier [0x008E51E0+616112]
(No symbol) [0x007F5F8C]
(No symbol) [0x007F2328]
(No symbol) [0x007F240B]
(No symbol) [0x007E4FF7]
BaseThreadInitThunk [0x76837BA9+25]
RtlInitializeExceptionChain [0x7751BD2B+107]
RtlClearBits [0x7751BCAF+191]

at com.cztffa.application.ChromeWebApplication.launch(ChromeWebApplication.java:37)
at com.cztffa.application.ChromeWebApplication.launch(ChromeWebApplication.java:20)
at com.cztffa.driver.SeleniumUIDriver.launch(SeleniumUIDriver.java:33)
at com.cztffa.page.base.BasePage.launch(BasePage.java:62)
at com.cztffa.cucumber.parallel.ProductStepDefinition._i_am_at_the_home_page(ProductStepDefinition.java:56)
at ✽.: I am at the home page(file:///C:/Users/hp/Downloads/cztffa-Automation%20(2)/cztffa-Automation/scripts/cucumber/src/test/resources/com/cztffa/cucumber/parallel/Product.feature:5)
]]>
    </failure>
  </testcase> <!-- runScenario -->
  <testcase name="runScenario" time="4.911" classname="io.cucumber.testng.AbstractTestNGCucumberTests">
    <failure type="com.cztffa.exception.FrameworkException" message="Failed to launch Chrome - {}session not created: This version of ChromeDriver only supports Chrome version 114
Current browser version is 120.0.6099.225 with binary path C:\Program Files\Google\Chrome\Application\chrome.exe
Build info: version: &amp;apos;3.141.59&amp;apos;, revision: &amp;apos;e82be7d358&amp;apos;, time: &amp;apos;2018-11-14T08:17:03&amp;apos;
System info: host: &amp;apos;LAPTOP-KJOQ7211&amp;apos;, ip: &amp;apos;192.168.29.57&amp;apos;, os.name: &amp;apos;Windows 10&amp;apos;, os.arch: &amp;apos;amd64&amp;apos;, os.version: &amp;apos;10.0&amp;apos;, java.version: &amp;apos;1.8.0_202&amp;apos;
Driver info: driver.version: SeleniumUIDriver
remote stacktrace: Backtrace:
	GetHandleVerifier [0x0085A813+48355]
	(No symbol) [0x007EC4B1]
	(No symbol) [0x006F5358]
	(No symbol) [0x007161AC]
	(No symbol) [0x00711EF3]
	(No symbol) [0x00710579]
	(No symbol) [0x00740C55]
	(No symbol) [0x0074093C]
	(No symbol) [0x0073A536]
	(No symbol) [0x007182DC]
	(No symbol) [0x007193DD]
	GetHandleVerifier [0x00ABAABD+2539405]
	GetHandleVerifier [0x00AFA78F+2800735]
	GetHandleVerifier [0x00AF456C+2775612]
	GetHandleVerifier [0x008E51E0+616112]
	(No symbol) [0x007F5F8C]
	(No symbol) [0x007F2328]
	(No symbol) [0x007F240B]
	(No symbol) [0x007E4FF7]
	BaseThreadInitThunk [0x76837BA9+25]
	RtlInitializeExceptionChain [0x7751BD2B+107]
	RtlClearBits [0x7751BCAF+191]
">
      <![CDATA[com.cztffa.exception.FrameworkException: Failed to launch Chrome - {}session not created: This version of ChromeDriver only supports Chrome version 114
Current browser version is 120.0.6099.225 with binary path C:\Program Files\Google\Chrome\Application\chrome.exe
Build info: version: '3.141.59', revision: 'e82be7d358', time: '2018-11-14T08:17:03'
System info: host: 'LAPTOP-KJOQ7211', ip: '192.168.29.57', os.name: 'Windows 10', os.arch: 'amd64', os.version: '10.0', java.version: '1.8.0_202'
Driver info: driver.version: SeleniumUIDriver
remote stacktrace: Backtrace:
GetHandleVerifier [0x0085A813+48355]
(No symbol) [0x007EC4B1]
(No symbol) [0x006F5358]
(No symbol) [0x007161AC]
(No symbol) [0x00711EF3]
(No symbol) [0x00710579]
(No symbol) [0x00740C55]
(No symbol) [0x0074093C]
(No symbol) [0x0073A536]
(No symbol) [0x007182DC]
(No symbol) [0x007193DD]
GetHandleVerifier [0x00ABAABD+2539405]
GetHandleVerifier [0x00AFA78F+2800735]
GetHandleVerifier [0x00AF456C+2775612]
GetHandleVerifier [0x008E51E0+616112]
(No symbol) [0x007F5F8C]
(No symbol) [0x007F2328]
(No symbol) [0x007F240B]
(No symbol) [0x007E4FF7]
BaseThreadInitThunk [0x76837BA9+25]
RtlInitializeExceptionChain [0x7751BD2B+107]
RtlClearBits [0x7751BCAF+191]

at com.cztffa.application.ChromeWebApplication.launch(ChromeWebApplication.java:37)
at com.cztffa.application.ChromeWebApplication.launch(ChromeWebApplication.java:20)
at com.cztffa.driver.SeleniumUIDriver.launch(SeleniumUIDriver.java:33)
at com.cztffa.page.base.BasePage.launch(BasePage.java:62)
at com.cztffa.cucumber.parallel.ProductStepDefinition._i_am_at_the_home_page(ProductStepDefinition.java:56)
at ✽.: I am at the home page(file:///C:/Users/hp/Downloads/cztffa-Automation%20(2)/cztffa-Automation/scripts/cucumber/src/test/resources/com/cztffa/cucumber/parallel/Review.feature:87)
]]>
    </failure>
  </testcase> <!-- runScenario -->
  <testcase name="runScenario" time="6.181" classname="io.cucumber.testng.AbstractTestNGCucumberTests">
    <failure type="com.cztffa.exception.FrameworkException" message="Failed to launch Chrome - {}session not created: This version of ChromeDriver only supports Chrome version 114
Current browser version is 120.0.6099.225 with binary path C:\Program Files\Google\Chrome\Application\chrome.exe
Build info: version: &amp;apos;3.141.59&amp;apos;, revision: &amp;apos;e82be7d358&amp;apos;, time: &amp;apos;2018-11-14T08:17:03&amp;apos;
System info: host: &amp;apos;LAPTOP-KJOQ7211&amp;apos;, ip: &amp;apos;192.168.29.57&amp;apos;, os.name: &amp;apos;Windows 10&amp;apos;, os.arch: &amp;apos;amd64&amp;apos;, os.version: &amp;apos;10.0&amp;apos;, java.version: &amp;apos;1.8.0_202&amp;apos;
Driver info: driver.version: SeleniumUIDriver
remote stacktrace: Backtrace:
	GetHandleVerifier [0x0085A813+48355]
	(No symbol) [0x007EC4B1]
	(No symbol) [0x006F5358]
	(No symbol) [0x007161AC]
	(No symbol) [0x00711EF3]
	(No symbol) [0x00710579]
	(No symbol) [0x00740C55]
	(No symbol) [0x0074093C]
	(No symbol) [0x0073A536]
	(No symbol) [0x007182DC]
	(No symbol) [0x007193DD]
	GetHandleVerifier [0x00ABAABD+2539405]
	GetHandleVerifier [0x00AFA78F+2800735]
	GetHandleVerifier [0x00AF456C+2775612]
	GetHandleVerifier [0x008E51E0+616112]
	(No symbol) [0x007F5F8C]
	(No symbol) [0x007F2328]
	(No symbol) [0x007F240B]
	(No symbol) [0x007E4FF7]
	BaseThreadInitThunk [0x76837BA9+25]
	RtlInitializeExceptionChain [0x7751BD2B+107]
	RtlClearBits [0x7751BCAF+191]
">
      <![CDATA[com.cztffa.exception.FrameworkException: Failed to launch Chrome - {}session not created: This version of ChromeDriver only supports Chrome version 114
Current browser version is 120.0.6099.225 with binary path C:\Program Files\Google\Chrome\Application\chrome.exe
Build info: version: '3.141.59', revision: 'e82be7d358', time: '2018-11-14T08:17:03'
System info: host: 'LAPTOP-KJOQ7211', ip: '192.168.29.57', os.name: 'Windows 10', os.arch: 'amd64', os.version: '10.0', java.version: '1.8.0_202'
Driver info: driver.version: SeleniumUIDriver
remote stacktrace: Backtrace:
GetHandleVerifier [0x0085A813+48355]
(No symbol) [0x007EC4B1]
(No symbol) [0x006F5358]
(No symbol) [0x007161AC]
(No symbol) [0x00711EF3]
(No symbol) [0x00710579]
(No symbol) [0x00740C55]
(No symbol) [0x0074093C]
(No symbol) [0x0073A536]
(No symbol) [0x007182DC]
(No symbol) [0x007193DD]
GetHandleVerifier [0x00ABAABD+2539405]
GetHandleVerifier [0x00AFA78F+2800735]
GetHandleVerifier [0x00AF456C+2775612]
GetHandleVerifier [0x008E51E0+616112]
(No symbol) [0x007F5F8C]
(No symbol) [0x007F2328]
(No symbol) [0x007F240B]
(No symbol) [0x007E4FF7]
BaseThreadInitThunk [0x76837BA9+25]
RtlInitializeExceptionChain [0x7751BD2B+107]
RtlClearBits [0x7751BCAF+191]

at com.cztffa.application.ChromeWebApplication.launch(ChromeWebApplication.java:37)
at com.cztffa.application.ChromeWebApplication.launch(ChromeWebApplication.java:20)
at com.cztffa.driver.SeleniumUIDriver.launch(SeleniumUIDriver.java:33)
at com.cztffa.page.base.BasePage.launch(BasePage.java:62)
at com.cztffa.cucumber.parallel.ProductStepDefinition._i_am_at_the_home_page(ProductStepDefinition.java:56)
at ✽.: I am at the home page(file:///C:/Users/hp/Downloads/cztffa-Automation%20(2)/cztffa-Automation/scripts/cucumber/src/test/resources/com/cztffa/cucumber/parallel/Product.feature:55)
]]>
    </failure>
  </testcase> <!-- runScenario -->
  <testcase name="runScenario" time="4.887" classname="io.cucumber.testng.AbstractTestNGCucumberTests">
    <failure type="com.cztffa.exception.FrameworkException" message="Failed to launch Chrome - {}session not created: This version of ChromeDriver only supports Chrome version 114
Current browser version is 120.0.6099.225 with binary path C:\Program Files\Google\Chrome\Application\chrome.exe
Build info: version: &amp;apos;3.141.59&amp;apos;, revision: &amp;apos;e82be7d358&amp;apos;, time: &amp;apos;2018-11-14T08:17:03&amp;apos;
System info: host: &amp;apos;LAPTOP-KJOQ7211&amp;apos;, ip: &amp;apos;192.168.29.57&amp;apos;, os.name: &amp;apos;Windows 10&amp;apos;, os.arch: &amp;apos;amd64&amp;apos;, os.version: &amp;apos;10.0&amp;apos;, java.version: &amp;apos;1.8.0_202&amp;apos;
Driver info: driver.version: SeleniumUIDriver
remote stacktrace: Backtrace:
	GetHandleVerifier [0x0085A813+48355]
	(No symbol) [0x007EC4B1]
	(No symbol) [0x006F5358]
	(No symbol) [0x007161AC]
	(No symbol) [0x00711EF3]
	(No symbol) [0x00710579]
	(No symbol) [0x00740C55]
	(No symbol) [0x0074093C]
	(No symbol) [0x0073A536]
	(No symbol) [0x007182DC]
	(No symbol) [0x007193DD]
	GetHandleVerifier [0x00ABAABD+2539405]
	GetHandleVerifier [0x00AFA78F+2800735]
	GetHandleVerifier [0x00AF456C+2775612]
	GetHandleVerifier [0x008E51E0+616112]
	(No symbol) [0x007F5F8C]
	(No symbol) [0x007F2328]
	(No symbol) [0x007F240B]
	(No symbol) [0x007E4FF7]
	BaseThreadInitThunk [0x76837BA9+25]
	RtlInitializeExceptionChain [0x7751BD2B+107]
	RtlClearBits [0x7751BCAF+191]
">
      <![CDATA[com.cztffa.exception.FrameworkException: Failed to launch Chrome - {}session not created: This version of ChromeDriver only supports Chrome version 114
Current browser version is 120.0.6099.225 with binary path C:\Program Files\Google\Chrome\Application\chrome.exe
Build info: version: '3.141.59', revision: 'e82be7d358', time: '2018-11-14T08:17:03'
System info: host: 'LAPTOP-KJOQ7211', ip: '192.168.29.57', os.name: 'Windows 10', os.arch: 'amd64', os.version: '10.0', java.version: '1.8.0_202'
Driver info: driver.version: SeleniumUIDriver
remote stacktrace: Backtrace:
GetHandleVerifier [0x0085A813+48355]
(No symbol) [0x007EC4B1]
(No symbol) [0x006F5358]
(No symbol) [0x007161AC]
(No symbol) [0x00711EF3]
(No symbol) [0x00710579]
(No symbol) [0x00740C55]
(No symbol) [0x0074093C]
(No symbol) [0x0073A536]
(No symbol) [0x007182DC]
(No symbol) [0x007193DD]
GetHandleVerifier [0x00ABAABD+2539405]
GetHandleVerifier [0x00AFA78F+2800735]
GetHandleVerifier [0x00AF456C+2775612]
GetHandleVerifier [0x008E51E0+616112]
(No symbol) [0x007F5F8C]
(No symbol) [0x007F2328]
(No symbol) [0x007F240B]
(No symbol) [0x007E4FF7]
BaseThreadInitThunk [0x76837BA9+25]
RtlInitializeExceptionChain [0x7751BD2B+107]
RtlClearBits [0x7751BCAF+191]

at com.cztffa.application.ChromeWebApplication.launch(ChromeWebApplication.java:37)
at com.cztffa.application.ChromeWebApplication.launch(ChromeWebApplication.java:20)
at com.cztffa.driver.SeleniumUIDriver.launch(SeleniumUIDriver.java:33)
at com.cztffa.page.base.BasePage.launch(BasePage.java:62)
at com.cztffa.cucumber.parallel.ProductStepDefinition._i_am_at_the_home_page(ProductStepDefinition.java:56)
at ✽.: I am at the home page(file:///C:/Users/hp/Downloads/cztffa-Automation%20(2)/cztffa-Automation/scripts/cucumber/src/test/resources/com/cztffa/cucumber/parallel/SaveResume.feature:5)
]]>
    </failure>
  </testcase> <!-- runScenario -->
  <testcase name="runScenario" time="7.417" classname="io.cucumber.testng.AbstractTestNGCucumberTests">
    <failure type="com.cztffa.exception.FrameworkException" message="Failed to launch Chrome - {}session not created: This version of ChromeDriver only supports Chrome version 114
Current browser version is 120.0.6099.225 with binary path C:\Program Files\Google\Chrome\Application\chrome.exe
Build info: version: &amp;apos;3.141.59&amp;apos;, revision: &amp;apos;e82be7d358&amp;apos;, time: &amp;apos;2018-11-14T08:17:03&amp;apos;
System info: host: &amp;apos;LAPTOP-KJOQ7211&amp;apos;, ip: &amp;apos;192.168.29.57&amp;apos;, os.name: &amp;apos;Windows 10&amp;apos;, os.arch: &amp;apos;amd64&amp;apos;, os.version: &amp;apos;10.0&amp;apos;, java.version: &amp;apos;1.8.0_202&amp;apos;
Driver info: driver.version: SeleniumUIDriver
remote stacktrace: Backtrace:
	GetHandleVerifier [0x0085A813+48355]
	(No symbol) [0x007EC4B1]
	(No symbol) [0x006F5358]
	(No symbol) [0x007161AC]
	(No symbol) [0x00711EF3]
	(No symbol) [0x00710579]
	(No symbol) [0x00740C55]
	(No symbol) [0x0074093C]
	(No symbol) [0x0073A536]
	(No symbol) [0x007182DC]
	(No symbol) [0x007193DD]
	GetHandleVerifier [0x00ABAABD+2539405]
	GetHandleVerifier [0x00AFA78F+2800735]
	GetHandleVerifier [0x00AF456C+2775612]
	GetHandleVerifier [0x008E51E0+616112]
	(No symbol) [0x007F5F8C]
	(No symbol) [0x007F2328]
	(No symbol) [0x007F240B]
	(No symbol) [0x007E4FF7]
	BaseThreadInitThunk [0x76837BA9+25]
	RtlInitializeExceptionChain [0x7751BD2B+107]
	RtlClearBits [0x7751BCAF+191]
">
      <![CDATA[com.cztffa.exception.FrameworkException: Failed to launch Chrome - {}session not created: This version of ChromeDriver only supports Chrome version 114
Current browser version is 120.0.6099.225 with binary path C:\Program Files\Google\Chrome\Application\chrome.exe
Build info: version: '3.141.59', revision: 'e82be7d358', time: '2018-11-14T08:17:03'
System info: host: 'LAPTOP-KJOQ7211', ip: '192.168.29.57', os.name: 'Windows 10', os.arch: 'amd64', os.version: '10.0', java.version: '1.8.0_202'
Driver info: driver.version: SeleniumUIDriver
remote stacktrace: Backtrace:
GetHandleVerifier [0x0085A813+48355]
(No symbol) [0x007EC4B1]
(No symbol) [0x006F5358]
(No symbol) [0x007161AC]
(No symbol) [0x00711EF3]
(No symbol) [0x00710579]
(No symbol) [0x00740C55]
(No symbol) [0x0074093C]
(No symbol) [0x0073A536]
(No symbol) [0x007182DC]
(No symbol) [0x007193DD]
GetHandleVerifier [0x00ABAABD+2539405]
GetHandleVerifier [0x00AFA78F+2800735]
GetHandleVerifier [0x00AF456C+2775612]
GetHandleVerifier [0x008E51E0+616112]
(No symbol) [0x007F5F8C]
(No symbol) [0x007F2328]
(No symbol) [0x007F240B]
(No symbol) [0x007E4FF7]
BaseThreadInitThunk [0x76837BA9+25]
RtlInitializeExceptionChain [0x7751BD2B+107]
RtlClearBits [0x7751BCAF+191]

at com.cztffa.application.ChromeWebApplication.launch(ChromeWebApplication.java:37)
at com.cztffa.application.ChromeWebApplication.launch(ChromeWebApplication.java:20)
at com.cztffa.driver.SeleniumUIDriver.launch(SeleniumUIDriver.java:33)
at com.cztffa.page.base.BasePage.launch(BasePage.java:62)
at com.cztffa.cucumber.parallel.ProductStepDefinition._i_am_at_the_home_page(ProductStepDefinition.java:56)
at ✽.: I am at the home page(file:///C:/Users/hp/Downloads/cztffa-Automation%20(2)/cztffa-Automation/scripts/cucumber/src/test/resources/com/cztffa/cucumber/parallel/Product.feature:37)
]]>
    </failure>
  </testcase> <!-- runScenario -->
  <testcase name="runScenario" time="6.289" classname="io.cucumber.testng.AbstractTestNGCucumberTests">
    <failure type="com.cztffa.exception.FrameworkException" message="Failed to launch Chrome - {}session not created: This version of ChromeDriver only supports Chrome version 114
Current browser version is 120.0.6099.225 with binary path C:\Program Files\Google\Chrome\Application\chrome.exe
Build info: version: &amp;apos;3.141.59&amp;apos;, revision: &amp;apos;e82be7d358&amp;apos;, time: &amp;apos;2018-11-14T08:17:03&amp;apos;
System info: host: &amp;apos;LAPTOP-KJOQ7211&amp;apos;, ip: &amp;apos;192.168.29.57&amp;apos;, os.name: &amp;apos;Windows 10&amp;apos;, os.arch: &amp;apos;amd64&amp;apos;, os.version: &amp;apos;10.0&amp;apos;, java.version: &amp;apos;1.8.0_202&amp;apos;
Driver info: driver.version: SeleniumUIDriver
remote stacktrace: Backtrace:
	GetHandleVerifier [0x0085A813+48355]
	(No symbol) [0x007EC4B1]
	(No symbol) [0x006F5358]
	(No symbol) [0x007161AC]
	(No symbol) [0x00711EF3]
	(No symbol) [0x00710579]
	(No symbol) [0x00740C55]
	(No symbol) [0x0074093C]
	(No symbol) [0x0073A536]
	(No symbol) [0x007182DC]
	(No symbol) [0x007193DD]
	GetHandleVerifier [0x00ABAABD+2539405]
	GetHandleVerifier [0x00AFA78F+2800735]
	GetHandleVerifier [0x00AF456C+2775612]
	GetHandleVerifier [0x008E51E0+616112]
	(No symbol) [0x007F5F8C]
	(No symbol) [0x007F2328]
	(No symbol) [0x007F240B]
	(No symbol) [0x007E4FF7]
	BaseThreadInitThunk [0x76837BA9+25]
	RtlInitializeExceptionChain [0x7751BD2B+107]
	RtlClearBits [0x7751BCAF+191]
">
      <![CDATA[com.cztffa.exception.FrameworkException: Failed to launch Chrome - {}session not created: This version of ChromeDriver only supports Chrome version 114
Current browser version is 120.0.6099.225 with binary path C:\Program Files\Google\Chrome\Application\chrome.exe
Build info: version: '3.141.59', revision: 'e82be7d358', time: '2018-11-14T08:17:03'
System info: host: 'LAPTOP-KJOQ7211', ip: '192.168.29.57', os.name: 'Windows 10', os.arch: 'amd64', os.version: '10.0', java.version: '1.8.0_202'
Driver info: driver.version: SeleniumUIDriver
remote stacktrace: Backtrace:
GetHandleVerifier [0x0085A813+48355]
(No symbol) [0x007EC4B1]
(No symbol) [0x006F5358]
(No symbol) [0x007161AC]
(No symbol) [0x00711EF3]
(No symbol) [0x00710579]
(No symbol) [0x00740C55]
(No symbol) [0x0074093C]
(No symbol) [0x0073A536]
(No symbol) [0x007182DC]
(No symbol) [0x007193DD]
GetHandleVerifier [0x00ABAABD+2539405]
GetHandleVerifier [0x00AFA78F+2800735]
GetHandleVerifier [0x00AF456C+2775612]
GetHandleVerifier [0x008E51E0+616112]
(No symbol) [0x007F5F8C]
(No symbol) [0x007F2328]
(No symbol) [0x007F240B]
(No symbol) [0x007E4FF7]
BaseThreadInitThunk [0x76837BA9+25]
RtlInitializeExceptionChain [0x7751BD2B+107]
RtlClearBits [0x7751BCAF+191]

at com.cztffa.application.ChromeWebApplication.launch(ChromeWebApplication.java:37)
at com.cztffa.application.ChromeWebApplication.launch(ChromeWebApplication.java:20)
at com.cztffa.driver.SeleniumUIDriver.launch(SeleniumUIDriver.java:33)
at com.cztffa.page.base.BasePage.launch(BasePage.java:62)
at com.cztffa.cucumber.parallel.ProductStepDefinition._i_am_at_the_home_page(ProductStepDefinition.java:56)
at ✽.: I am at the home page(file:///C:/Users/hp/Downloads/cztffa-Automation%20(2)/cztffa-Automation/scripts/cucumber/src/test/resources/com/cztffa/cucumber/parallel/Review.feature:5)
]]>
    </failure>
  </testcase> <!-- runScenario -->
</testsuite> <!-- cucumber -->
