<?xml version="1.0" encoding="UTF-8"?>
<!-- Generated by org.testng.reporters.JUnitReportReporter -->
<testsuite skipped="0" hostname="LAPTOP-KJOQ7211" name="com.cztffa.cucumber.parallel.CZTFFAFeatureRunner" tests="25" failures="0" timestamp="2024-01-25T10:39:33 IST" time="176.433" errors="25">
  <testcase name="runScenario" time="7.517" classname="com.cztffa.cucumber.parallel.CZTFFAFeatureRunner">
    <error type="com.cztffa.exception.FrameworkException" message="Failed to launch Chrome - {}session not created: This version of ChromeDriver only supports Chrome version 114
Current browser version is 120.0.6099.225 with binary path C:\Program Files\Google\Chrome\Application\chrome.exe
Build info: version: &#039;3.141.59&#039;, revision: &#039;e82be7d358&#039;, time: &#039;2018-11-14T08:17:03&#039;
System info: host: &#039;LAPTOP-KJOQ7211&#039;, ip: &#039;192.168.29.57&#039;, os.name: &#039;Windows 10&#039;, os.arch: &#039;amd64&#039;, os.version: &#039;10.0&#039;, java.version: &#039;1.8.0_202&#039;
Driver info: driver.version: SeleniumUIDriver
remote stacktrace: Backtrace:
	GetHandleVerifier [0x0085A813+48355]
	(No symbol) [0x007EC4B1]
	(No symbol) [0x006F5358]
	(No symbol) [0x007161AC]
	(No symbol) [0x00711EF3]
	(No symbol) [0x00710579]
	(No symbol) [0x00740C55]
	(No symbol) [0x0074093C]
	(No symbol) [0x0073A536]
	(No symbol) [0x007182DC]
	(No symbol) [0x007193DD]
	GetHandleVerifier [0x00ABAABD+2539405]
	GetHandleVerifier [0x00AFA78F+2800735]
	GetHandleVerifier [0x00AF456C+2775612]
	GetHandleVerifier [0x008E51E0+616112]
	(No symbol) [0x007F5F8C]
	(No symbol) [0x007F2328]
	(No symbol) [0x007F240B]
	(No symbol) [0x007E4FF7]
	BaseThreadInitThunk [0x76837BA9+25]
	RtlInitializeExceptionChain [0x7751BD2B+107]
	RtlClearBits [0x7751BCAF+191]
">
      <![CDATA[com.cztffa.exception.FrameworkException: Failed to launch Chrome - {}session not created: This version of ChromeDriver only supports Chrome version 114
Current browser version is 120.0.6099.225 with binary path C:\Program Files\Google\Chrome\Application\chrome.exe
Build info: version: '3.141.59', revision: 'e82be7d358', time: '2018-11-14T08:17:03'
System info: host: 'LAPTOP-KJOQ7211', ip: '192.168.29.57', os.name: 'Windows 10', os.arch: 'amd64', os.version: '10.0', java.version: '1.8.0_202'
Driver info: driver.version: SeleniumUIDriver
remote stacktrace: Backtrace:
GetHandleVerifier [0x0085A813+48355]
(No symbol) [0x007EC4B1]
(No symbol) [0x006F5358]
(No symbol) [0x007161AC]
(No symbol) [0x00711EF3]
(No symbol) [0x00710579]
(No symbol) [0x00740C55]
(No symbol) [0x0074093C]
(No symbol) [0x0073A536]
(No symbol) [0x007182DC]
(No symbol) [0x007193DD]
GetHandleVerifier [0x00ABAABD+2539405]
GetHandleVerifier [0x00AFA78F+2800735]
GetHandleVerifier [0x00AF456C+2775612]
GetHandleVerifier [0x008E51E0+616112]
(No symbol) [0x007F5F8C]
(No symbol) [0x007F2328]
(No symbol) [0x007F240B]
(No symbol) [0x007E4FF7]
BaseThreadInitThunk [0x76837BA9+25]
RtlInitializeExceptionChain [0x7751BD2B+107]
RtlClearBits [0x7751BCAF+191]

at com.cztffa.application.ChromeWebApplication.launch(ChromeWebApplication.java:37)
at com.cztffa.application.ChromeWebApplication.launch(ChromeWebApplication.java:20)
at com.cztffa.driver.SeleniumUIDriver.launch(SeleniumUIDriver.java:33)
at com.cztffa.page.base.BasePage.launch(BasePage.java:62)
at com.cztffa.cucumber.parallel.ProductStepDefinition._i_am_at_the_home_page(ProductStepDefinition.java:56)
at ✽.: I am at the home page(file:///C:/Users/hp/Downloads/cztffa-Automation%20(2)/cztffa-Automation/scripts/cucumber/src/test/resources/com/cztffa/cucumber/parallel/Personal.feature:331)
]]>
    </error>
  </testcase> <!-- runScenario -->
  <system-out/>
  <testcase name="runScenario" time="6.181" classname="com.cztffa.cucumber.parallel.CZTFFAFeatureRunner">
    <error type="com.cztffa.exception.FrameworkException" message="Failed to launch Chrome - {}session not created: This version of ChromeDriver only supports Chrome version 114
Current browser version is 120.0.6099.225 with binary path C:\Program Files\Google\Chrome\Application\chrome.exe
Build info: version: &#039;3.141.59&#039;, revision: &#039;e82be7d358&#039;, time: &#039;2018-11-14T08:17:03&#039;
System info: host: &#039;LAPTOP-KJOQ7211&#039;, ip: &#039;192.168.29.57&#039;, os.name: &#039;Windows 10&#039;, os.arch: &#039;amd64&#039;, os.version: &#039;10.0&#039;, java.version: &#039;1.8.0_202&#039;
Driver info: driver.version: SeleniumUIDriver
remote stacktrace: Backtrace:
	GetHandleVerifier [0x0085A813+48355]
	(No symbol) [0x007EC4B1]
	(No symbol) [0x006F5358]
	(No symbol) [0x007161AC]
	(No symbol) [0x00711EF3]
	(No symbol) [0x00710579]
	(No symbol) [0x00740C55]
	(No symbol) [0x0074093C]
	(No symbol) [0x0073A536]
	(No symbol) [0x007182DC]
	(No symbol) [0x007193DD]
	GetHandleVerifier [0x00ABAABD+2539405]
	GetHandleVerifier [0x00AFA78F+2800735]
	GetHandleVerifier [0x00AF456C+2775612]
	GetHandleVerifier [0x008E51E0+616112]
	(No symbol) [0x007F5F8C]
	(No symbol) [0x007F2328]
	(No symbol) [0x007F240B]
	(No symbol) [0x007E4FF7]
	BaseThreadInitThunk [0x76837BA9+25]
	RtlInitializeExceptionChain [0x7751BD2B+107]
	RtlClearBits [0x7751BCAF+191]
">
      <![CDATA[com.cztffa.exception.FrameworkException: Failed to launch Chrome - {}session not created: This version of ChromeDriver only supports Chrome version 114
Current browser version is 120.0.6099.225 with binary path C:\Program Files\Google\Chrome\Application\chrome.exe
Build info: version: '3.141.59', revision: 'e82be7d358', time: '2018-11-14T08:17:03'
System info: host: 'LAPTOP-KJOQ7211', ip: '192.168.29.57', os.name: 'Windows 10', os.arch: 'amd64', os.version: '10.0', java.version: '1.8.0_202'
Driver info: driver.version: SeleniumUIDriver
remote stacktrace: Backtrace:
GetHandleVerifier [0x0085A813+48355]
(No symbol) [0x007EC4B1]
(No symbol) [0x006F5358]
(No symbol) [0x007161AC]
(No symbol) [0x00711EF3]
(No symbol) [0x00710579]
(No symbol) [0x00740C55]
(No symbol) [0x0074093C]
(No symbol) [0x0073A536]
(No symbol) [0x007182DC]
(No symbol) [0x007193DD]
GetHandleVerifier [0x00ABAABD+2539405]
GetHandleVerifier [0x00AFA78F+2800735]
GetHandleVerifier [0x00AF456C+2775612]
GetHandleVerifier [0x008E51E0+616112]
(No symbol) [0x007F5F8C]
(No symbol) [0x007F2328]
(No symbol) [0x007F240B]
(No symbol) [0x007E4FF7]
BaseThreadInitThunk [0x76837BA9+25]
RtlInitializeExceptionChain [0x7751BD2B+107]
RtlClearBits [0x7751BCAF+191]

at com.cztffa.application.ChromeWebApplication.launch(ChromeWebApplication.java:37)
at com.cztffa.application.ChromeWebApplication.launch(ChromeWebApplication.java:20)
at com.cztffa.driver.SeleniumUIDriver.launch(SeleniumUIDriver.java:33)
at com.cztffa.page.base.BasePage.launch(BasePage.java:62)
at com.cztffa.cucumber.parallel.ProductStepDefinition._i_am_at_the_home_page(ProductStepDefinition.java:56)
at ✽.: I am at the home page(file:///C:/Users/hp/Downloads/cztffa-Automation%20(2)/cztffa-Automation/scripts/cucumber/src/test/resources/com/cztffa/cucumber/parallel/Product.feature:55)
]]>
    </error>
  </testcase> <!-- runScenario -->
  <system-out/>
  <testcase name="runScenario" time="6.289" classname="com.cztffa.cucumber.parallel.CZTFFAFeatureRunner">
    <error type="com.cztffa.exception.FrameworkException" message="Failed to launch Chrome - {}session not created: This version of ChromeDriver only supports Chrome version 114
Current browser version is 120.0.6099.225 with binary path C:\Program Files\Google\Chrome\Application\chrome.exe
Build info: version: &#039;3.141.59&#039;, revision: &#039;e82be7d358&#039;, time: &#039;2018-11-14T08:17:03&#039;
System info: host: &#039;LAPTOP-KJOQ7211&#039;, ip: &#039;192.168.29.57&#039;, os.name: &#039;Windows 10&#039;, os.arch: &#039;amd64&#039;, os.version: &#039;10.0&#039;, java.version: &#039;1.8.0_202&#039;
Driver info: driver.version: SeleniumUIDriver
remote stacktrace: Backtrace:
	GetHandleVerifier [0x0085A813+48355]
	(No symbol) [0x007EC4B1]
	(No symbol) [0x006F5358]
	(No symbol) [0x007161AC]
	(No symbol) [0x00711EF3]
	(No symbol) [0x00710579]
	(No symbol) [0x00740C55]
	(No symbol) [0x0074093C]
	(No symbol) [0x0073A536]
	(No symbol) [0x007182DC]
	(No symbol) [0x007193DD]
	GetHandleVerifier [0x00ABAABD+2539405]
	GetHandleVerifier [0x00AFA78F+2800735]
	GetHandleVerifier [0x00AF456C+2775612]
	GetHandleVerifier [0x008E51E0+616112]
	(No symbol) [0x007F5F8C]
	(No symbol) [0x007F2328]
	(No symbol) [0x007F240B]
	(No symbol) [0x007E4FF7]
	BaseThreadInitThunk [0x76837BA9+25]
	RtlInitializeExceptionChain [0x7751BD2B+107]
	RtlClearBits [0x7751BCAF+191]
">
      <![CDATA[com.cztffa.exception.FrameworkException: Failed to launch Chrome - {}session not created: This version of ChromeDriver only supports Chrome version 114
Current browser version is 120.0.6099.225 with binary path C:\Program Files\Google\Chrome\Application\chrome.exe
Build info: version: '3.141.59', revision: 'e82be7d358', time: '2018-11-14T08:17:03'
System info: host: 'LAPTOP-KJOQ7211', ip: '192.168.29.57', os.name: 'Windows 10', os.arch: 'amd64', os.version: '10.0', java.version: '1.8.0_202'
Driver info: driver.version: SeleniumUIDriver
remote stacktrace: Backtrace:
GetHandleVerifier [0x0085A813+48355]
(No symbol) [0x007EC4B1]
(No symbol) [0x006F5358]
(No symbol) [0x007161AC]
(No symbol) [0x00711EF3]
(No symbol) [0x00710579]
(No symbol) [0x00740C55]
(No symbol) [0x0074093C]
(No symbol) [0x0073A536]
(No symbol) [0x007182DC]
(No symbol) [0x007193DD]
GetHandleVerifier [0x00ABAABD+2539405]
GetHandleVerifier [0x00AFA78F+2800735]
GetHandleVerifier [0x00AF456C+2775612]
GetHandleVerifier [0x008E51E0+616112]
(No symbol) [0x007F5F8C]
(No symbol) [0x007F2328]
(No symbol) [0x007F240B]
(No symbol) [0x007E4FF7]
BaseThreadInitThunk [0x76837BA9+25]
RtlInitializeExceptionChain [0x7751BD2B+107]
RtlClearBits [0x7751BCAF+191]

at com.cztffa.application.ChromeWebApplication.launch(ChromeWebApplication.java:37)
at com.cztffa.application.ChromeWebApplication.launch(ChromeWebApplication.java:20)
at com.cztffa.driver.SeleniumUIDriver.launch(SeleniumUIDriver.java:33)
at com.cztffa.page.base.BasePage.launch(BasePage.java:62)
at com.cztffa.cucumber.parallel.ProductStepDefinition._i_am_at_the_home_page(ProductStepDefinition.java:56)
at ✽.: I am at the home page(file:///C:/Users/hp/Downloads/cztffa-Automation%20(2)/cztffa-Automation/scripts/cucumber/src/test/resources/com/cztffa/cucumber/parallel/Review.feature:5)
]]>
    </error>
  </testcase> <!-- runScenario -->
  <system-out/>
  <testcase name="runScenario" time="7.511" classname="com.cztffa.cucumber.parallel.CZTFFAFeatureRunner">
    <error type="com.cztffa.exception.FrameworkException" message="Failed to launch Chrome - {}session not created: This version of ChromeDriver only supports Chrome version 114
Current browser version is 120.0.6099.225 with binary path C:\Program Files\Google\Chrome\Application\chrome.exe
Build info: version: &#039;3.141.59&#039;, revision: &#039;e82be7d358&#039;, time: &#039;2018-11-14T08:17:03&#039;
System info: host: &#039;LAPTOP-KJOQ7211&#039;, ip: &#039;192.168.29.57&#039;, os.name: &#039;Windows 10&#039;, os.arch: &#039;amd64&#039;, os.version: &#039;10.0&#039;, java.version: &#039;1.8.0_202&#039;
Driver info: driver.version: SeleniumUIDriver
remote stacktrace: Backtrace:
	GetHandleVerifier [0x0085A813+48355]
	(No symbol) [0x007EC4B1]
	(No symbol) [0x006F5358]
	(No symbol) [0x007161AC]
	(No symbol) [0x00711EF3]
	(No symbol) [0x00710579]
	(No symbol) [0x00740C55]
	(No symbol) [0x0074093C]
	(No symbol) [0x0073A536]
	(No symbol) [0x007182DC]
	(No symbol) [0x007193DD]
	GetHandleVerifier [0x00ABAABD+2539405]
	GetHandleVerifier [0x00AFA78F+2800735]
	GetHandleVerifier [0x00AF456C+2775612]
	GetHandleVerifier [0x008E51E0+616112]
	(No symbol) [0x007F5F8C]
	(No symbol) [0x007F2328]
	(No symbol) [0x007F240B]
	(No symbol) [0x007E4FF7]
	BaseThreadInitThunk [0x76837BA9+25]
	RtlInitializeExceptionChain [0x7751BD2B+107]
	RtlClearBits [0x7751BCAF+191]
">
      <![CDATA[com.cztffa.exception.FrameworkException: Failed to launch Chrome - {}session not created: This version of ChromeDriver only supports Chrome version 114
Current browser version is 120.0.6099.225 with binary path C:\Program Files\Google\Chrome\Application\chrome.exe
Build info: version: '3.141.59', revision: 'e82be7d358', time: '2018-11-14T08:17:03'
System info: host: 'LAPTOP-KJOQ7211', ip: '192.168.29.57', os.name: 'Windows 10', os.arch: 'amd64', os.version: '10.0', java.version: '1.8.0_202'
Driver info: driver.version: SeleniumUIDriver
remote stacktrace: Backtrace:
GetHandleVerifier [0x0085A813+48355]
(No symbol) [0x007EC4B1]
(No symbol) [0x006F5358]
(No symbol) [0x007161AC]
(No symbol) [0x00711EF3]
(No symbol) [0x00710579]
(No symbol) [0x00740C55]
(No symbol) [0x0074093C]
(No symbol) [0x0073A536]
(No symbol) [0x007182DC]
(No symbol) [0x007193DD]
GetHandleVerifier [0x00ABAABD+2539405]
GetHandleVerifier [0x00AFA78F+2800735]
GetHandleVerifier [0x00AF456C+2775612]
GetHandleVerifier [0x008E51E0+616112]
(No symbol) [0x007F5F8C]
(No symbol) [0x007F2328]
(No symbol) [0x007F240B]
(No symbol) [0x007E4FF7]
BaseThreadInitThunk [0x76837BA9+25]
RtlInitializeExceptionChain [0x7751BD2B+107]
RtlClearBits [0x7751BCAF+191]

at com.cztffa.application.ChromeWebApplication.launch(ChromeWebApplication.java:37)
at com.cztffa.application.ChromeWebApplication.launch(ChromeWebApplication.java:20)
at com.cztffa.driver.SeleniumUIDriver.launch(SeleniumUIDriver.java:33)
at com.cztffa.page.base.BasePage.launch(BasePage.java:62)
at com.cztffa.cucumber.parallel.ProductStepDefinition._i_am_at_the_home_page(ProductStepDefinition.java:56)
at ✽.: I am at the home page(file:///C:/Users/hp/Downloads/cztffa-Automation%20(2)/cztffa-Automation/scripts/cucumber/src/test/resources/com/cztffa/cucumber/parallel/Personal.feature:379)
]]>
    </error>
  </testcase> <!-- runScenario -->
  <system-out/>
  <testcase name="runScenario" time="7.417" classname="com.cztffa.cucumber.parallel.CZTFFAFeatureRunner">
    <error type="com.cztffa.exception.FrameworkException" message="Failed to launch Chrome - {}session not created: This version of ChromeDriver only supports Chrome version 114
Current browser version is 120.0.6099.225 with binary path C:\Program Files\Google\Chrome\Application\chrome.exe
Build info: version: &#039;3.141.59&#039;, revision: &#039;e82be7d358&#039;, time: &#039;2018-11-14T08:17:03&#039;
System info: host: &#039;LAPTOP-KJOQ7211&#039;, ip: &#039;192.168.29.57&#039;, os.name: &#039;Windows 10&#039;, os.arch: &#039;amd64&#039;, os.version: &#039;10.0&#039;, java.version: &#039;1.8.0_202&#039;
Driver info: driver.version: SeleniumUIDriver
remote stacktrace: Backtrace:
	GetHandleVerifier [0x0085A813+48355]
	(No symbol) [0x007EC4B1]
	(No symbol) [0x006F5358]
	(No symbol) [0x007161AC]
	(No symbol) [0x00711EF3]
	(No symbol) [0x00710579]
	(No symbol) [0x00740C55]
	(No symbol) [0x0074093C]
	(No symbol) [0x0073A536]
	(No symbol) [0x007182DC]
	(No symbol) [0x007193DD]
	GetHandleVerifier [0x00ABAABD+2539405]
	GetHandleVerifier [0x00AFA78F+2800735]
	GetHandleVerifier [0x00AF456C+2775612]
	GetHandleVerifier [0x008E51E0+616112]
	(No symbol) [0x007F5F8C]
	(No symbol) [0x007F2328]
	(No symbol) [0x007F240B]
	(No symbol) [0x007E4FF7]
	BaseThreadInitThunk [0x76837BA9+25]
	RtlInitializeExceptionChain [0x7751BD2B+107]
	RtlClearBits [0x7751BCAF+191]
">
      <![CDATA[com.cztffa.exception.FrameworkException: Failed to launch Chrome - {}session not created: This version of ChromeDriver only supports Chrome version 114
Current browser version is 120.0.6099.225 with binary path C:\Program Files\Google\Chrome\Application\chrome.exe
Build info: version: '3.141.59', revision: 'e82be7d358', time: '2018-11-14T08:17:03'
System info: host: 'LAPTOP-KJOQ7211', ip: '192.168.29.57', os.name: 'Windows 10', os.arch: 'amd64', os.version: '10.0', java.version: '1.8.0_202'
Driver info: driver.version: SeleniumUIDriver
remote stacktrace: Backtrace:
GetHandleVerifier [0x0085A813+48355]
(No symbol) [0x007EC4B1]
(No symbol) [0x006F5358]
(No symbol) [0x007161AC]
(No symbol) [0x00711EF3]
(No symbol) [0x00710579]
(No symbol) [0x00740C55]
(No symbol) [0x0074093C]
(No symbol) [0x0073A536]
(No symbol) [0x007182DC]
(No symbol) [0x007193DD]
GetHandleVerifier [0x00ABAABD+2539405]
GetHandleVerifier [0x00AFA78F+2800735]
GetHandleVerifier [0x00AF456C+2775612]
GetHandleVerifier [0x008E51E0+616112]
(No symbol) [0x007F5F8C]
(No symbol) [0x007F2328]
(No symbol) [0x007F240B]
(No symbol) [0x007E4FF7]
BaseThreadInitThunk [0x76837BA9+25]
RtlInitializeExceptionChain [0x7751BD2B+107]
RtlClearBits [0x7751BCAF+191]

at com.cztffa.application.ChromeWebApplication.launch(ChromeWebApplication.java:37)
at com.cztffa.application.ChromeWebApplication.launch(ChromeWebApplication.java:20)
at com.cztffa.driver.SeleniumUIDriver.launch(SeleniumUIDriver.java:33)
at com.cztffa.page.base.BasePage.launch(BasePage.java:62)
at com.cztffa.cucumber.parallel.ProductStepDefinition._i_am_at_the_home_page(ProductStepDefinition.java:56)
at ✽.: I am at the home page(file:///C:/Users/hp/Downloads/cztffa-Automation%20(2)/cztffa-Automation/scripts/cucumber/src/test/resources/com/cztffa/cucumber/parallel/Product.feature:37)
]]>
    </error>
  </testcase> <!-- runScenario -->
  <system-out/>
  <testcase name="runScenario" time="8.000" classname="com.cztffa.cucumber.parallel.CZTFFAFeatureRunner">
    <error type="com.cztffa.exception.FrameworkException" message="Failed to launch Chrome - {}session not created: This version of ChromeDriver only supports Chrome version 114
Current browser version is 120.0.6099.225 with binary path C:\Program Files\Google\Chrome\Application\chrome.exe
Build info: version: &#039;3.141.59&#039;, revision: &#039;e82be7d358&#039;, time: &#039;2018-11-14T08:17:03&#039;
System info: host: &#039;LAPTOP-KJOQ7211&#039;, ip: &#039;192.168.29.57&#039;, os.name: &#039;Windows 10&#039;, os.arch: &#039;amd64&#039;, os.version: &#039;10.0&#039;, java.version: &#039;1.8.0_202&#039;
Driver info: driver.version: SeleniumUIDriver
remote stacktrace: Backtrace:
	GetHandleVerifier [0x0085A813+48355]
	(No symbol) [0x007EC4B1]
	(No symbol) [0x006F5358]
	(No symbol) [0x007161AC]
	(No symbol) [0x00711EF3]
	(No symbol) [0x00710579]
	(No symbol) [0x00740C55]
	(No symbol) [0x0074093C]
	(No symbol) [0x0073A536]
	(No symbol) [0x007182DC]
	(No symbol) [0x007193DD]
	GetHandleVerifier [0x00ABAABD+2539405]
	GetHandleVerifier [0x00AFA78F+2800735]
	GetHandleVerifier [0x00AF456C+2775612]
	GetHandleVerifier [0x008E51E0+616112]
	(No symbol) [0x007F5F8C]
	(No symbol) [0x007F2328]
	(No symbol) [0x007F240B]
	(No symbol) [0x007E4FF7]
	BaseThreadInitThunk [0x76837BA9+25]
	RtlInitializeExceptionChain [0x7751BD2B+107]
	RtlClearBits [0x7751BCAF+191]
">
      <![CDATA[com.cztffa.exception.FrameworkException: Failed to launch Chrome - {}session not created: This version of ChromeDriver only supports Chrome version 114
Current browser version is 120.0.6099.225 with binary path C:\Program Files\Google\Chrome\Application\chrome.exe
Build info: version: '3.141.59', revision: 'e82be7d358', time: '2018-11-14T08:17:03'
System info: host: 'LAPTOP-KJOQ7211', ip: '192.168.29.57', os.name: 'Windows 10', os.arch: 'amd64', os.version: '10.0', java.version: '1.8.0_202'
Driver info: driver.version: SeleniumUIDriver
remote stacktrace: Backtrace:
GetHandleVerifier [0x0085A813+48355]
(No symbol) [0x007EC4B1]
(No symbol) [0x006F5358]
(No symbol) [0x007161AC]
(No symbol) [0x00711EF3]
(No symbol) [0x00710579]
(No symbol) [0x00740C55]
(No symbol) [0x0074093C]
(No symbol) [0x0073A536]
(No symbol) [0x007182DC]
(No symbol) [0x007193DD]
GetHandleVerifier [0x00ABAABD+2539405]
GetHandleVerifier [0x00AFA78F+2800735]
GetHandleVerifier [0x00AF456C+2775612]
GetHandleVerifier [0x008E51E0+616112]
(No symbol) [0x007F5F8C]
(No symbol) [0x007F2328]
(No symbol) [0x007F240B]
(No symbol) [0x007E4FF7]
BaseThreadInitThunk [0x76837BA9+25]
RtlInitializeExceptionChain [0x7751BD2B+107]
RtlClearBits [0x7751BCAF+191]

at com.cztffa.application.ChromeWebApplication.launch(ChromeWebApplication.java:37)
at com.cztffa.application.ChromeWebApplication.launch(ChromeWebApplication.java:20)
at com.cztffa.driver.SeleniumUIDriver.launch(SeleniumUIDriver.java:33)
at com.cztffa.page.base.BasePage.launch(BasePage.java:62)
at com.cztffa.cucumber.parallel.ProductStepDefinition._i_am_at_the_home_page(ProductStepDefinition.java:56)
at ✽.: I am at the home page(file:///C:/Users/hp/Downloads/cztffa-Automation%20(2)/cztffa-Automation/scripts/cucumber/src/test/resources/com/cztffa/cucumber/parallel/AccountDetails.feature:60)
]]>
    </error>
  </testcase> <!-- runScenario -->
  <system-out/>
  <testcase name="runScenario" time="4.887" classname="com.cztffa.cucumber.parallel.CZTFFAFeatureRunner">
    <error type="com.cztffa.exception.FrameworkException" message="Failed to launch Chrome - {}session not created: This version of ChromeDriver only supports Chrome version 114
Current browser version is 120.0.6099.225 with binary path C:\Program Files\Google\Chrome\Application\chrome.exe
Build info: version: &#039;3.141.59&#039;, revision: &#039;e82be7d358&#039;, time: &#039;2018-11-14T08:17:03&#039;
System info: host: &#039;LAPTOP-KJOQ7211&#039;, ip: &#039;192.168.29.57&#039;, os.name: &#039;Windows 10&#039;, os.arch: &#039;amd64&#039;, os.version: &#039;10.0&#039;, java.version: &#039;1.8.0_202&#039;
Driver info: driver.version: SeleniumUIDriver
remote stacktrace: Backtrace:
	GetHandleVerifier [0x0085A813+48355]
	(No symbol) [0x007EC4B1]
	(No symbol) [0x006F5358]
	(No symbol) [0x007161AC]
	(No symbol) [0x00711EF3]
	(No symbol) [0x00710579]
	(No symbol) [0x00740C55]
	(No symbol) [0x0074093C]
	(No symbol) [0x0073A536]
	(No symbol) [0x007182DC]
	(No symbol) [0x007193DD]
	GetHandleVerifier [0x00ABAABD+2539405]
	GetHandleVerifier [0x00AFA78F+2800735]
	GetHandleVerifier [0x00AF456C+2775612]
	GetHandleVerifier [0x008E51E0+616112]
	(No symbol) [0x007F5F8C]
	(No symbol) [0x007F2328]
	(No symbol) [0x007F240B]
	(No symbol) [0x007E4FF7]
	BaseThreadInitThunk [0x76837BA9+25]
	RtlInitializeExceptionChain [0x7751BD2B+107]
	RtlClearBits [0x7751BCAF+191]
">
      <![CDATA[com.cztffa.exception.FrameworkException: Failed to launch Chrome - {}session not created: This version of ChromeDriver only supports Chrome version 114
Current browser version is 120.0.6099.225 with binary path C:\Program Files\Google\Chrome\Application\chrome.exe
Build info: version: '3.141.59', revision: 'e82be7d358', time: '2018-11-14T08:17:03'
System info: host: 'LAPTOP-KJOQ7211', ip: '192.168.29.57', os.name: 'Windows 10', os.arch: 'amd64', os.version: '10.0', java.version: '1.8.0_202'
Driver info: driver.version: SeleniumUIDriver
remote stacktrace: Backtrace:
GetHandleVerifier [0x0085A813+48355]
(No symbol) [0x007EC4B1]
(No symbol) [0x006F5358]
(No symbol) [0x007161AC]
(No symbol) [0x00711EF3]
(No symbol) [0x00710579]
(No symbol) [0x00740C55]
(No symbol) [0x0074093C]
(No symbol) [0x0073A536]
(No symbol) [0x007182DC]
(No symbol) [0x007193DD]
GetHandleVerifier [0x00ABAABD+2539405]
GetHandleVerifier [0x00AFA78F+2800735]
GetHandleVerifier [0x00AF456C+2775612]
GetHandleVerifier [0x008E51E0+616112]
(No symbol) [0x007F5F8C]
(No symbol) [0x007F2328]
(No symbol) [0x007F240B]
(No symbol) [0x007E4FF7]
BaseThreadInitThunk [0x76837BA9+25]
RtlInitializeExceptionChain [0x7751BD2B+107]
RtlClearBits [0x7751BCAF+191]

at com.cztffa.application.ChromeWebApplication.launch(ChromeWebApplication.java:37)
at com.cztffa.application.ChromeWebApplication.launch(ChromeWebApplication.java:20)
at com.cztffa.driver.SeleniumUIDriver.launch(SeleniumUIDriver.java:33)
at com.cztffa.page.base.BasePage.launch(BasePage.java:62)
at com.cztffa.cucumber.parallel.ProductStepDefinition._i_am_at_the_home_page(ProductStepDefinition.java:56)
at ✽.: I am at the home page(file:///C:/Users/hp/Downloads/cztffa-Automation%20(2)/cztffa-Automation/scripts/cucumber/src/test/resources/com/cztffa/cucumber/parallel/SaveResume.feature:5)
]]>
    </error>
  </testcase> <!-- runScenario -->
  <system-out/>
  <testcase name="runScenario" time="7.882" classname="com.cztffa.cucumber.parallel.CZTFFAFeatureRunner">
    <error type="com.cztffa.exception.FrameworkException" message="Failed to launch Chrome - {}session not created: This version of ChromeDriver only supports Chrome version 114
Current browser version is 120.0.6099.225 with binary path C:\Program Files\Google\Chrome\Application\chrome.exe
Build info: version: &#039;3.141.59&#039;, revision: &#039;e82be7d358&#039;, time: &#039;2018-11-14T08:17:03&#039;
System info: host: &#039;LAPTOP-KJOQ7211&#039;, ip: &#039;192.168.29.57&#039;, os.name: &#039;Windows 10&#039;, os.arch: &#039;amd64&#039;, os.version: &#039;10.0&#039;, java.version: &#039;1.8.0_202&#039;
Driver info: driver.version: SeleniumUIDriver
remote stacktrace: Backtrace:
	GetHandleVerifier [0x0085A813+48355]
	(No symbol) [0x007EC4B1]
	(No symbol) [0x006F5358]
	(No symbol) [0x007161AC]
	(No symbol) [0x00711EF3]
	(No symbol) [0x00710579]
	(No symbol) [0x00740C55]
	(No symbol) [0x0074093C]
	(No symbol) [0x0073A536]
	(No symbol) [0x007182DC]
	(No symbol) [0x007193DD]
	GetHandleVerifier [0x00ABAABD+2539405]
	GetHandleVerifier [0x00AFA78F+2800735]
	GetHandleVerifier [0x00AF456C+2775612]
	GetHandleVerifier [0x008E51E0+616112]
	(No symbol) [0x007F5F8C]
	(No symbol) [0x007F2328]
	(No symbol) [0x007F240B]
	(No symbol) [0x007E4FF7]
	BaseThreadInitThunk [0x76837BA9+25]
	RtlInitializeExceptionChain [0x7751BD2B+107]
	RtlClearBits [0x7751BCAF+191]
">
      <![CDATA[com.cztffa.exception.FrameworkException: Failed to launch Chrome - {}session not created: This version of ChromeDriver only supports Chrome version 114
Current browser version is 120.0.6099.225 with binary path C:\Program Files\Google\Chrome\Application\chrome.exe
Build info: version: '3.141.59', revision: 'e82be7d358', time: '2018-11-14T08:17:03'
System info: host: 'LAPTOP-KJOQ7211', ip: '192.168.29.57', os.name: 'Windows 10', os.arch: 'amd64', os.version: '10.0', java.version: '1.8.0_202'
Driver info: driver.version: SeleniumUIDriver
remote stacktrace: Backtrace:
GetHandleVerifier [0x0085A813+48355]
(No symbol) [0x007EC4B1]
(No symbol) [0x006F5358]
(No symbol) [0x007161AC]
(No symbol) [0x00711EF3]
(No symbol) [0x00710579]
(No symbol) [0x00740C55]
(No symbol) [0x0074093C]
(No symbol) [0x0073A536]
(No symbol) [0x007182DC]
(No symbol) [0x007193DD]
GetHandleVerifier [0x00ABAABD+2539405]
GetHandleVerifier [0x00AFA78F+2800735]
GetHandleVerifier [0x00AF456C+2775612]
GetHandleVerifier [0x008E51E0+616112]
(No symbol) [0x007F5F8C]
(No symbol) [0x007F2328]
(No symbol) [0x007F240B]
(No symbol) [0x007E4FF7]
BaseThreadInitThunk [0x76837BA9+25]
RtlInitializeExceptionChain [0x7751BD2B+107]
RtlClearBits [0x7751BCAF+191]

at com.cztffa.application.ChromeWebApplication.launch(ChromeWebApplication.java:37)
at com.cztffa.application.ChromeWebApplication.launch(ChromeWebApplication.java:20)
at com.cztffa.driver.SeleniumUIDriver.launch(SeleniumUIDriver.java:33)
at com.cztffa.page.base.BasePage.launch(BasePage.java:62)
at com.cztffa.cucumber.parallel.ProductStepDefinition._i_am_at_the_home_page(ProductStepDefinition.java:56)
at ✽.: I am at the home page(file:///C:/Users/hp/Downloads/cztffa-Automation%20(2)/cztffa-Automation/scripts/cucumber/src/test/resources/com/cztffa/cucumber/parallel/Funding.feature:167)
]]>
    </error>
  </testcase> <!-- runScenario -->
  <system-out/>
  <testcase name="runScenario" time="7.951" classname="com.cztffa.cucumber.parallel.CZTFFAFeatureRunner">
    <error type="com.cztffa.exception.FrameworkException" message="Failed to launch Chrome - {}session not created: This version of ChromeDriver only supports Chrome version 114
Current browser version is 120.0.6099.225 with binary path C:\Program Files\Google\Chrome\Application\chrome.exe
Build info: version: &#039;3.141.59&#039;, revision: &#039;e82be7d358&#039;, time: &#039;2018-11-14T08:17:03&#039;
System info: host: &#039;LAPTOP-KJOQ7211&#039;, ip: &#039;192.168.29.57&#039;, os.name: &#039;Windows 10&#039;, os.arch: &#039;amd64&#039;, os.version: &#039;10.0&#039;, java.version: &#039;1.8.0_202&#039;
Driver info: driver.version: SeleniumUIDriver
remote stacktrace: Backtrace:
	GetHandleVerifier [0x0085A813+48355]
	(No symbol) [0x007EC4B1]
	(No symbol) [0x006F5358]
	(No symbol) [0x007161AC]
	(No symbol) [0x00711EF3]
	(No symbol) [0x00710579]
	(No symbol) [0x00740C55]
	(No symbol) [0x0074093C]
	(No symbol) [0x0073A536]
	(No symbol) [0x007182DC]
	(No symbol) [0x007193DD]
	GetHandleVerifier [0x00ABAABD+2539405]
	GetHandleVerifier [0x00AFA78F+2800735]
	GetHandleVerifier [0x00AF456C+2775612]
	GetHandleVerifier [0x008E51E0+616112]
	(No symbol) [0x007F5F8C]
	(No symbol) [0x007F2328]
	(No symbol) [0x007F240B]
	(No symbol) [0x007E4FF7]
	BaseThreadInitThunk [0x76837BA9+25]
	RtlInitializeExceptionChain [0x7751BD2B+107]
	RtlClearBits [0x7751BCAF+191]
">
      <![CDATA[com.cztffa.exception.FrameworkException: Failed to launch Chrome - {}session not created: This version of ChromeDriver only supports Chrome version 114
Current browser version is 120.0.6099.225 with binary path C:\Program Files\Google\Chrome\Application\chrome.exe
Build info: version: '3.141.59', revision: 'e82be7d358', time: '2018-11-14T08:17:03'
System info: host: 'LAPTOP-KJOQ7211', ip: '192.168.29.57', os.name: 'Windows 10', os.arch: 'amd64', os.version: '10.0', java.version: '1.8.0_202'
Driver info: driver.version: SeleniumUIDriver
remote stacktrace: Backtrace:
GetHandleVerifier [0x0085A813+48355]
(No symbol) [0x007EC4B1]
(No symbol) [0x006F5358]
(No symbol) [0x007161AC]
(No symbol) [0x00711EF3]
(No symbol) [0x00710579]
(No symbol) [0x00740C55]
(No symbol) [0x0074093C]
(No symbol) [0x0073A536]
(No symbol) [0x007182DC]
(No symbol) [0x007193DD]
GetHandleVerifier [0x00ABAABD+2539405]
GetHandleVerifier [0x00AFA78F+2800735]
GetHandleVerifier [0x00AF456C+2775612]
GetHandleVerifier [0x008E51E0+616112]
(No symbol) [0x007F5F8C]
(No symbol) [0x007F2328]
(No symbol) [0x007F240B]
(No symbol) [0x007E4FF7]
BaseThreadInitThunk [0x76837BA9+25]
RtlInitializeExceptionChain [0x7751BD2B+107]
RtlClearBits [0x7751BCAF+191]

at com.cztffa.application.ChromeWebApplication.launch(ChromeWebApplication.java:37)
at com.cztffa.application.ChromeWebApplication.launch(ChromeWebApplication.java:20)
at com.cztffa.driver.SeleniumUIDriver.launch(SeleniumUIDriver.java:33)
at com.cztffa.page.base.BasePage.launch(BasePage.java:62)
at com.cztffa.cucumber.parallel.ProductStepDefinition._i_am_at_the_home_page(ProductStepDefinition.java:56)
at ✽.: I am at the home page(file:///C:/Users/hp/Downloads/cztffa-Automation%20(2)/cztffa-Automation/scripts/cucumber/src/test/resources/com/cztffa/cucumber/parallel/Personal.feature:5)
]]>
    </error>
  </testcase> <!-- runScenario -->
  <system-out/>
  <testcase name="runScenario" time="6.291" classname="com.cztffa.cucumber.parallel.CZTFFAFeatureRunner">
    <error type="com.cztffa.exception.FrameworkException" message="Failed to launch Chrome - {}session not created: This version of ChromeDriver only supports Chrome version 114
Current browser version is 120.0.6099.225 with binary path C:\Program Files\Google\Chrome\Application\chrome.exe
Build info: version: &#039;3.141.59&#039;, revision: &#039;e82be7d358&#039;, time: &#039;2018-11-14T08:17:03&#039;
System info: host: &#039;LAPTOP-KJOQ7211&#039;, ip: &#039;192.168.29.57&#039;, os.name: &#039;Windows 10&#039;, os.arch: &#039;amd64&#039;, os.version: &#039;10.0&#039;, java.version: &#039;1.8.0_202&#039;
Driver info: driver.version: SeleniumUIDriver
remote stacktrace: Backtrace:
	GetHandleVerifier [0x0085A813+48355]
	(No symbol) [0x007EC4B1]
	(No symbol) [0x006F5358]
	(No symbol) [0x007161AC]
	(No symbol) [0x00711EF3]
	(No symbol) [0x00710579]
	(No symbol) [0x00740C55]
	(No symbol) [0x0074093C]
	(No symbol) [0x0073A536]
	(No symbol) [0x007182DC]
	(No symbol) [0x007193DD]
	GetHandleVerifier [0x00ABAABD+2539405]
	GetHandleVerifier [0x00AFA78F+2800735]
	GetHandleVerifier [0x00AF456C+2775612]
	GetHandleVerifier [0x008E51E0+616112]
	(No symbol) [0x007F5F8C]
	(No symbol) [0x007F2328]
	(No symbol) [0x007F240B]
	(No symbol) [0x007E4FF7]
	BaseThreadInitThunk [0x76837BA9+25]
	RtlInitializeExceptionChain [0x7751BD2B+107]
	RtlClearBits [0x7751BCAF+191]
">
      <![CDATA[com.cztffa.exception.FrameworkException: Failed to launch Chrome - {}session not created: This version of ChromeDriver only supports Chrome version 114
Current browser version is 120.0.6099.225 with binary path C:\Program Files\Google\Chrome\Application\chrome.exe
Build info: version: '3.141.59', revision: 'e82be7d358', time: '2018-11-14T08:17:03'
System info: host: 'LAPTOP-KJOQ7211', ip: '192.168.29.57', os.name: 'Windows 10', os.arch: 'amd64', os.version: '10.0', java.version: '1.8.0_202'
Driver info: driver.version: SeleniumUIDriver
remote stacktrace: Backtrace:
GetHandleVerifier [0x0085A813+48355]
(No symbol) [0x007EC4B1]
(No symbol) [0x006F5358]
(No symbol) [0x007161AC]
(No symbol) [0x00711EF3]
(No symbol) [0x00710579]
(No symbol) [0x00740C55]
(No symbol) [0x0074093C]
(No symbol) [0x0073A536]
(No symbol) [0x007182DC]
(No symbol) [0x007193DD]
GetHandleVerifier [0x00ABAABD+2539405]
GetHandleVerifier [0x00AFA78F+2800735]
GetHandleVerifier [0x00AF456C+2775612]
GetHandleVerifier [0x008E51E0+616112]
(No symbol) [0x007F5F8C]
(No symbol) [0x007F2328]
(No symbol) [0x007F240B]
(No symbol) [0x007E4FF7]
BaseThreadInitThunk [0x76837BA9+25]
RtlInitializeExceptionChain [0x7751BD2B+107]
RtlClearBits [0x7751BCAF+191]

at com.cztffa.application.ChromeWebApplication.launch(ChromeWebApplication.java:37)
at com.cztffa.application.ChromeWebApplication.launch(ChromeWebApplication.java:20)
at com.cztffa.driver.SeleniumUIDriver.launch(SeleniumUIDriver.java:33)
at com.cztffa.page.base.BasePage.launch(BasePage.java:62)
at com.cztffa.cucumber.parallel.ProductStepDefinition._i_am_at_the_home_page(ProductStepDefinition.java:56)
at ✽.: I am at the home page(file:///C:/Users/hp/Downloads/cztffa-Automation%20(2)/cztffa-Automation/scripts/cucumber/src/test/resources/com/cztffa/cucumber/parallel/Personal.feature:283)
]]>
    </error>
  </testcase> <!-- runScenario -->
  <system-out/>
  <testcase name="runScenario" time="4.911" classname="com.cztffa.cucumber.parallel.CZTFFAFeatureRunner">
    <error type="com.cztffa.exception.FrameworkException" message="Failed to launch Chrome - {}session not created: This version of ChromeDriver only supports Chrome version 114
Current browser version is 120.0.6099.225 with binary path C:\Program Files\Google\Chrome\Application\chrome.exe
Build info: version: &#039;3.141.59&#039;, revision: &#039;e82be7d358&#039;, time: &#039;2018-11-14T08:17:03&#039;
System info: host: &#039;LAPTOP-KJOQ7211&#039;, ip: &#039;192.168.29.57&#039;, os.name: &#039;Windows 10&#039;, os.arch: &#039;amd64&#039;, os.version: &#039;10.0&#039;, java.version: &#039;1.8.0_202&#039;
Driver info: driver.version: SeleniumUIDriver
remote stacktrace: Backtrace:
	GetHandleVerifier [0x0085A813+48355]
	(No symbol) [0x007EC4B1]
	(No symbol) [0x006F5358]
	(No symbol) [0x007161AC]
	(No symbol) [0x00711EF3]
	(No symbol) [0x00710579]
	(No symbol) [0x00740C55]
	(No symbol) [0x0074093C]
	(No symbol) [0x0073A536]
	(No symbol) [0x007182DC]
	(No symbol) [0x007193DD]
	GetHandleVerifier [0x00ABAABD+2539405]
	GetHandleVerifier [0x00AFA78F+2800735]
	GetHandleVerifier [0x00AF456C+2775612]
	GetHandleVerifier [0x008E51E0+616112]
	(No symbol) [0x007F5F8C]
	(No symbol) [0x007F2328]
	(No symbol) [0x007F240B]
	(No symbol) [0x007E4FF7]
	BaseThreadInitThunk [0x76837BA9+25]
	RtlInitializeExceptionChain [0x7751BD2B+107]
	RtlClearBits [0x7751BCAF+191]
">
      <![CDATA[com.cztffa.exception.FrameworkException: Failed to launch Chrome - {}session not created: This version of ChromeDriver only supports Chrome version 114
Current browser version is 120.0.6099.225 with binary path C:\Program Files\Google\Chrome\Application\chrome.exe
Build info: version: '3.141.59', revision: 'e82be7d358', time: '2018-11-14T08:17:03'
System info: host: 'LAPTOP-KJOQ7211', ip: '192.168.29.57', os.name: 'Windows 10', os.arch: 'amd64', os.version: '10.0', java.version: '1.8.0_202'
Driver info: driver.version: SeleniumUIDriver
remote stacktrace: Backtrace:
GetHandleVerifier [0x0085A813+48355]
(No symbol) [0x007EC4B1]
(No symbol) [0x006F5358]
(No symbol) [0x007161AC]
(No symbol) [0x00711EF3]
(No symbol) [0x00710579]
(No symbol) [0x00740C55]
(No symbol) [0x0074093C]
(No symbol) [0x0073A536]
(No symbol) [0x007182DC]
(No symbol) [0x007193DD]
GetHandleVerifier [0x00ABAABD+2539405]
GetHandleVerifier [0x00AFA78F+2800735]
GetHandleVerifier [0x00AF456C+2775612]
GetHandleVerifier [0x008E51E0+616112]
(No symbol) [0x007F5F8C]
(No symbol) [0x007F2328]
(No symbol) [0x007F240B]
(No symbol) [0x007E4FF7]
BaseThreadInitThunk [0x76837BA9+25]
RtlInitializeExceptionChain [0x7751BD2B+107]
RtlClearBits [0x7751BCAF+191]

at com.cztffa.application.ChromeWebApplication.launch(ChromeWebApplication.java:37)
at com.cztffa.application.ChromeWebApplication.launch(ChromeWebApplication.java:20)
at com.cztffa.driver.SeleniumUIDriver.launch(SeleniumUIDriver.java:33)
at com.cztffa.page.base.BasePage.launch(BasePage.java:62)
at com.cztffa.cucumber.parallel.ProductStepDefinition._i_am_at_the_home_page(ProductStepDefinition.java:56)
at ✽.: I am at the home page(file:///C:/Users/hp/Downloads/cztffa-Automation%20(2)/cztffa-Automation/scripts/cucumber/src/test/resources/com/cztffa/cucumber/parallel/Review.feature:87)
]]>
    </error>
  </testcase> <!-- runScenario -->
  <system-out/>
  <testcase name="runScenario" time="8.054" classname="com.cztffa.cucumber.parallel.CZTFFAFeatureRunner">
    <error type="com.cztffa.exception.FrameworkException" message="Failed to launch Chrome - {}session not created: This version of ChromeDriver only supports Chrome version 114
Current browser version is 120.0.6099.225 with binary path C:\Program Files\Google\Chrome\Application\chrome.exe
Build info: version: &#039;3.141.59&#039;, revision: &#039;e82be7d358&#039;, time: &#039;2018-11-14T08:17:03&#039;
System info: host: &#039;LAPTOP-KJOQ7211&#039;, ip: &#039;192.168.29.57&#039;, os.name: &#039;Windows 10&#039;, os.arch: &#039;amd64&#039;, os.version: &#039;10.0&#039;, java.version: &#039;1.8.0_202&#039;
Driver info: driver.version: SeleniumUIDriver
remote stacktrace: Backtrace:
	GetHandleVerifier [0x0085A813+48355]
	(No symbol) [0x007EC4B1]
	(No symbol) [0x006F5358]
	(No symbol) [0x007161AC]
	(No symbol) [0x00711EF3]
	(No symbol) [0x00710579]
	(No symbol) [0x00740C55]
	(No symbol) [0x0074093C]
	(No symbol) [0x0073A536]
	(No symbol) [0x007182DC]
	(No symbol) [0x007193DD]
	GetHandleVerifier [0x00ABAABD+2539405]
	GetHandleVerifier [0x00AFA78F+2800735]
	GetHandleVerifier [0x00AF456C+2775612]
	GetHandleVerifier [0x008E51E0+616112]
	(No symbol) [0x007F5F8C]
	(No symbol) [0x007F2328]
	(No symbol) [0x007F240B]
	(No symbol) [0x007E4FF7]
	BaseThreadInitThunk [0x76837BA9+25]
	RtlInitializeExceptionChain [0x7751BD2B+107]
	RtlClearBits [0x7751BCAF+191]
">
      <![CDATA[com.cztffa.exception.FrameworkException: Failed to launch Chrome - {}session not created: This version of ChromeDriver only supports Chrome version 114
Current browser version is 120.0.6099.225 with binary path C:\Program Files\Google\Chrome\Application\chrome.exe
Build info: version: '3.141.59', revision: 'e82be7d358', time: '2018-11-14T08:17:03'
System info: host: 'LAPTOP-KJOQ7211', ip: '192.168.29.57', os.name: 'Windows 10', os.arch: 'amd64', os.version: '10.0', java.version: '1.8.0_202'
Driver info: driver.version: SeleniumUIDriver
remote stacktrace: Backtrace:
GetHandleVerifier [0x0085A813+48355]
(No symbol) [0x007EC4B1]
(No symbol) [0x006F5358]
(No symbol) [0x007161AC]
(No symbol) [0x00711EF3]
(No symbol) [0x00710579]
(No symbol) [0x00740C55]
(No symbol) [0x0074093C]
(No symbol) [0x0073A536]
(No symbol) [0x007182DC]
(No symbol) [0x007193DD]
GetHandleVerifier [0x00ABAABD+2539405]
GetHandleVerifier [0x00AFA78F+2800735]
GetHandleVerifier [0x00AF456C+2775612]
GetHandleVerifier [0x008E51E0+616112]
(No symbol) [0x007F5F8C]
(No symbol) [0x007F2328]
(No symbol) [0x007F240B]
(No symbol) [0x007E4FF7]
BaseThreadInitThunk [0x76837BA9+25]
RtlInitializeExceptionChain [0x7751BD2B+107]
RtlClearBits [0x7751BCAF+191]

at com.cztffa.application.ChromeWebApplication.launch(ChromeWebApplication.java:37)
at com.cztffa.application.ChromeWebApplication.launch(ChromeWebApplication.java:20)
at com.cztffa.driver.SeleniumUIDriver.launch(SeleniumUIDriver.java:33)
at com.cztffa.page.base.BasePage.launch(BasePage.java:62)
at com.cztffa.cucumber.parallel.ProductStepDefinition._i_am_at_the_home_page(ProductStepDefinition.java:56)
at ✽.: I am at the home page(file:///C:/Users/hp/Downloads/cztffa-Automation%20(2)/cztffa-Automation/scripts/cucumber/src/test/resources/com/cztffa/cucumber/parallel/Funding.feature:5)
]]>
    </error>
  </testcase> <!-- runScenario -->
  <system-out/>
  <testcase name="runScenario" time="7.942" classname="com.cztffa.cucumber.parallel.CZTFFAFeatureRunner">
    <error type="com.cztffa.exception.FrameworkException" message="Failed to launch Chrome - {}session not created: This version of ChromeDriver only supports Chrome version 114
Current browser version is 120.0.6099.225 with binary path C:\Program Files\Google\Chrome\Application\chrome.exe
Build info: version: &#039;3.141.59&#039;, revision: &#039;e82be7d358&#039;, time: &#039;2018-11-14T08:17:03&#039;
System info: host: &#039;LAPTOP-KJOQ7211&#039;, ip: &#039;192.168.29.57&#039;, os.name: &#039;Windows 10&#039;, os.arch: &#039;amd64&#039;, os.version: &#039;10.0&#039;, java.version: &#039;1.8.0_202&#039;
Driver info: driver.version: SeleniumUIDriver
remote stacktrace: Backtrace:
	GetHandleVerifier [0x0085A813+48355]
	(No symbol) [0x007EC4B1]
	(No symbol) [0x006F5358]
	(No symbol) [0x007161AC]
	(No symbol) [0x00711EF3]
	(No symbol) [0x00710579]
	(No symbol) [0x00740C55]
	(No symbol) [0x0074093C]
	(No symbol) [0x0073A536]
	(No symbol) [0x007182DC]
	(No symbol) [0x007193DD]
	GetHandleVerifier [0x00ABAABD+2539405]
	GetHandleVerifier [0x00AFA78F+2800735]
	GetHandleVerifier [0x00AF456C+2775612]
	GetHandleVerifier [0x008E51E0+616112]
	(No symbol) [0x007F5F8C]
	(No symbol) [0x007F2328]
	(No symbol) [0x007F240B]
	(No symbol) [0x007E4FF7]
	BaseThreadInitThunk [0x76837BA9+25]
	RtlInitializeExceptionChain [0x7751BD2B+107]
	RtlClearBits [0x7751BCAF+191]
">
      <![CDATA[com.cztffa.exception.FrameworkException: Failed to launch Chrome - {}session not created: This version of ChromeDriver only supports Chrome version 114
Current browser version is 120.0.6099.225 with binary path C:\Program Files\Google\Chrome\Application\chrome.exe
Build info: version: '3.141.59', revision: 'e82be7d358', time: '2018-11-14T08:17:03'
System info: host: 'LAPTOP-KJOQ7211', ip: '192.168.29.57', os.name: 'Windows 10', os.arch: 'amd64', os.version: '10.0', java.version: '1.8.0_202'
Driver info: driver.version: SeleniumUIDriver
remote stacktrace: Backtrace:
GetHandleVerifier [0x0085A813+48355]
(No symbol) [0x007EC4B1]
(No symbol) [0x006F5358]
(No symbol) [0x007161AC]
(No symbol) [0x00711EF3]
(No symbol) [0x00710579]
(No symbol) [0x00740C55]
(No symbol) [0x0074093C]
(No symbol) [0x0073A536]
(No symbol) [0x007182DC]
(No symbol) [0x007193DD]
GetHandleVerifier [0x00ABAABD+2539405]
GetHandleVerifier [0x00AFA78F+2800735]
GetHandleVerifier [0x00AF456C+2775612]
GetHandleVerifier [0x008E51E0+616112]
(No symbol) [0x007F5F8C]
(No symbol) [0x007F2328]
(No symbol) [0x007F240B]
(No symbol) [0x007E4FF7]
BaseThreadInitThunk [0x76837BA9+25]
RtlInitializeExceptionChain [0x7751BD2B+107]
RtlClearBits [0x7751BCAF+191]

at com.cztffa.application.ChromeWebApplication.launch(ChromeWebApplication.java:37)
at com.cztffa.application.ChromeWebApplication.launch(ChromeWebApplication.java:20)
at com.cztffa.driver.SeleniumUIDriver.launch(SeleniumUIDriver.java:33)
at com.cztffa.page.base.BasePage.launch(BasePage.java:62)
at com.cztffa.cucumber.parallel.ProductStepDefinition._i_am_at_the_home_page(ProductStepDefinition.java:56)
at ✽.: I am at the home page(file:///C:/Users/hp/Downloads/cztffa-Automation%20(2)/cztffa-Automation/scripts/cucumber/src/test/resources/com/cztffa/cucumber/parallel/Funding.feature:89)
]]>
    </error>
  </testcase> <!-- runScenario -->
  <system-out/>
  <testcase name="runScenario" time="7.331" classname="com.cztffa.cucumber.parallel.CZTFFAFeatureRunner">
    <error type="com.cztffa.exception.FrameworkException" message="Failed to launch Chrome - {}session not created: This version of ChromeDriver only supports Chrome version 114
Current browser version is 120.0.6099.225 with binary path C:\Program Files\Google\Chrome\Application\chrome.exe
Build info: version: &#039;3.141.59&#039;, revision: &#039;e82be7d358&#039;, time: &#039;2018-11-14T08:17:03&#039;
System info: host: &#039;LAPTOP-KJOQ7211&#039;, ip: &#039;192.168.29.57&#039;, os.name: &#039;Windows 10&#039;, os.arch: &#039;amd64&#039;, os.version: &#039;10.0&#039;, java.version: &#039;1.8.0_202&#039;
Driver info: driver.version: SeleniumUIDriver
remote stacktrace: Backtrace:
	GetHandleVerifier [0x0085A813+48355]
	(No symbol) [0x007EC4B1]
	(No symbol) [0x006F5358]
	(No symbol) [0x007161AC]
	(No symbol) [0x00711EF3]
	(No symbol) [0x00710579]
	(No symbol) [0x00740C55]
	(No symbol) [0x0074093C]
	(No symbol) [0x0073A536]
	(No symbol) [0x007182DC]
	(No symbol) [0x007193DD]
	GetHandleVerifier [0x00ABAABD+2539405]
	GetHandleVerifier [0x00AFA78F+2800735]
	GetHandleVerifier [0x00AF456C+2775612]
	GetHandleVerifier [0x008E51E0+616112]
	(No symbol) [0x007F5F8C]
	(No symbol) [0x007F2328]
	(No symbol) [0x007F240B]
	(No symbol) [0x007E4FF7]
	BaseThreadInitThunk [0x76837BA9+25]
	RtlInitializeExceptionChain [0x7751BD2B+107]
	RtlClearBits [0x7751BCAF+191]
">
      <![CDATA[com.cztffa.exception.FrameworkException: Failed to launch Chrome - {}session not created: This version of ChromeDriver only supports Chrome version 114
Current browser version is 120.0.6099.225 with binary path C:\Program Files\Google\Chrome\Application\chrome.exe
Build info: version: '3.141.59', revision: 'e82be7d358', time: '2018-11-14T08:17:03'
System info: host: 'LAPTOP-KJOQ7211', ip: '192.168.29.57', os.name: 'Windows 10', os.arch: 'amd64', os.version: '10.0', java.version: '1.8.0_202'
Driver info: driver.version: SeleniumUIDriver
remote stacktrace: Backtrace:
GetHandleVerifier [0x0085A813+48355]
(No symbol) [0x007EC4B1]
(No symbol) [0x006F5358]
(No symbol) [0x007161AC]
(No symbol) [0x00711EF3]
(No symbol) [0x00710579]
(No symbol) [0x00740C55]
(No symbol) [0x0074093C]
(No symbol) [0x0073A536]
(No symbol) [0x007182DC]
(No symbol) [0x007193DD]
GetHandleVerifier [0x00ABAABD+2539405]
GetHandleVerifier [0x00AFA78F+2800735]
GetHandleVerifier [0x00AF456C+2775612]
GetHandleVerifier [0x008E51E0+616112]
(No symbol) [0x007F5F8C]
(No symbol) [0x007F2328]
(No symbol) [0x007F240B]
(No symbol) [0x007E4FF7]
BaseThreadInitThunk [0x76837BA9+25]
RtlInitializeExceptionChain [0x7751BD2B+107]
RtlClearBits [0x7751BCAF+191]

at com.cztffa.application.ChromeWebApplication.launch(ChromeWebApplication.java:37)
at com.cztffa.application.ChromeWebApplication.launch(ChromeWebApplication.java:20)
at com.cztffa.driver.SeleniumUIDriver.launch(SeleniumUIDriver.java:33)
at com.cztffa.page.base.BasePage.launch(BasePage.java:62)
at com.cztffa.cucumber.parallel.ProductStepDefinition._i_am_at_the_home_page(ProductStepDefinition.java:56)
at ✽.: I am at the home page(file:///C:/Users/hp/Downloads/cztffa-Automation%20(2)/cztffa-Automation/scripts/cucumber/src/test/resources/com/cztffa/cucumber/parallel/Product.feature:21)
]]>
    </error>
  </testcase> <!-- runScenario -->
  <system-out/>
  <testcase name="runScenario" time="7.629" classname="com.cztffa.cucumber.parallel.CZTFFAFeatureRunner">
    <error type="com.cztffa.exception.FrameworkException" message="Failed to launch Chrome - {}session not created: This version of ChromeDriver only supports Chrome version 114
Current browser version is 120.0.6099.225 with binary path C:\Program Files\Google\Chrome\Application\chrome.exe
Build info: version: &#039;3.141.59&#039;, revision: &#039;e82be7d358&#039;, time: &#039;2018-11-14T08:17:03&#039;
System info: host: &#039;LAPTOP-KJOQ7211&#039;, ip: &#039;192.168.29.57&#039;, os.name: &#039;Windows 10&#039;, os.arch: &#039;amd64&#039;, os.version: &#039;10.0&#039;, java.version: &#039;1.8.0_202&#039;
Driver info: driver.version: SeleniumUIDriver
remote stacktrace: Backtrace:
	GetHandleVerifier [0x0085A813+48355]
	(No symbol) [0x007EC4B1]
	(No symbol) [0x006F5358]
	(No symbol) [0x007161AC]
	(No symbol) [0x00711EF3]
	(No symbol) [0x00710579]
	(No symbol) [0x00740C55]
	(No symbol) [0x0074093C]
	(No symbol) [0x0073A536]
	(No symbol) [0x007182DC]
	(No symbol) [0x007193DD]
	GetHandleVerifier [0x00ABAABD+2539405]
	GetHandleVerifier [0x00AFA78F+2800735]
	GetHandleVerifier [0x00AF456C+2775612]
	GetHandleVerifier [0x008E51E0+616112]
	(No symbol) [0x007F5F8C]
	(No symbol) [0x007F2328]
	(No symbol) [0x007F240B]
	(No symbol) [0x007E4FF7]
	BaseThreadInitThunk [0x76837BA9+25]
	RtlInitializeExceptionChain [0x7751BD2B+107]
	RtlClearBits [0x7751BCAF+191]
">
      <![CDATA[com.cztffa.exception.FrameworkException: Failed to launch Chrome - {}session not created: This version of ChromeDriver only supports Chrome version 114
Current browser version is 120.0.6099.225 with binary path C:\Program Files\Google\Chrome\Application\chrome.exe
Build info: version: '3.141.59', revision: 'e82be7d358', time: '2018-11-14T08:17:03'
System info: host: 'LAPTOP-KJOQ7211', ip: '192.168.29.57', os.name: 'Windows 10', os.arch: 'amd64', os.version: '10.0', java.version: '1.8.0_202'
Driver info: driver.version: SeleniumUIDriver
remote stacktrace: Backtrace:
GetHandleVerifier [0x0085A813+48355]
(No symbol) [0x007EC4B1]
(No symbol) [0x006F5358]
(No symbol) [0x007161AC]
(No symbol) [0x00711EF3]
(No symbol) [0x00710579]
(No symbol) [0x00740C55]
(No symbol) [0x0074093C]
(No symbol) [0x0073A536]
(No symbol) [0x007182DC]
(No symbol) [0x007193DD]
GetHandleVerifier [0x00ABAABD+2539405]
GetHandleVerifier [0x00AFA78F+2800735]
GetHandleVerifier [0x00AF456C+2775612]
GetHandleVerifier [0x008E51E0+616112]
(No symbol) [0x007F5F8C]
(No symbol) [0x007F2328]
(No symbol) [0x007F240B]
(No symbol) [0x007E4FF7]
BaseThreadInitThunk [0x76837BA9+25]
RtlInitializeExceptionChain [0x7751BD2B+107]
RtlClearBits [0x7751BCAF+191]

at com.cztffa.application.ChromeWebApplication.launch(ChromeWebApplication.java:37)
at com.cztffa.application.ChromeWebApplication.launch(ChromeWebApplication.java:20)
at com.cztffa.driver.SeleniumUIDriver.launch(SeleniumUIDriver.java:33)
at com.cztffa.page.base.BasePage.launch(BasePage.java:62)
at com.cztffa.cucumber.parallel.ProductStepDefinition._i_am_at_the_home_page(ProductStepDefinition.java:56)
at ✽.: I am at the home page(file:///C:/Users/hp/Downloads/cztffa-Automation%20(2)/cztffa-Automation/scripts/cucumber/src/test/resources/com/cztffa/cucumber/parallel/Product.feature:5)
]]>
    </error>
  </testcase> <!-- runScenario -->
  <system-out/>
  <testcase name="runScenario" time="8.698" classname="com.cztffa.cucumber.parallel.CZTFFAFeatureRunner">
    <error type="com.cztffa.exception.FrameworkException" message="Failed to launch Chrome - {}session not created: This version of ChromeDriver only supports Chrome version 114
Current browser version is 120.0.6099.225 with binary path C:\Program Files\Google\Chrome\Application\chrome.exe
Build info: version: &#039;3.141.59&#039;, revision: &#039;e82be7d358&#039;, time: &#039;2018-11-14T08:17:03&#039;
System info: host: &#039;LAPTOP-KJOQ7211&#039;, ip: &#039;192.168.29.57&#039;, os.name: &#039;Windows 10&#039;, os.arch: &#039;amd64&#039;, os.version: &#039;10.0&#039;, java.version: &#039;1.8.0_202&#039;
Driver info: driver.version: SeleniumUIDriver
remote stacktrace: Backtrace:
	GetHandleVerifier [0x0085A813+48355]
	(No symbol) [0x007EC4B1]
	(No symbol) [0x006F5358]
	(No symbol) [0x007161AC]
	(No symbol) [0x00711EF3]
	(No symbol) [0x00710579]
	(No symbol) [0x00740C55]
	(No symbol) [0x0074093C]
	(No symbol) [0x0073A536]
	(No symbol) [0x007182DC]
	(No symbol) [0x007193DD]
	GetHandleVerifier [0x00ABAABD+2539405]
	GetHandleVerifier [0x00AFA78F+2800735]
	GetHandleVerifier [0x00AF456C+2775612]
	GetHandleVerifier [0x008E51E0+616112]
	(No symbol) [0x007F5F8C]
	(No symbol) [0x007F2328]
	(No symbol) [0x007F240B]
	(No symbol) [0x007E4FF7]
	BaseThreadInitThunk [0x76837BA9+25]
	RtlInitializeExceptionChain [0x7751BD2B+107]
	RtlClearBits [0x7751BCAF+191]
">
      <![CDATA[com.cztffa.exception.FrameworkException: Failed to launch Chrome - {}session not created: This version of ChromeDriver only supports Chrome version 114
Current browser version is 120.0.6099.225 with binary path C:\Program Files\Google\Chrome\Application\chrome.exe
Build info: version: '3.141.59', revision: 'e82be7d358', time: '2018-11-14T08:17:03'
System info: host: 'LAPTOP-KJOQ7211', ip: '192.168.29.57', os.name: 'Windows 10', os.arch: 'amd64', os.version: '10.0', java.version: '1.8.0_202'
Driver info: driver.version: SeleniumUIDriver
remote stacktrace: Backtrace:
GetHandleVerifier [0x0085A813+48355]
(No symbol) [0x007EC4B1]
(No symbol) [0x006F5358]
(No symbol) [0x007161AC]
(No symbol) [0x00711EF3]
(No symbol) [0x00710579]
(No symbol) [0x00740C55]
(No symbol) [0x0074093C]
(No symbol) [0x0073A536]
(No symbol) [0x007182DC]
(No symbol) [0x007193DD]
GetHandleVerifier [0x00ABAABD+2539405]
GetHandleVerifier [0x00AFA78F+2800735]
GetHandleVerifier [0x00AF456C+2775612]
GetHandleVerifier [0x008E51E0+616112]
(No symbol) [0x007F5F8C]
(No symbol) [0x007F2328]
(No symbol) [0x007F240B]
(No symbol) [0x007E4FF7]
BaseThreadInitThunk [0x76837BA9+25]
RtlInitializeExceptionChain [0x7751BD2B+107]
RtlClearBits [0x7751BCAF+191]

at com.cztffa.application.ChromeWebApplication.launch(ChromeWebApplication.java:37)
at com.cztffa.application.ChromeWebApplication.launch(ChromeWebApplication.java:20)
at com.cztffa.driver.SeleniumUIDriver.launch(SeleniumUIDriver.java:33)
at com.cztffa.page.base.BasePage.launch(BasePage.java:62)
at com.cztffa.cucumber.parallel.ProductStepDefinition._i_am_at_the_home_page(ProductStepDefinition.java:56)
at ✽.: I am at the home page(file:///C:/Users/hp/Downloads/cztffa-Automation%20(2)/cztffa-Automation/scripts/cucumber/src/test/resources/com/cztffa/cucumber/parallel/AccountDetails.feature:170)
]]>
    </error>
  </testcase> <!-- runScenario -->
  <system-out/>
  <testcase name="runScenario" time="7.796" classname="com.cztffa.cucumber.parallel.CZTFFAFeatureRunner">
    <error type="com.cztffa.exception.FrameworkException" message="Failed to launch Chrome - {}session not created: This version of ChromeDriver only supports Chrome version 114
Current browser version is 120.0.6099.225 with binary path C:\Program Files\Google\Chrome\Application\chrome.exe
Build info: version: &#039;3.141.59&#039;, revision: &#039;e82be7d358&#039;, time: &#039;2018-11-14T08:17:03&#039;
System info: host: &#039;LAPTOP-KJOQ7211&#039;, ip: &#039;192.168.29.57&#039;, os.name: &#039;Windows 10&#039;, os.arch: &#039;amd64&#039;, os.version: &#039;10.0&#039;, java.version: &#039;1.8.0_202&#039;
Driver info: driver.version: SeleniumUIDriver
remote stacktrace: Backtrace:
	GetHandleVerifier [0x0085A813+48355]
	(No symbol) [0x007EC4B1]
	(No symbol) [0x006F5358]
	(No symbol) [0x007161AC]
	(No symbol) [0x00711EF3]
	(No symbol) [0x00710579]
	(No symbol) [0x00740C55]
	(No symbol) [0x0074093C]
	(No symbol) [0x0073A536]
	(No symbol) [0x007182DC]
	(No symbol) [0x007193DD]
	GetHandleVerifier [0x00ABAABD+2539405]
	GetHandleVerifier [0x00AFA78F+2800735]
	GetHandleVerifier [0x00AF456C+2775612]
	GetHandleVerifier [0x008E51E0+616112]
	(No symbol) [0x007F5F8C]
	(No symbol) [0x007F2328]
	(No symbol) [0x007F240B]
	(No symbol) [0x007E4FF7]
	BaseThreadInitThunk [0x76837BA9+25]
	RtlInitializeExceptionChain [0x7751BD2B+107]
	RtlClearBits [0x7751BCAF+191]
">
      <![CDATA[com.cztffa.exception.FrameworkException: Failed to launch Chrome - {}session not created: This version of ChromeDriver only supports Chrome version 114
Current browser version is 120.0.6099.225 with binary path C:\Program Files\Google\Chrome\Application\chrome.exe
Build info: version: '3.141.59', revision: 'e82be7d358', time: '2018-11-14T08:17:03'
System info: host: 'LAPTOP-KJOQ7211', ip: '192.168.29.57', os.name: 'Windows 10', os.arch: 'amd64', os.version: '10.0', java.version: '1.8.0_202'
Driver info: driver.version: SeleniumUIDriver
remote stacktrace: Backtrace:
GetHandleVerifier [0x0085A813+48355]
(No symbol) [0x007EC4B1]
(No symbol) [0x006F5358]
(No symbol) [0x007161AC]
(No symbol) [0x00711EF3]
(No symbol) [0x00710579]
(No symbol) [0x00740C55]
(No symbol) [0x0074093C]
(No symbol) [0x0073A536]
(No symbol) [0x007182DC]
(No symbol) [0x007193DD]
GetHandleVerifier [0x00ABAABD+2539405]
GetHandleVerifier [0x00AFA78F+2800735]
GetHandleVerifier [0x00AF456C+2775612]
GetHandleVerifier [0x008E51E0+616112]
(No symbol) [0x007F5F8C]
(No symbol) [0x007F2328]
(No symbol) [0x007F240B]
(No symbol) [0x007E4FF7]
BaseThreadInitThunk [0x76837BA9+25]
RtlInitializeExceptionChain [0x7751BD2B+107]
RtlClearBits [0x7751BCAF+191]

at com.cztffa.application.ChromeWebApplication.launch(ChromeWebApplication.java:37)
at com.cztffa.application.ChromeWebApplication.launch(ChromeWebApplication.java:20)
at com.cztffa.driver.SeleniumUIDriver.launch(SeleniumUIDriver.java:33)
at com.cztffa.page.base.BasePage.launch(BasePage.java:62)
at com.cztffa.cucumber.parallel.ProductStepDefinition._i_am_at_the_home_page(ProductStepDefinition.java:56)
at ✽.: I am at the home page(file:///C:/Users/hp/Downloads/cztffa-Automation%20(2)/cztffa-Automation/scripts/cucumber/src/test/resources/com/cztffa/cucumber/parallel/AccountDetails.feature:5)
]]>
    </error>
  </testcase> <!-- runScenario -->
  <system-out/>
  <testcase name="runScenario" time="5.935" classname="com.cztffa.cucumber.parallel.CZTFFAFeatureRunner">
    <error type="com.cztffa.exception.FrameworkException" message="Failed to launch Chrome - {}session not created: This version of ChromeDriver only supports Chrome version 114
Current browser version is 120.0.6099.225 with binary path C:\Program Files\Google\Chrome\Application\chrome.exe
Build info: version: &#039;3.141.59&#039;, revision: &#039;e82be7d358&#039;, time: &#039;2018-11-14T08:17:03&#039;
System info: host: &#039;LAPTOP-KJOQ7211&#039;, ip: &#039;192.168.29.57&#039;, os.name: &#039;Windows 10&#039;, os.arch: &#039;amd64&#039;, os.version: &#039;10.0&#039;, java.version: &#039;1.8.0_202&#039;
Driver info: driver.version: SeleniumUIDriver
remote stacktrace: Backtrace:
	GetHandleVerifier [0x0085A813+48355]
	(No symbol) [0x007EC4B1]
	(No symbol) [0x006F5358]
	(No symbol) [0x007161AC]
	(No symbol) [0x00711EF3]
	(No symbol) [0x00710579]
	(No symbol) [0x00740C55]
	(No symbol) [0x0074093C]
	(No symbol) [0x0073A536]
	(No symbol) [0x007182DC]
	(No symbol) [0x007193DD]
	GetHandleVerifier [0x00ABAABD+2539405]
	GetHandleVerifier [0x00AFA78F+2800735]
	GetHandleVerifier [0x00AF456C+2775612]
	GetHandleVerifier [0x008E51E0+616112]
	(No symbol) [0x007F5F8C]
	(No symbol) [0x007F2328]
	(No symbol) [0x007F240B]
	(No symbol) [0x007E4FF7]
	BaseThreadInitThunk [0x76837BA9+25]
	RtlInitializeExceptionChain [0x7751BD2B+107]
	RtlClearBits [0x7751BCAF+191]
">
      <![CDATA[com.cztffa.exception.FrameworkException: Failed to launch Chrome - {}session not created: This version of ChromeDriver only supports Chrome version 114
Current browser version is 120.0.6099.225 with binary path C:\Program Files\Google\Chrome\Application\chrome.exe
Build info: version: '3.141.59', revision: 'e82be7d358', time: '2018-11-14T08:17:03'
System info: host: 'LAPTOP-KJOQ7211', ip: '192.168.29.57', os.name: 'Windows 10', os.arch: 'amd64', os.version: '10.0', java.version: '1.8.0_202'
Driver info: driver.version: SeleniumUIDriver
remote stacktrace: Backtrace:
GetHandleVerifier [0x0085A813+48355]
(No symbol) [0x007EC4B1]
(No symbol) [0x006F5358]
(No symbol) [0x007161AC]
(No symbol) [0x00711EF3]
(No symbol) [0x00710579]
(No symbol) [0x00740C55]
(No symbol) [0x0074093C]
(No symbol) [0x0073A536]
(No symbol) [0x007182DC]
(No symbol) [0x007193DD]
GetHandleVerifier [0x00ABAABD+2539405]
GetHandleVerifier [0x00AFA78F+2800735]
GetHandleVerifier [0x00AF456C+2775612]
GetHandleVerifier [0x008E51E0+616112]
(No symbol) [0x007F5F8C]
(No symbol) [0x007F2328]
(No symbol) [0x007F240B]
(No symbol) [0x007E4FF7]
BaseThreadInitThunk [0x76837BA9+25]
RtlInitializeExceptionChain [0x7751BD2B+107]
RtlClearBits [0x7751BCAF+191]

at com.cztffa.application.ChromeWebApplication.launch(ChromeWebApplication.java:37)
at com.cztffa.application.ChromeWebApplication.launch(ChromeWebApplication.java:20)
at com.cztffa.driver.SeleniumUIDriver.launch(SeleniumUIDriver.java:33)
at com.cztffa.page.base.BasePage.launch(BasePage.java:62)
at com.cztffa.cucumber.parallel.ProductStepDefinition._i_am_at_the_home_page(ProductStepDefinition.java:56)
at ✽.: I am at the home page(file:///C:/Users/hp/Downloads/cztffa-Automation%20(2)/cztffa-Automation/scripts/cucumber/src/test/resources/com/cztffa/cucumber/parallel/Personal.feature:97)
]]>
    </error>
  </testcase> <!-- runScenario -->
  <system-out/>
  <testcase name="runScenario" time="6.523" classname="com.cztffa.cucumber.parallel.CZTFFAFeatureRunner">
    <error type="com.cztffa.exception.FrameworkException" message="Failed to launch Chrome - {}session not created: This version of ChromeDriver only supports Chrome version 114
Current browser version is 120.0.6099.225 with binary path C:\Program Files\Google\Chrome\Application\chrome.exe
Build info: version: &#039;3.141.59&#039;, revision: &#039;e82be7d358&#039;, time: &#039;2018-11-14T08:17:03&#039;
System info: host: &#039;LAPTOP-KJOQ7211&#039;, ip: &#039;192.168.29.57&#039;, os.name: &#039;Windows 10&#039;, os.arch: &#039;amd64&#039;, os.version: &#039;10.0&#039;, java.version: &#039;1.8.0_202&#039;
Driver info: driver.version: SeleniumUIDriver
remote stacktrace: Backtrace:
	GetHandleVerifier [0x0085A813+48355]
	(No symbol) [0x007EC4B1]
	(No symbol) [0x006F5358]
	(No symbol) [0x007161AC]
	(No symbol) [0x00711EF3]
	(No symbol) [0x00710579]
	(No symbol) [0x00740C55]
	(No symbol) [0x0074093C]
	(No symbol) [0x0073A536]
	(No symbol) [0x007182DC]
	(No symbol) [0x007193DD]
	GetHandleVerifier [0x00ABAABD+2539405]
	GetHandleVerifier [0x00AFA78F+2800735]
	GetHandleVerifier [0x00AF456C+2775612]
	GetHandleVerifier [0x008E51E0+616112]
	(No symbol) [0x007F5F8C]
	(No symbol) [0x007F2328]
	(No symbol) [0x007F240B]
	(No symbol) [0x007E4FF7]
	BaseThreadInitThunk [0x76837BA9+25]
	RtlInitializeExceptionChain [0x7751BD2B+107]
	RtlClearBits [0x7751BCAF+191]
">
      <![CDATA[com.cztffa.exception.FrameworkException: Failed to launch Chrome - {}session not created: This version of ChromeDriver only supports Chrome version 114
Current browser version is 120.0.6099.225 with binary path C:\Program Files\Google\Chrome\Application\chrome.exe
Build info: version: '3.141.59', revision: 'e82be7d358', time: '2018-11-14T08:17:03'
System info: host: 'LAPTOP-KJOQ7211', ip: '192.168.29.57', os.name: 'Windows 10', os.arch: 'amd64', os.version: '10.0', java.version: '1.8.0_202'
Driver info: driver.version: SeleniumUIDriver
remote stacktrace: Backtrace:
GetHandleVerifier [0x0085A813+48355]
(No symbol) [0x007EC4B1]
(No symbol) [0x006F5358]
(No symbol) [0x007161AC]
(No symbol) [0x00711EF3]
(No symbol) [0x00710579]
(No symbol) [0x00740C55]
(No symbol) [0x0074093C]
(No symbol) [0x0073A536]
(No symbol) [0x007182DC]
(No symbol) [0x007193DD]
GetHandleVerifier [0x00ABAABD+2539405]
GetHandleVerifier [0x00AFA78F+2800735]
GetHandleVerifier [0x00AF456C+2775612]
GetHandleVerifier [0x008E51E0+616112]
(No symbol) [0x007F5F8C]
(No symbol) [0x007F2328]
(No symbol) [0x007F240B]
(No symbol) [0x007E4FF7]
BaseThreadInitThunk [0x76837BA9+25]
RtlInitializeExceptionChain [0x7751BD2B+107]
RtlClearBits [0x7751BCAF+191]

at com.cztffa.application.ChromeWebApplication.launch(ChromeWebApplication.java:37)
at com.cztffa.application.ChromeWebApplication.launch(ChromeWebApplication.java:20)
at com.cztffa.driver.SeleniumUIDriver.launch(SeleniumUIDriver.java:33)
at com.cztffa.page.base.BasePage.launch(BasePage.java:62)
at com.cztffa.cucumber.parallel.ProductStepDefinition._i_am_at_the_home_page(ProductStepDefinition.java:56)
at ✽.: I am at the home page(file:///C:/Users/hp/Downloads/cztffa-Automation%20(2)/cztffa-Automation/scripts/cucumber/src/test/resources/com/cztffa/cucumber/parallel/Personal.feature:235)
]]>
    </error>
  </testcase> <!-- runScenario -->
  <system-out/>
  <testcase name="runScenario" time="8.391" classname="com.cztffa.cucumber.parallel.CZTFFAFeatureRunner">
    <error type="com.cztffa.exception.FrameworkException" message="Failed to launch Chrome - {}session not created: This version of ChromeDriver only supports Chrome version 114
Current browser version is 120.0.6099.225 with binary path C:\Program Files\Google\Chrome\Application\chrome.exe
Build info: version: &#039;3.141.59&#039;, revision: &#039;e82be7d358&#039;, time: &#039;2018-11-14T08:17:03&#039;
System info: host: &#039;LAPTOP-KJOQ7211&#039;, ip: &#039;192.168.29.57&#039;, os.name: &#039;Windows 10&#039;, os.arch: &#039;amd64&#039;, os.version: &#039;10.0&#039;, java.version: &#039;1.8.0_202&#039;
Driver info: driver.version: SeleniumUIDriver
remote stacktrace: Backtrace:
	GetHandleVerifier [0x0085A813+48355]
	(No symbol) [0x007EC4B1]
	(No symbol) [0x006F5358]
	(No symbol) [0x007161AC]
	(No symbol) [0x00711EF3]
	(No symbol) [0x00710579]
	(No symbol) [0x00740C55]
	(No symbol) [0x0074093C]
	(No symbol) [0x0073A536]
	(No symbol) [0x007182DC]
	(No symbol) [0x007193DD]
	GetHandleVerifier [0x00ABAABD+2539405]
	GetHandleVerifier [0x00AFA78F+2800735]
	GetHandleVerifier [0x00AF456C+2775612]
	GetHandleVerifier [0x008E51E0+616112]
	(No symbol) [0x007F5F8C]
	(No symbol) [0x007F2328]
	(No symbol) [0x007F240B]
	(No symbol) [0x007E4FF7]
	BaseThreadInitThunk [0x76837BA9+25]
	RtlInitializeExceptionChain [0x7751BD2B+107]
	RtlClearBits [0x7751BCAF+191]
">
      <![CDATA[com.cztffa.exception.FrameworkException: Failed to launch Chrome - {}session not created: This version of ChromeDriver only supports Chrome version 114
Current browser version is 120.0.6099.225 with binary path C:\Program Files\Google\Chrome\Application\chrome.exe
Build info: version: '3.141.59', revision: 'e82be7d358', time: '2018-11-14T08:17:03'
System info: host: 'LAPTOP-KJOQ7211', ip: '192.168.29.57', os.name: 'Windows 10', os.arch: 'amd64', os.version: '10.0', java.version: '1.8.0_202'
Driver info: driver.version: SeleniumUIDriver
remote stacktrace: Backtrace:
GetHandleVerifier [0x0085A813+48355]
(No symbol) [0x007EC4B1]
(No symbol) [0x006F5358]
(No symbol) [0x007161AC]
(No symbol) [0x00711EF3]
(No symbol) [0x00710579]
(No symbol) [0x00740C55]
(No symbol) [0x0074093C]
(No symbol) [0x0073A536]
(No symbol) [0x007182DC]
(No symbol) [0x007193DD]
GetHandleVerifier [0x00ABAABD+2539405]
GetHandleVerifier [0x00AFA78F+2800735]
GetHandleVerifier [0x00AF456C+2775612]
GetHandleVerifier [0x008E51E0+616112]
(No symbol) [0x007F5F8C]
(No symbol) [0x007F2328]
(No symbol) [0x007F240B]
(No symbol) [0x007E4FF7]
BaseThreadInitThunk [0x76837BA9+25]
RtlInitializeExceptionChain [0x7751BD2B+107]
RtlClearBits [0x7751BCAF+191]

at com.cztffa.application.ChromeWebApplication.launch(ChromeWebApplication.java:37)
at com.cztffa.application.ChromeWebApplication.launch(ChromeWebApplication.java:20)
at com.cztffa.driver.SeleniumUIDriver.launch(SeleniumUIDriver.java:33)
at com.cztffa.page.base.BasePage.launch(BasePage.java:62)
at com.cztffa.cucumber.parallel.ProductStepDefinition._i_am_at_the_home_page(ProductStepDefinition.java:56)
at ✽.: I am at the home page(file:///C:/Users/hp/Downloads/cztffa-Automation%20(2)/cztffa-Automation/scripts/cucumber/src/test/resources/com/cztffa/cucumber/parallel/AccountDetails.feature:238)
]]>
    </error>
  </testcase> <!-- runScenario -->
  <system-out/>
  <testcase name="runScenario" time="8.422" classname="com.cztffa.cucumber.parallel.CZTFFAFeatureRunner">
    <error type="com.cztffa.exception.FrameworkException" message="Failed to launch Chrome - {}session not created: This version of ChromeDriver only supports Chrome version 114
Current browser version is 120.0.6099.225 with binary path C:\Program Files\Google\Chrome\Application\chrome.exe
Build info: version: &#039;3.141.59&#039;, revision: &#039;e82be7d358&#039;, time: &#039;2018-11-14T08:17:03&#039;
System info: host: &#039;LAPTOP-KJOQ7211&#039;, ip: &#039;192.168.29.57&#039;, os.name: &#039;Windows 10&#039;, os.arch: &#039;amd64&#039;, os.version: &#039;10.0&#039;, java.version: &#039;1.8.0_202&#039;
Driver info: driver.version: SeleniumUIDriver
remote stacktrace: Backtrace:
	GetHandleVerifier [0x0085A813+48355]
	(No symbol) [0x007EC4B1]
	(No symbol) [0x006F5358]
	(No symbol) [0x007161AC]
	(No symbol) [0x00711EF3]
	(No symbol) [0x00710579]
	(No symbol) [0x00740C55]
	(No symbol) [0x0074093C]
	(No symbol) [0x0073A536]
	(No symbol) [0x007182DC]
	(No symbol) [0x007193DD]
	GetHandleVerifier [0x00ABAABD+2539405]
	GetHandleVerifier [0x00AFA78F+2800735]
	GetHandleVerifier [0x00AF456C+2775612]
	GetHandleVerifier [0x008E51E0+616112]
	(No symbol) [0x007F5F8C]
	(No symbol) [0x007F2328]
	(No symbol) [0x007F240B]
	(No symbol) [0x007E4FF7]
	BaseThreadInitThunk [0x76837BA9+25]
	RtlInitializeExceptionChain [0x7751BD2B+107]
	RtlClearBits [0x7751BCAF+191]
">
      <![CDATA[com.cztffa.exception.FrameworkException: Failed to launch Chrome - {}session not created: This version of ChromeDriver only supports Chrome version 114
Current browser version is 120.0.6099.225 with binary path C:\Program Files\Google\Chrome\Application\chrome.exe
Build info: version: '3.141.59', revision: 'e82be7d358', time: '2018-11-14T08:17:03'
System info: host: 'LAPTOP-KJOQ7211', ip: '192.168.29.57', os.name: 'Windows 10', os.arch: 'amd64', os.version: '10.0', java.version: '1.8.0_202'
Driver info: driver.version: SeleniumUIDriver
remote stacktrace: Backtrace:
GetHandleVerifier [0x0085A813+48355]
(No symbol) [0x007EC4B1]
(No symbol) [0x006F5358]
(No symbol) [0x007161AC]
(No symbol) [0x00711EF3]
(No symbol) [0x00710579]
(No symbol) [0x00740C55]
(No symbol) [0x0074093C]
(No symbol) [0x0073A536]
(No symbol) [0x007182DC]
(No symbol) [0x007193DD]
GetHandleVerifier [0x00ABAABD+2539405]
GetHandleVerifier [0x00AFA78F+2800735]
GetHandleVerifier [0x00AF456C+2775612]
GetHandleVerifier [0x008E51E0+616112]
(No symbol) [0x007F5F8C]
(No symbol) [0x007F2328]
(No symbol) [0x007F240B]
(No symbol) [0x007E4FF7]
BaseThreadInitThunk [0x76837BA9+25]
RtlInitializeExceptionChain [0x7751BD2B+107]
RtlClearBits [0x7751BCAF+191]

at com.cztffa.application.ChromeWebApplication.launch(ChromeWebApplication.java:37)
at com.cztffa.application.ChromeWebApplication.launch(ChromeWebApplication.java:20)
at com.cztffa.driver.SeleniumUIDriver.launch(SeleniumUIDriver.java:33)
at com.cztffa.page.base.BasePage.launch(BasePage.java:62)
at com.cztffa.cucumber.parallel.ProductStepDefinition._i_am_at_the_home_page(ProductStepDefinition.java:56)
at ✽.: I am at the home page(file:///C:/Users/hp/Downloads/cztffa-Automation%20(2)/cztffa-Automation/scripts/cucumber/src/test/resources/com/cztffa/cucumber/parallel/AccountDetails.feature:115)
]]>
    </error>
  </testcase> <!-- runScenario -->
  <system-out/>
  <testcase name="runScenario" time="5.292" classname="com.cztffa.cucumber.parallel.CZTFFAFeatureRunner">
    <error type="com.cztffa.exception.FrameworkException" message="Failed to launch Chrome - {}session not created: This version of ChromeDriver only supports Chrome version 114
Current browser version is 120.0.6099.225 with binary path C:\Program Files\Google\Chrome\Application\chrome.exe
Build info: version: &#039;3.141.59&#039;, revision: &#039;e82be7d358&#039;, time: &#039;2018-11-14T08:17:03&#039;
System info: host: &#039;LAPTOP-KJOQ7211&#039;, ip: &#039;192.168.29.57&#039;, os.name: &#039;Windows 10&#039;, os.arch: &#039;amd64&#039;, os.version: &#039;10.0&#039;, java.version: &#039;1.8.0_202&#039;
Driver info: driver.version: SeleniumUIDriver
remote stacktrace: Backtrace:
	GetHandleVerifier [0x0085A813+48355]
	(No symbol) [0x007EC4B1]
	(No symbol) [0x006F5358]
	(No symbol) [0x007161AC]
	(No symbol) [0x00711EF3]
	(No symbol) [0x00710579]
	(No symbol) [0x00740C55]
	(No symbol) [0x0074093C]
	(No symbol) [0x0073A536]
	(No symbol) [0x007182DC]
	(No symbol) [0x007193DD]
	GetHandleVerifier [0x00ABAABD+2539405]
	GetHandleVerifier [0x00AFA78F+2800735]
	GetHandleVerifier [0x00AF456C+2775612]
	GetHandleVerifier [0x008E51E0+616112]
	(No symbol) [0x007F5F8C]
	(No symbol) [0x007F2328]
	(No symbol) [0x007F240B]
	(No symbol) [0x007E4FF7]
	BaseThreadInitThunk [0x76837BA9+25]
	RtlInitializeExceptionChain [0x7751BD2B+107]
	RtlClearBits [0x7751BCAF+191]
">
      <![CDATA[com.cztffa.exception.FrameworkException: Failed to launch Chrome - {}session not created: This version of ChromeDriver only supports Chrome version 114
Current browser version is 120.0.6099.225 with binary path C:\Program Files\Google\Chrome\Application\chrome.exe
Build info: version: '3.141.59', revision: 'e82be7d358', time: '2018-11-14T08:17:03'
System info: host: 'LAPTOP-KJOQ7211', ip: '192.168.29.57', os.name: 'Windows 10', os.arch: 'amd64', os.version: '10.0', java.version: '1.8.0_202'
Driver info: driver.version: SeleniumUIDriver
remote stacktrace: Backtrace:
GetHandleVerifier [0x0085A813+48355]
(No symbol) [0x007EC4B1]
(No symbol) [0x006F5358]
(No symbol) [0x007161AC]
(No symbol) [0x00711EF3]
(No symbol) [0x00710579]
(No symbol) [0x00740C55]
(No symbol) [0x0074093C]
(No symbol) [0x0073A536]
(No symbol) [0x007182DC]
(No symbol) [0x007193DD]
GetHandleVerifier [0x00ABAABD+2539405]
GetHandleVerifier [0x00AFA78F+2800735]
GetHandleVerifier [0x00AF456C+2775612]
GetHandleVerifier [0x008E51E0+616112]
(No symbol) [0x007F5F8C]
(No symbol) [0x007F2328]
(No symbol) [0x007F240B]
(No symbol) [0x007E4FF7]
BaseThreadInitThunk [0x76837BA9+25]
RtlInitializeExceptionChain [0x7751BD2B+107]
RtlClearBits [0x7751BCAF+191]

at com.cztffa.application.ChromeWebApplication.launch(ChromeWebApplication.java:37)
at com.cztffa.application.ChromeWebApplication.launch(ChromeWebApplication.java:20)
at com.cztffa.driver.SeleniumUIDriver.launch(SeleniumUIDriver.java:33)
at com.cztffa.page.base.BasePage.launch(BasePage.java:62)
at com.cztffa.cucumber.parallel.ProductStepDefinition._i_am_at_the_home_page(ProductStepDefinition.java:56)
at ✽.: I am at the home page(file:///C:/Users/hp/Downloads/cztffa-Automation%20(2)/cztffa-Automation/scripts/cucumber/src/test/resources/com/cztffa/cucumber/parallel/Personal.feature:143)
]]>
    </error>
  </testcase> <!-- runScenario -->
  <system-out/>
  <testcase name="runScenario" time="7.606" classname="com.cztffa.cucumber.parallel.CZTFFAFeatureRunner">
    <error type="com.cztffa.exception.FrameworkException" message="Failed to launch Chrome - {}session not created: This version of ChromeDriver only supports Chrome version 114
Current browser version is 120.0.6099.225 with binary path C:\Program Files\Google\Chrome\Application\chrome.exe
Build info: version: &#039;3.141.59&#039;, revision: &#039;e82be7d358&#039;, time: &#039;2018-11-14T08:17:03&#039;
System info: host: &#039;LAPTOP-KJOQ7211&#039;, ip: &#039;192.168.29.57&#039;, os.name: &#039;Windows 10&#039;, os.arch: &#039;amd64&#039;, os.version: &#039;10.0&#039;, java.version: &#039;1.8.0_202&#039;
Driver info: driver.version: SeleniumUIDriver
remote stacktrace: Backtrace:
	GetHandleVerifier [0x0085A813+48355]
	(No symbol) [0x007EC4B1]
	(No symbol) [0x006F5358]
	(No symbol) [0x007161AC]
	(No symbol) [0x00711EF3]
	(No symbol) [0x00710579]
	(No symbol) [0x00740C55]
	(No symbol) [0x0074093C]
	(No symbol) [0x0073A536]
	(No symbol) [0x007182DC]
	(No symbol) [0x007193DD]
	GetHandleVerifier [0x00ABAABD+2539405]
	GetHandleVerifier [0x00AFA78F+2800735]
	GetHandleVerifier [0x00AF456C+2775612]
	GetHandleVerifier [0x008E51E0+616112]
	(No symbol) [0x007F5F8C]
	(No symbol) [0x007F2328]
	(No symbol) [0x007F240B]
	(No symbol) [0x007E4FF7]
	BaseThreadInitThunk [0x76837BA9+25]
	RtlInitializeExceptionChain [0x7751BD2B+107]
	RtlClearBits [0x7751BCAF+191]
">
      <![CDATA[com.cztffa.exception.FrameworkException: Failed to launch Chrome - {}session not created: This version of ChromeDriver only supports Chrome version 114
Current browser version is 120.0.6099.225 with binary path C:\Program Files\Google\Chrome\Application\chrome.exe
Build info: version: '3.141.59', revision: 'e82be7d358', time: '2018-11-14T08:17:03'
System info: host: 'LAPTOP-KJOQ7211', ip: '192.168.29.57', os.name: 'Windows 10', os.arch: 'amd64', os.version: '10.0', java.version: '1.8.0_202'
Driver info: driver.version: SeleniumUIDriver
remote stacktrace: Backtrace:
GetHandleVerifier [0x0085A813+48355]
(No symbol) [0x007EC4B1]
(No symbol) [0x006F5358]
(No symbol) [0x007161AC]
(No symbol) [0x00711EF3]
(No symbol) [0x00710579]
(No symbol) [0x00740C55]
(No symbol) [0x0074093C]
(No symbol) [0x0073A536]
(No symbol) [0x007182DC]
(No symbol) [0x007193DD]
GetHandleVerifier [0x00ABAABD+2539405]
GetHandleVerifier [0x00AFA78F+2800735]
GetHandleVerifier [0x00AF456C+2775612]
GetHandleVerifier [0x008E51E0+616112]
(No symbol) [0x007F5F8C]
(No symbol) [0x007F2328]
(No symbol) [0x007F240B]
(No symbol) [0x007E4FF7]
BaseThreadInitThunk [0x76837BA9+25]
RtlInitializeExceptionChain [0x7751BD2B+107]
RtlClearBits [0x7751BCAF+191]

at com.cztffa.application.ChromeWebApplication.launch(ChromeWebApplication.java:37)
at com.cztffa.application.ChromeWebApplication.launch(ChromeWebApplication.java:20)
at com.cztffa.driver.SeleniumUIDriver.launch(SeleniumUIDriver.java:33)
at com.cztffa.page.base.BasePage.launch(BasePage.java:62)
at com.cztffa.cucumber.parallel.ProductStepDefinition._i_am_at_the_home_page(ProductStepDefinition.java:56)
at ✽.: I am at the home page(file:///C:/Users/hp/Downloads/cztffa-Automation%20(2)/cztffa-Automation/scripts/cucumber/src/test/resources/com/cztffa/cucumber/parallel/MemberDiligence.feature:5)
]]>
    </error>
  </testcase> <!-- runScenario -->
  <system-out/>
  <testcase name="runScenario" time="4.379" classname="com.cztffa.cucumber.parallel.CZTFFAFeatureRunner">
    <error type="com.cztffa.exception.FrameworkException" message="Failed to launch Chrome - {}session not created: This version of ChromeDriver only supports Chrome version 114
Current browser version is 120.0.6099.225 with binary path C:\Program Files\Google\Chrome\Application\chrome.exe
Build info: version: &#039;3.141.59&#039;, revision: &#039;e82be7d358&#039;, time: &#039;2018-11-14T08:17:03&#039;
System info: host: &#039;LAPTOP-KJOQ7211&#039;, ip: &#039;192.168.29.57&#039;, os.name: &#039;Windows 10&#039;, os.arch: &#039;amd64&#039;, os.version: &#039;10.0&#039;, java.version: &#039;1.8.0_202&#039;
Driver info: driver.version: SeleniumUIDriver
remote stacktrace: Backtrace:
	GetHandleVerifier [0x0085A813+48355]
	(No symbol) [0x007EC4B1]
	(No symbol) [0x006F5358]
	(No symbol) [0x007161AC]
	(No symbol) [0x00711EF3]
	(No symbol) [0x00710579]
	(No symbol) [0x00740C55]
	(No symbol) [0x0074093C]
	(No symbol) [0x0073A536]
	(No symbol) [0x007182DC]
	(No symbol) [0x007193DD]
	GetHandleVerifier [0x00ABAABD+2539405]
	GetHandleVerifier [0x00AFA78F+2800735]
	GetHandleVerifier [0x00AF456C+2775612]
	GetHandleVerifier [0x008E51E0+616112]
	(No symbol) [0x007F5F8C]
	(No symbol) [0x007F2328]
	(No symbol) [0x007F240B]
	(No symbol) [0x007E4FF7]
	BaseThreadInitThunk [0x76837BA9+25]
	RtlInitializeExceptionChain [0x7751BD2B+107]
	RtlClearBits [0x7751BCAF+191]
">
      <![CDATA[com.cztffa.exception.FrameworkException: Failed to launch Chrome - {}session not created: This version of ChromeDriver only supports Chrome version 114
Current browser version is 120.0.6099.225 with binary path C:\Program Files\Google\Chrome\Application\chrome.exe
Build info: version: '3.141.59', revision: 'e82be7d358', time: '2018-11-14T08:17:03'
System info: host: 'LAPTOP-KJOQ7211', ip: '192.168.29.57', os.name: 'Windows 10', os.arch: 'amd64', os.version: '10.0', java.version: '1.8.0_202'
Driver info: driver.version: SeleniumUIDriver
remote stacktrace: Backtrace:
GetHandleVerifier [0x0085A813+48355]
(No symbol) [0x007EC4B1]
(No symbol) [0x006F5358]
(No symbol) [0x007161AC]
(No symbol) [0x00711EF3]
(No symbol) [0x00710579]
(No symbol) [0x00740C55]
(No symbol) [0x0074093C]
(No symbol) [0x0073A536]
(No symbol) [0x007182DC]
(No symbol) [0x007193DD]
GetHandleVerifier [0x00ABAABD+2539405]
GetHandleVerifier [0x00AFA78F+2800735]
GetHandleVerifier [0x00AF456C+2775612]
GetHandleVerifier [0x008E51E0+616112]
(No symbol) [0x007F5F8C]
(No symbol) [0x007F2328]
(No symbol) [0x007F240B]
(No symbol) [0x007E4FF7]
BaseThreadInitThunk [0x76837BA9+25]
RtlInitializeExceptionChain [0x7751BD2B+107]
RtlClearBits [0x7751BCAF+191]

at com.cztffa.application.ChromeWebApplication.launch(ChromeWebApplication.java:37)
at com.cztffa.application.ChromeWebApplication.launch(ChromeWebApplication.java:20)
at com.cztffa.driver.SeleniumUIDriver.launch(SeleniumUIDriver.java:33)
at com.cztffa.page.base.BasePage.launch(BasePage.java:62)
at com.cztffa.cucumber.parallel.ProductStepDefinition._i_am_at_the_home_page(ProductStepDefinition.java:56)
at ✽.: I am at the home page(file:///C:/Users/hp/Downloads/cztffa-Automation%20(2)/cztffa-Automation/scripts/cucumber/src/test/resources/com/cztffa/cucumber/parallel/Personal.feature:51)
]]>
    </error>
  </testcase> <!-- runScenario -->
  <system-out/>
  <testcase name="runScenario" time="7.598" classname="com.cztffa.cucumber.parallel.CZTFFAFeatureRunner">
    <error type="com.cztffa.exception.FrameworkException" message="Failed to launch Chrome - {}session not created: This version of ChromeDriver only supports Chrome version 114
Current browser version is 120.0.6099.225 with binary path C:\Program Files\Google\Chrome\Application\chrome.exe
Build info: version: &#039;3.141.59&#039;, revision: &#039;e82be7d358&#039;, time: &#039;2018-11-14T08:17:03&#039;
System info: host: &#039;LAPTOP-KJOQ7211&#039;, ip: &#039;192.168.29.57&#039;, os.name: &#039;Windows 10&#039;, os.arch: &#039;amd64&#039;, os.version: &#039;10.0&#039;, java.version: &#039;1.8.0_202&#039;
Driver info: driver.version: SeleniumUIDriver
remote stacktrace: Backtrace:
	GetHandleVerifier [0x0085A813+48355]
	(No symbol) [0x007EC4B1]
	(No symbol) [0x006F5358]
	(No symbol) [0x007161AC]
	(No symbol) [0x00711EF3]
	(No symbol) [0x00710579]
	(No symbol) [0x00740C55]
	(No symbol) [0x0074093C]
	(No symbol) [0x0073A536]
	(No symbol) [0x007182DC]
	(No symbol) [0x007193DD]
	GetHandleVerifier [0x00ABAABD+2539405]
	GetHandleVerifier [0x00AFA78F+2800735]
	GetHandleVerifier [0x00AF456C+2775612]
	GetHandleVerifier [0x008E51E0+616112]
	(No symbol) [0x007F5F8C]
	(No symbol) [0x007F2328]
	(No symbol) [0x007F240B]
	(No symbol) [0x007E4FF7]
	BaseThreadInitThunk [0x76837BA9+25]
	RtlInitializeExceptionChain [0x7751BD2B+107]
	RtlClearBits [0x7751BCAF+191]
">
      <![CDATA[com.cztffa.exception.FrameworkException: Failed to launch Chrome - {}session not created: This version of ChromeDriver only supports Chrome version 114
Current browser version is 120.0.6099.225 with binary path C:\Program Files\Google\Chrome\Application\chrome.exe
Build info: version: '3.141.59', revision: 'e82be7d358', time: '2018-11-14T08:17:03'
System info: host: 'LAPTOP-KJOQ7211', ip: '192.168.29.57', os.name: 'Windows 10', os.arch: 'amd64', os.version: '10.0', java.version: '1.8.0_202'
Driver info: driver.version: SeleniumUIDriver
remote stacktrace: Backtrace:
GetHandleVerifier [0x0085A813+48355]
(No symbol) [0x007EC4B1]
(No symbol) [0x006F5358]
(No symbol) [0x007161AC]
(No symbol) [0x00711EF3]
(No symbol) [0x00710579]
(No symbol) [0x00740C55]
(No symbol) [0x0074093C]
(No symbol) [0x0073A536]
(No symbol) [0x007182DC]
(No symbol) [0x007193DD]
GetHandleVerifier [0x00ABAABD+2539405]
GetHandleVerifier [0x00AFA78F+2800735]
GetHandleVerifier [0x00AF456C+2775612]
GetHandleVerifier [0x008E51E0+616112]
(No symbol) [0x007F5F8C]
(No symbol) [0x007F2328]
(No symbol) [0x007F240B]
(No symbol) [0x007E4FF7]
BaseThreadInitThunk [0x76837BA9+25]
RtlInitializeExceptionChain [0x7751BD2B+107]
RtlClearBits [0x7751BCAF+191]

at com.cztffa.application.ChromeWebApplication.launch(ChromeWebApplication.java:37)
at com.cztffa.application.ChromeWebApplication.launch(ChromeWebApplication.java:20)
at com.cztffa.driver.SeleniumUIDriver.launch(SeleniumUIDriver.java:33)
at com.cztffa.page.base.BasePage.launch(BasePage.java:62)
at com.cztffa.cucumber.parallel.ProductStepDefinition._i_am_at_the_home_page(ProductStepDefinition.java:56)
at ✽.: I am at the home page(file:///C:/Users/hp/Downloads/cztffa-Automation%20(2)/cztffa-Automation/scripts/cucumber/src/test/resources/com/cztffa/cucumber/parallel/Personal.feature:189)
]]>
    </error>
  </testcase> <!-- runScenario -->
  <system-out/>
</testsuite> <!-- com.cztffa.cucumber.parallel.CZTFFAFeatureRunner -->
