<?xml version="1.0" encoding="UTF-8"?>
<!-- Generated by org.testng.reporters.JUnitReportReporter -->
<testsuite hostname="LAP00395" failures="0" tests="1" name="com.cztffa.cucumber.parallel.CZTFFAFeatureRunner" time="64.417" errors="1" timestamp="2024-02-29T10:29:24 IST" skipped="0">
  <testcase classname="com.cztffa.cucumber.parallel.CZTFFAFeatureRunner" name="runScenario" time="64.417">
    <error message="no such element: Unable to locate element: {&quot;method&quot;:&quot;xpath&quot;,&quot;selector&quot;:&quot;//div[contains(text(), &#039;Unsecured Loan&#039;)]/parent::div[@class=&#039;tf-product-card&#039;]/following-sibling::div[@class=&#039;card-footer&#039;]/descendant::button[contains(text(), &#039;Add to Cart&#039;)]&quot;}
No cause returned" type="com.cztffa.exception.UXException">
      <![CDATA[com.cztffa.exception.UXException: no such element: Unable to locate element: {"method":"xpath","selector":"//div[contains(text(), 'Unsecured Loan')]/parent::div[@class='tf-product-card']/following-sibling::div[@class='card-footer']/descendant::button[contains(text(), 'Add to Cart')]"}
No cause returned
at com.cztffa.driver.SeleniumUIDriver.createUXException(SeleniumUIDriver.java:143)
at com.cztffa.driver.SeleniumUIDriver.exceptionHandler(SeleniumUIDriver.java:93)
at com.cztffa.browseractions.BrowserActions.handleWebDriverException(BrowserActions.java:2155)
at com.cztffa.browseractions.BrowserActions.findElement(BrowserActions.java:2208)
at com.cztffa.cucumber.parallel.ProductStepDefinition.iClickOnProduct(ProductStepDefinition.java:101)
at âœ½.: I click on "unsecuredLoan" product(file:///D:/Automation/cucumber/src/test/resources/com/yfcu/cucumber/parallel/Product.feature:9)
]]>
    </error>
  </testcase> <!-- runScenario -->
  <system-out/>
</testsuite> <!-- com.cztffa.cucumber.parallel.CZTFFAFeatureRunner -->
