<?xml version="1.0" encoding="UTF-8"?>
<!-- Generated by org.testng.reporters.JUnitReportReporter -->
<testsuite hostname="MAC-MMV96NHX0X" failures="0" tests="1" name="com.cztffa.cucumber.parallel.CZTFFAFeatureRunner" time="98.611" errors="1" timestamp="2024-11-27T16:49:09 IST" skipped="0">
  <testcase classname="com.cztffa.cucumber.parallel.CZTFFAFeatureRunner" name="runScenario" time="98.611">
    <error message="Element &lt;button class=&quot;btn btn-primary d-block w-100 m-auto btn-lg mw-490 tf-step-action-next&quot; type=&quot;submit&quot;&gt; is not clickable at point (1055,740) because another element &lt;div class=&quot;tf-spinner-overlay&quot;&gt; obscures it
No cause returned" type="com.cztffa.exception.UXException">
      <![CDATA[com.cztffa.exception.UXException: Element <button class="btn btn-primary d-block w-100 m-auto btn-lg mw-490 tf-step-action-next" type="submit"> is not clickable at point (1055,740) because another element <div class="tf-spinner-overlay"> obscures it
No cause returned
at com.cztffa.driver.SeleniumUIDriver.createUXException(SeleniumUIDriver.java:143)
at com.cztffa.driver.SeleniumUIDriver.exceptionHandler(SeleniumUIDriver.java:93)
at com.cztffa.browseractions.BrowserActions.handleWebDriverException(BrowserActions.java:2155)
at com.cztffa.browseractions.BrowserActions.clickButton(BrowserActions.java:128)
at com.cztffa.cucumber.parallel.ProductStepDefinition.startApplication(ProductStepDefinition.java:206)
at âœ½.: click on start Application(file:///Users/ar185458/Downloads/cucumber/src/test/resources/com/cztffa/cucumber/consumer_digital_parallel/Review.feature:12)
]]>
    </error>
  </testcase> <!-- runScenario -->
  <system-out/>
</testsuite> <!-- com.cztffa.cucumber.parallel.CZTFFAFeatureRunner -->
